
9-linux-demo.elf:     file format elf32-littlearm


Disassembly of section .text:

d0030010 <_start>:
d0030010:	e59fd02c 	ldr	sp, [pc, #44]	; d0030044 <move_loop+0x20>

d0030014 <sdram_init>:
d0030014:	eb00000e 	bl	d0030054 <mem_ctrl_asm_init>
d0030018:	e59f0028 	ldr	r0, [pc, #40]	; d0030048 <move_loop+0x24>
d003001c:	e59f1028 	ldr	r1, [pc, #40]	; d003004c <move_loop+0x28>
d0030020:	e3a02a02 	mov	r2, #8192	; 0x2000

d0030024 <move_loop>:
d0030024:	e5903000 	ldr	r3, [r0]
d0030028:	e5813000 	str	r3, [r1]
d003002c:	e2800004 	add	r0, r0, #4
d0030030:	e2811004 	add	r1, r1, #4
d0030034:	e2422004 	sub	r2, r2, #4
d0030038:	e3520000 	cmp	r2, #0
d003003c:	1afffff8 	bne	d0030024 <move_loop>
d0030040:	e59ff008 	ldr	pc, [pc, #8]	; d0030050 <move_loop+0x2c>
d0030044:	d0028000 	.word	0xd0028000
d0030048:	d0020000 	.word	0xd0020000
d003004c:	d0030000 	.word	0xd0030000
d0030050:	d0030f7c 	.word	0xd0030f7c

d0030054 <mem_ctrl_asm_init>:
d0030054:	e59f0388 	ldr	r0, [pc, #904]	; d00303e4 <find_lock_val1+0x150>
d0030058:	e3a01000 	mov	r1, #0
d003005c:	e5801000 	str	r1, [r0]
d0030060:	e3a01000 	mov	r1, #0
d0030064:	e580100c 	str	r1, [r0, #12]
d0030068:	e59f0378 	ldr	r0, [pc, #888]	; d00303e8 <find_lock_val1+0x154>
d003006c:	e59f1378 	ldr	r1, [pc, #888]	; d00303ec <find_lock_val1+0x158>
d0030070:	e58013cc 	str	r1, [r0, #972]	; 0x3cc
d0030074:	e58013cc 	str	r1, [r0, #972]	; 0x3cc
d0030078:	e59f136c 	ldr	r1, [pc, #876]	; d00303ec <find_lock_val1+0x158>
d003007c:	e58013ec 	str	r1, [r0, #1004]	; 0x3ec
d0030080:	e59f1364 	ldr	r1, [pc, #868]	; d00303ec <find_lock_val1+0x158>
d0030084:	e580140c 	str	r1, [r0, #1036]	; 0x40c
d0030088:	e59f135c 	ldr	r1, [pc, #860]	; d00303ec <find_lock_val1+0x158>
d003008c:	e580142c 	str	r1, [r0, #1068]	; 0x42c
d0030090:	e59f1354 	ldr	r1, [pc, #852]	; d00303ec <find_lock_val1+0x158>
d0030094:	e580144c 	str	r1, [r0, #1100]	; 0x44c
d0030098:	e59f134c 	ldr	r1, [pc, #844]	; d00303ec <find_lock_val1+0x158>
d003009c:	e580146c 	str	r1, [r0, #1132]	; 0x46c
d00300a0:	e59f1344 	ldr	r1, [pc, #836]	; d00303ec <find_lock_val1+0x158>
d00300a4:	e580148c 	str	r1, [r0, #1164]	; 0x48c
d00300a8:	e59f133c 	ldr	r1, [pc, #828]	; d00303ec <find_lock_val1+0x158>
d00300ac:	e58014ac 	str	r1, [r0, #1196]	; 0x4ac
d00300b0:	e59f1338 	ldr	r1, [pc, #824]	; d00303f0 <find_lock_val1+0x15c>
d00300b4:	e58014cc 	str	r1, [r0, #1228]	; 0x4cc
d00300b8:	e59f0328 	ldr	r0, [pc, #808]	; d00303e8 <find_lock_val1+0x154>
d00300bc:	e59f1328 	ldr	r1, [pc, #808]	; d00303ec <find_lock_val1+0x158>
d00300c0:	e58014ec 	str	r1, [r0, #1260]	; 0x4ec
d00300c4:	e59f1320 	ldr	r1, [pc, #800]	; d00303ec <find_lock_val1+0x158>
d00300c8:	e580150c 	str	r1, [r0, #1292]	; 0x50c
d00300cc:	e59f1318 	ldr	r1, [pc, #792]	; d00303ec <find_lock_val1+0x158>
d00300d0:	e580152c 	str	r1, [r0, #1324]	; 0x52c
d00300d4:	e59f1310 	ldr	r1, [pc, #784]	; d00303ec <find_lock_val1+0x158>
d00300d8:	e580154c 	str	r1, [r0, #1356]	; 0x54c
d00300dc:	e59f1308 	ldr	r1, [pc, #776]	; d00303ec <find_lock_val1+0x158>
d00300e0:	e580156c 	str	r1, [r0, #1388]	; 0x56c
d00300e4:	e59f1300 	ldr	r1, [pc, #768]	; d00303ec <find_lock_val1+0x158>
d00300e8:	e580158c 	str	r1, [r0, #1420]	; 0x58c
d00300ec:	e59f12f8 	ldr	r1, [pc, #760]	; d00303ec <find_lock_val1+0x158>
d00300f0:	e58015ac 	str	r1, [r0, #1452]	; 0x5ac
d00300f4:	e59f12f0 	ldr	r1, [pc, #752]	; d00303ec <find_lock_val1+0x158>
d00300f8:	e58015cc 	str	r1, [r0, #1484]	; 0x5cc
d00300fc:	e59f12ec 	ldr	r1, [pc, #748]	; d00303f0 <find_lock_val1+0x15c>
d0030100:	e58015ec 	str	r1, [r0, #1516]	; 0x5ec
d0030104:	e3a0020f 	mov	r0, #-268435456	; 0xf0000000
d0030108:	e59f12e4 	ldr	r1, [pc, #740]	; d00303f4 <find_lock_val1+0x160>
d003010c:	e5801018 	str	r1, [r0, #24]
d0030110:	e3a01086 	mov	r1, #134	; 0x86
d0030114:	e580101c 	str	r1, [r0, #28]
d0030118:	e59f12d8 	ldr	r1, [pc, #728]	; d00303f8 <find_lock_val1+0x164>
d003011c:	e5801018 	str	r1, [r0, #24]
d0030120:	e59f12d4 	ldr	r1, [pc, #724]	; d00303fc <find_lock_val1+0x168>
d0030124:	e5801018 	str	r1, [r0, #24]

d0030128 <find_lock_val>:
d0030128:	e5901040 	ldr	r1, [r0, #64]	; 0x40
d003012c:	e2012007 	and	r2, r1, #7
d0030130:	e3520007 	cmp	r2, #7
d0030134:	1afffffb 	bne	d0030128 <find_lock_val>
d0030138:	e2011dff 	and	r1, r1, #16320	; 0x3fc0
d003013c:	e1a02901 	lsl	r2, r1, #18
d0030140:	e3822601 	orr	r2, r2, #1048576	; 0x100000
d0030144:	e3822a01 	orr	r2, r2, #4096	; 0x1000
d0030148:	e3821003 	orr	r1, r2, #3
d003014c:	e5801018 	str	r1, [r0, #24]
d0030150:	e59f12a8 	ldr	r1, [pc, #680]	; d0030400 <find_lock_val1+0x16c>
d0030154:	e5801000 	str	r1, [r0]
d0030158:	e59f12a4 	ldr	r1, [pc, #676]	; d0030404 <find_lock_val1+0x170>
d003015c:	e5801004 	str	r1, [r0, #4]
d0030160:	e59f12a0 	ldr	r1, [pc, #672]	; d0030408 <find_lock_val1+0x174>
d0030164:	e5801008 	str	r1, [r0, #8]
d0030168:	e59f129c 	ldr	r1, [pc, #668]	; d003040c <find_lock_val1+0x178>
d003016c:	e580100c 	str	r1, [r0, #12]
d0030170:	e3a014ff 	mov	r1, #-16777216	; 0xff000000
d0030174:	e5801014 	str	r1, [r0, #20]
d0030178:	e59f1290 	ldr	r1, [pc, #656]	; d0030410 <find_lock_val1+0x17c>
d003017c:	e5801030 	str	r1, [r0, #48]	; 0x30
d0030180:	e59f128c 	ldr	r1, [pc, #652]	; d0030414 <find_lock_val1+0x180>
d0030184:	e5801034 	str	r1, [r0, #52]	; 0x34
d0030188:	e59f1288 	ldr	r1, [pc, #648]	; d0030418 <find_lock_val1+0x184>
d003018c:	e5801038 	str	r1, [r0, #56]	; 0x38
d0030190:	e59f1284 	ldr	r1, [pc, #644]	; d003041c <find_lock_val1+0x188>
d0030194:	e580103c 	str	r1, [r0, #60]	; 0x3c
d0030198:	e3a01407 	mov	r1, #117440512	; 0x7000000
d003019c:	e5801010 	str	r1, [r0, #16]
d00301a0:	e3a01401 	mov	r1, #16777216	; 0x1000000
d00301a4:	e5801010 	str	r1, [r0, #16]
d00301a8:	e3a01802 	mov	r1, #131072	; 0x20000
d00301ac:	e5801010 	str	r1, [r0, #16]
d00301b0:	e3a01803 	mov	r1, #196608	; 0x30000
d00301b4:	e5801010 	str	r1, [r0, #16]
d00301b8:	e3a01b41 	mov	r1, #66560	; 0x10400
d00301bc:	e5801010 	str	r1, [r0, #16]
d00301c0:	e59f1258 	ldr	r1, [pc, #600]	; d0030420 <find_lock_val1+0x18c>
d00301c4:	e5801010 	str	r1, [r0, #16]
d00301c8:	e3a01401 	mov	r1, #16777216	; 0x1000000
d00301cc:	e5801010 	str	r1, [r0, #16]
d00301d0:	e3a01405 	mov	r1, #83886080	; 0x5000000
d00301d4:	e5801010 	str	r1, [r0, #16]
d00301d8:	e3a01405 	mov	r1, #83886080	; 0x5000000
d00301dc:	e5801010 	str	r1, [r0, #16]
d00301e0:	e59f123c 	ldr	r1, [pc, #572]	; d0030424 <find_lock_val1+0x190>
d00301e4:	e5801010 	str	r1, [r0, #16]
d00301e8:	e59f1238 	ldr	r1, [pc, #568]	; d0030428 <find_lock_val1+0x194>
d00301ec:	e5801010 	str	r1, [r0, #16]
d00301f0:	e3a01b41 	mov	r1, #66560	; 0x10400
d00301f4:	e5801010 	str	r1, [r0, #16]
d00301f8:	e3a01671 	mov	r1, #118489088	; 0x7100000
d00301fc:	e5801010 	str	r1, [r0, #16]
d0030200:	e3a01611 	mov	r1, #17825792	; 0x1100000
d0030204:	e5801010 	str	r1, [r0, #16]
d0030208:	e3a01812 	mov	r1, #1179648	; 0x120000
d003020c:	e5801010 	str	r1, [r0, #16]
d0030210:	e3a01813 	mov	r1, #1245184	; 0x130000
d0030214:	e5801010 	str	r1, [r0, #16]
d0030218:	e59f120c 	ldr	r1, [pc, #524]	; d003042c <find_lock_val1+0x198>
d003021c:	e5801010 	str	r1, [r0, #16]
d0030220:	e59f1208 	ldr	r1, [pc, #520]	; d0030430 <find_lock_val1+0x19c>
d0030224:	e5801010 	str	r1, [r0, #16]
d0030228:	e3a01611 	mov	r1, #17825792	; 0x1100000
d003022c:	e5801010 	str	r1, [r0, #16]
d0030230:	e3a01651 	mov	r1, #84934656	; 0x5100000
d0030234:	e5801010 	str	r1, [r0, #16]
d0030238:	e3a01651 	mov	r1, #84934656	; 0x5100000
d003023c:	e5801010 	str	r1, [r0, #16]
d0030240:	e59f11ec 	ldr	r1, [pc, #492]	; d0030434 <find_lock_val1+0x1a0>
d0030244:	e5801010 	str	r1, [r0, #16]
d0030248:	e59f11e8 	ldr	r1, [pc, #488]	; d0030438 <find_lock_val1+0x1a4>
d003024c:	e5801010 	str	r1, [r0, #16]
d0030250:	e59f11d4 	ldr	r1, [pc, #468]	; d003042c <find_lock_val1+0x198>
d0030254:	e5801010 	str	r1, [r0, #16]
d0030258:	e59f11dc 	ldr	r1, [pc, #476]	; d003043c <find_lock_val1+0x1a8>
d003025c:	e5801000 	str	r1, [r0]
d0030260:	e3e01cff 	mvn	r1, #65280	; 0xff00
d0030264:	e5801028 	str	r1, [r0, #40]	; 0x28
d0030268:	e59f1194 	ldr	r1, [pc, #404]	; d0030404 <find_lock_val1+0x170>
d003026c:	e5801004 	str	r1, [r0, #4]
d0030270:	e59f01c8 	ldr	r0, [pc, #456]	; d0030440 <find_lock_val1+0x1ac>
d0030274:	e59f1178 	ldr	r1, [pc, #376]	; d00303f4 <find_lock_val1+0x160>
d0030278:	e5801018 	str	r1, [r0, #24]
d003027c:	e3a01086 	mov	r1, #134	; 0x86
d0030280:	e580101c 	str	r1, [r0, #28]
d0030284:	e59f116c 	ldr	r1, [pc, #364]	; d00303f8 <find_lock_val1+0x164>
d0030288:	e5801018 	str	r1, [r0, #24]
d003028c:	e59f1168 	ldr	r1, [pc, #360]	; d00303fc <find_lock_val1+0x168>
d0030290:	e5801018 	str	r1, [r0, #24]

d0030294 <find_lock_val1>:
d0030294:	e5901040 	ldr	r1, [r0, #64]	; 0x40
d0030298:	e2012007 	and	r2, r1, #7
d003029c:	e3520007 	cmp	r2, #7
d00302a0:	1afffffb 	bne	d0030294 <find_lock_val1>
d00302a4:	e2011dff 	and	r1, r1, #16320	; 0x3fc0
d00302a8:	e1a02901 	lsl	r2, r1, #18
d00302ac:	e3822601 	orr	r2, r2, #1048576	; 0x100000
d00302b0:	e3822a01 	orr	r2, r2, #4096	; 0x1000
d00302b4:	e3821003 	orr	r1, r2, #3
d00302b8:	e5801018 	str	r1, [r0, #24]
d00302bc:	e59f017c 	ldr	r0, [pc, #380]	; d0030440 <find_lock_val1+0x1ac>
d00302c0:	e59f1138 	ldr	r1, [pc, #312]	; d0030400 <find_lock_val1+0x16c>
d00302c4:	e5801000 	str	r1, [r0]
d00302c8:	e59f1134 	ldr	r1, [pc, #308]	; d0030404 <find_lock_val1+0x170>
d00302cc:	e5801004 	str	r1, [r0, #4]
d00302d0:	e59f116c 	ldr	r1, [pc, #364]	; d0030444 <find_lock_val1+0x1b0>
d00302d4:	e5801008 	str	r1, [r0, #8]
d00302d8:	e59f1168 	ldr	r1, [pc, #360]	; d0030448 <find_lock_val1+0x1b4>
d00302dc:	e580100c 	str	r1, [r0, #12]
d00302e0:	e3a014ff 	mov	r1, #-16777216	; 0xff000000
d00302e4:	e5801014 	str	r1, [r0, #20]
d00302e8:	e59f1120 	ldr	r1, [pc, #288]	; d0030410 <find_lock_val1+0x17c>
d00302ec:	e5801030 	str	r1, [r0, #48]	; 0x30
d00302f0:	e59f111c 	ldr	r1, [pc, #284]	; d0030414 <find_lock_val1+0x180>
d00302f4:	e5801034 	str	r1, [r0, #52]	; 0x34
d00302f8:	e59f1118 	ldr	r1, [pc, #280]	; d0030418 <find_lock_val1+0x184>
d00302fc:	e5801038 	str	r1, [r0, #56]	; 0x38
d0030300:	e59f1114 	ldr	r1, [pc, #276]	; d003041c <find_lock_val1+0x188>
d0030304:	e580103c 	str	r1, [r0, #60]	; 0x3c
d0030308:	e3a01407 	mov	r1, #117440512	; 0x7000000
d003030c:	e5801010 	str	r1, [r0, #16]
d0030310:	e3a01401 	mov	r1, #16777216	; 0x1000000
d0030314:	e5801010 	str	r1, [r0, #16]
d0030318:	e3a01802 	mov	r1, #131072	; 0x20000
d003031c:	e5801010 	str	r1, [r0, #16]
d0030320:	e3a01803 	mov	r1, #196608	; 0x30000
d0030324:	e5801010 	str	r1, [r0, #16]
d0030328:	e3a01b41 	mov	r1, #66560	; 0x10400
d003032c:	e5801010 	str	r1, [r0, #16]
d0030330:	e59f10e8 	ldr	r1, [pc, #232]	; d0030420 <find_lock_val1+0x18c>
d0030334:	e5801010 	str	r1, [r0, #16]
d0030338:	e3a01401 	mov	r1, #16777216	; 0x1000000
d003033c:	e5801010 	str	r1, [r0, #16]
d0030340:	e3a01405 	mov	r1, #83886080	; 0x5000000
d0030344:	e5801010 	str	r1, [r0, #16]
d0030348:	e3a01405 	mov	r1, #83886080	; 0x5000000
d003034c:	e5801010 	str	r1, [r0, #16]
d0030350:	e59f10cc 	ldr	r1, [pc, #204]	; d0030424 <find_lock_val1+0x190>
d0030354:	e5801010 	str	r1, [r0, #16]
d0030358:	e59f10c8 	ldr	r1, [pc, #200]	; d0030428 <find_lock_val1+0x194>
d003035c:	e5801010 	str	r1, [r0, #16]
d0030360:	e3a01b41 	mov	r1, #66560	; 0x10400
d0030364:	e5801010 	str	r1, [r0, #16]
d0030368:	e3a01671 	mov	r1, #118489088	; 0x7100000
d003036c:	e5801010 	str	r1, [r0, #16]
d0030370:	e3a01611 	mov	r1, #17825792	; 0x1100000
d0030374:	e5801010 	str	r1, [r0, #16]
d0030378:	e3a01812 	mov	r1, #1179648	; 0x120000
d003037c:	e5801010 	str	r1, [r0, #16]
d0030380:	e3a01813 	mov	r1, #1245184	; 0x130000
d0030384:	e5801010 	str	r1, [r0, #16]
d0030388:	e59f10bc 	ldr	r1, [pc, #188]	; d003044c <find_lock_val1+0x1b8>
d003038c:	e5801010 	str	r1, [r0, #16]
d0030390:	e59f1098 	ldr	r1, [pc, #152]	; d0030430 <find_lock_val1+0x19c>
d0030394:	e5801010 	str	r1, [r0, #16]
d0030398:	e3a01611 	mov	r1, #17825792	; 0x1100000
d003039c:	e5801010 	str	r1, [r0, #16]
d00303a0:	e3a01651 	mov	r1, #84934656	; 0x5100000
d00303a4:	e5801010 	str	r1, [r0, #16]
d00303a8:	e3a01651 	mov	r1, #84934656	; 0x5100000
d00303ac:	e5801010 	str	r1, [r0, #16]
d00303b0:	e59f107c 	ldr	r1, [pc, #124]	; d0030434 <find_lock_val1+0x1a0>
d00303b4:	e5801010 	str	r1, [r0, #16]
d00303b8:	e59f1078 	ldr	r1, [pc, #120]	; d0030438 <find_lock_val1+0x1a4>
d00303bc:	e5801010 	str	r1, [r0, #16]
d00303c0:	e59f1064 	ldr	r1, [pc, #100]	; d003042c <find_lock_val1+0x198>
d00303c4:	e5801010 	str	r1, [r0, #16]
d00303c8:	e59f106c 	ldr	r1, [pc, #108]	; d003043c <find_lock_val1+0x1a8>
d00303cc:	e5801000 	str	r1, [r0]
d00303d0:	e3e01cff 	mvn	r1, #65280	; 0xff00
d00303d4:	e5801028 	str	r1, [r0, #40]	; 0x28
d00303d8:	e59f1024 	ldr	r1, [pc, #36]	; d0030404 <find_lock_val1+0x170>
d00303dc:	e5801004 	str	r1, [r0, #4]
d00303e0:	e1a0f00e 	mov	pc, lr
d00303e4:	f1e00000 	.word	0xf1e00000
d00303e8:	e0200000 	.word	0xe0200000
d00303ec:	0000aaaa 	.word	0x0000aaaa
d00303f0:	00002aaa 	.word	0x00002aaa
d00303f4:	00101000 	.word	0x00101000
d00303f8:	00101002 	.word	0x00101002
d00303fc:	00101003 	.word	0x00101003
d0030400:	0fff2010 	.word	0x0fff2010
d0030404:	00202400 	.word	0x00202400
d0030408:	20e00323 	.word	0x20e00323
d003040c:	00e00323 	.word	0x00e00323
d0030410:	00000618 	.word	0x00000618
d0030414:	2b34438a 	.word	0x2b34438a
d0030418:	24240000 	.word	0x24240000
d003041c:	0bdc0343 	.word	0x0bdc0343
d0030420:	00000542 	.word	0x00000542
d0030424:	00000442 	.word	0x00000442
d0030428:	00010780 	.word	0x00010780
d003042c:	00110400 	.word	0x00110400
d0030430:	00100542 	.word	0x00100542
d0030434:	00100442 	.word	0x00100442
d0030438:	00110780 	.word	0x00110780
d003043c:	0ff02030 	.word	0x0ff02030
d0030440:	f1400000 	.word	0xf1400000
d0030444:	40f00313 	.word	0x40f00313
d0030448:	00f00313 	.word	0x00f00313
d003044c:	00110440 	.word	0x00110440

d0030450 <help>:
d0030450:	e92d4800 	push	{fp, lr}
d0030454:	e28db004 	add	fp, sp, #4
d0030458:	e24dd008 	sub	sp, sp, #8
d003045c:	e50b0008 	str	r0, [fp, #-8]
d0030460:	e50b100c 	str	r1, [fp, #-12]
d0030464:	e59f0048 	ldr	r0, [pc, #72]	; d00304b4 <help+0x64>
d0030468:	eb00053f 	bl	d003196c <puts>
d003046c:	e59f0044 	ldr	r0, [pc, #68]	; d00304b8 <help+0x68>
d0030470:	eb00053d 	bl	d003196c <puts>
d0030474:	e59f0040 	ldr	r0, [pc, #64]	; d00304bc <help+0x6c>
d0030478:	eb00053b 	bl	d003196c <puts>
d003047c:	e59f003c 	ldr	r0, [pc, #60]	; d00304c0 <help+0x70>
d0030480:	eb000539 	bl	d003196c <puts>
d0030484:	e59f0038 	ldr	r0, [pc, #56]	; d00304c4 <help+0x74>
d0030488:	eb000537 	bl	d003196c <puts>
d003048c:	e59f0034 	ldr	r0, [pc, #52]	; d00304c8 <help+0x78>
d0030490:	eb000535 	bl	d003196c <puts>
d0030494:	e59f0030 	ldr	r0, [pc, #48]	; d00304cc <help+0x7c>
d0030498:	eb000533 	bl	d003196c <puts>
d003049c:	e59f002c 	ldr	r0, [pc, #44]	; d00304d0 <help+0x80>
d00304a0:	eb000531 	bl	d003196c <puts>
d00304a4:	e3a03000 	mov	r3, #0
d00304a8:	e1a00003 	mov	r0, r3
d00304ac:	e24bd004 	sub	sp, fp, #4
d00304b0:	e8bd8800 	pop	{fp, pc}
d00304b4:	d0031d00 	.word	0xd0031d00
d00304b8:	d0031d0c 	.word	0xd0031d0c
d00304bc:	d0031d20 	.word	0xd0031d20
d00304c0:	d0031d34 	.word	0xd0031d34
d00304c4:	d0031d58 	.word	0xd0031d58
d00304c8:	d0031d6c 	.word	0xd0031d6c
d00304cc:	d0031d90 	.word	0xd0031d90
d00304d0:	d0031da8 	.word	0xd0031da8

d00304d4 <md>:
d00304d4:	e92d4800 	push	{fp, lr}
d00304d8:	e28db004 	add	fp, sp, #4
d00304dc:	e24dd018 	sub	sp, sp, #24
d00304e0:	e50b0018 	str	r0, [fp, #-24]
d00304e4:	e50b101c 	str	r1, [fp, #-28]
d00304e8:	e3a03000 	mov	r3, #0
d00304ec:	e50b3008 	str	r3, [fp, #-8]
d00304f0:	e51b3018 	ldr	r3, [fp, #-24]
d00304f4:	e3530001 	cmp	r3, #1
d00304f8:	da000006 	ble	d0030518 <md+0x44>
d00304fc:	e51b301c 	ldr	r3, [fp, #-28]
d0030500:	e2833004 	add	r3, r3, #4
d0030504:	e5933000 	ldr	r3, [r3]
d0030508:	e1a00003 	mov	r0, r3
d003050c:	eb00022f 	bl	d0030dd0 <atoi>
d0030510:	e1a03000 	mov	r3, r0
d0030514:	e50b3008 	str	r3, [fp, #-8]
d0030518:	e3a03000 	mov	r3, #0
d003051c:	e50b3010 	str	r3, [fp, #-16]
d0030520:	ea000019 	b	d003058c <md+0xb8>
d0030524:	e51b3008 	ldr	r3, [fp, #-8]
d0030528:	e59f0078 	ldr	r0, [pc, #120]	; d00305a8 <md+0xd4>
d003052c:	e1a01003 	mov	r1, r3
d0030530:	eb000445 	bl	d003164c <printf>
d0030534:	e3a03000 	mov	r3, #0
d0030538:	e50b300c 	str	r3, [fp, #-12]
d003053c:	ea00000a 	b	d003056c <md+0x98>
d0030540:	e51b3008 	ldr	r3, [fp, #-8]
d0030544:	e5933000 	ldr	r3, [r3]
d0030548:	e51b2008 	ldr	r2, [fp, #-8]
d003054c:	e2822004 	add	r2, r2, #4
d0030550:	e50b2008 	str	r2, [fp, #-8]
d0030554:	e59f0050 	ldr	r0, [pc, #80]	; d00305ac <md+0xd8>
d0030558:	e1a01003 	mov	r1, r3
d003055c:	eb00043a 	bl	d003164c <printf>
d0030560:	e51b300c 	ldr	r3, [fp, #-12]
d0030564:	e2833001 	add	r3, r3, #1
d0030568:	e50b300c 	str	r3, [fp, #-12]
d003056c:	e51b300c 	ldr	r3, [fp, #-12]
d0030570:	e3530003 	cmp	r3, #3
d0030574:	dafffff1 	ble	d0030540 <md+0x6c>
d0030578:	e3a0000a 	mov	r0, #10
d003057c:	eb0004d3 	bl	d00318d0 <putchar>
d0030580:	e51b3010 	ldr	r3, [fp, #-16]
d0030584:	e2833001 	add	r3, r3, #1
d0030588:	e50b3010 	str	r3, [fp, #-16]
d003058c:	e51b3010 	ldr	r3, [fp, #-16]
d0030590:	e353000f 	cmp	r3, #15
d0030594:	daffffe2 	ble	d0030524 <md+0x50>
d0030598:	e3a03000 	mov	r3, #0
d003059c:	e1a00003 	mov	r0, r3
d00305a0:	e24bd004 	sub	sp, fp, #4
d00305a4:	e8bd8800 	pop	{fp, pc}
d00305a8:	d0031dc4 	.word	0xd0031dc4
d00305ac:	d0031dcc 	.word	0xd0031dcc

d00305b0 <mw>:
d00305b0:	e92d4800 	push	{fp, lr}
d00305b4:	e28db004 	add	fp, sp, #4
d00305b8:	e24dd010 	sub	sp, sp, #16
d00305bc:	e50b0010 	str	r0, [fp, #-16]
d00305c0:	e50b1014 	str	r1, [fp, #-20]
d00305c4:	e3a03000 	mov	r3, #0
d00305c8:	e50b3008 	str	r3, [fp, #-8]
d00305cc:	e3a03000 	mov	r3, #0
d00305d0:	e50b300c 	str	r3, [fp, #-12]
d00305d4:	e51b3010 	ldr	r3, [fp, #-16]
d00305d8:	e3530001 	cmp	r3, #1
d00305dc:	da000006 	ble	d00305fc <mw+0x4c>
d00305e0:	e51b3014 	ldr	r3, [fp, #-20]
d00305e4:	e2833004 	add	r3, r3, #4
d00305e8:	e5933000 	ldr	r3, [r3]
d00305ec:	e1a00003 	mov	r0, r3
d00305f0:	eb0001f6 	bl	d0030dd0 <atoi>
d00305f4:	e1a03000 	mov	r3, r0
d00305f8:	e50b3008 	str	r3, [fp, #-8]
d00305fc:	e51b3010 	ldr	r3, [fp, #-16]
d0030600:	e3530002 	cmp	r3, #2
d0030604:	da000005 	ble	d0030620 <mw+0x70>
d0030608:	e51b3014 	ldr	r3, [fp, #-20]
d003060c:	e2833008 	add	r3, r3, #8
d0030610:	e5933000 	ldr	r3, [r3]
d0030614:	e1a00003 	mov	r0, r3
d0030618:	eb0001ec 	bl	d0030dd0 <atoi>
d003061c:	e50b000c 	str	r0, [fp, #-12]
d0030620:	e51b3008 	ldr	r3, [fp, #-8]
d0030624:	e51b200c 	ldr	r2, [fp, #-12]
d0030628:	e5832000 	str	r2, [r3]
d003062c:	e3a03000 	mov	r3, #0
d0030630:	e1a00003 	mov	r0, r3
d0030634:	e24bd004 	sub	sp, fp, #4
d0030638:	e8bd8800 	pop	{fp, pc}

d003063c <loadb>:
d003063c:	e92d4800 	push	{fp, lr}
d0030640:	e28db004 	add	fp, sp, #4
d0030644:	e24dd018 	sub	sp, sp, #24
d0030648:	e50b0018 	str	r0, [fp, #-24]
d003064c:	e50b101c 	str	r1, [fp, #-28]
d0030650:	e3a03000 	mov	r3, #0
d0030654:	e50b3008 	str	r3, [fp, #-8]
d0030658:	e3a03000 	mov	r3, #0
d003065c:	e50b300c 	str	r3, [fp, #-12]
d0030660:	e59f3090 	ldr	r3, [pc, #144]	; d00306f8 <loadb+0xbc>
d0030664:	e50b3010 	str	r3, [fp, #-16]
d0030668:	e59f008c 	ldr	r0, [pc, #140]	; d00306fc <loadb+0xc0>
d003066c:	e59f1084 	ldr	r1, [pc, #132]	; d00306f8 <loadb+0xbc>
d0030670:	eb0003f5 	bl	d003164c <printf>
d0030674:	e51b3018 	ldr	r3, [fp, #-24]
d0030678:	e3530001 	cmp	r3, #1
d003067c:	da000005 	ble	d0030698 <loadb+0x5c>
d0030680:	e51b301c 	ldr	r3, [fp, #-28]
d0030684:	e2833004 	add	r3, r3, #4
d0030688:	e5933000 	ldr	r3, [r3]
d003068c:	e1a00003 	mov	r0, r3
d0030690:	eb0001ce 	bl	d0030dd0 <atoi>
d0030694:	e50b000c 	str	r0, [fp, #-12]
d0030698:	e3a03000 	mov	r3, #0
d003069c:	e50b3008 	str	r3, [fp, #-8]
d00306a0:	ea00000a 	b	d00306d0 <loadb+0x94>
d00306a4:	eb0004a1 	bl	d0031930 <getchar>
d00306a8:	e1a03000 	mov	r3, r0
d00306ac:	e6ef2073 	uxtb	r2, r3
d00306b0:	e51b3010 	ldr	r3, [fp, #-16]
d00306b4:	e5c32000 	strb	r2, [r3]
d00306b8:	e51b3010 	ldr	r3, [fp, #-16]
d00306bc:	e2833001 	add	r3, r3, #1
d00306c0:	e50b3010 	str	r3, [fp, #-16]
d00306c4:	e51b3008 	ldr	r3, [fp, #-8]
d00306c8:	e2833001 	add	r3, r3, #1
d00306cc:	e50b3008 	str	r3, [fp, #-8]
d00306d0:	e51b2008 	ldr	r2, [fp, #-8]
d00306d4:	e51b300c 	ldr	r3, [fp, #-12]
d00306d8:	e1520003 	cmp	r2, r3
d00306dc:	bafffff0 	blt	d00306a4 <loadb+0x68>
d00306e0:	e59f0018 	ldr	r0, [pc, #24]	; d0030700 <loadb+0xc4>
d00306e4:	eb0004a0 	bl	d003196c <puts>
d00306e8:	e3a03000 	mov	r3, #0
d00306ec:	e1a00003 	mov	r0, r3
d00306f0:	e24bd004 	sub	sp, fp, #4
d00306f4:	e8bd8800 	pop	{fp, pc}
d00306f8:	d0022000 	.word	0xd0022000
d00306fc:	d0031dd0 	.word	0xd0031dd0
d0030700:	d0031df0 	.word	0xd0031df0

d0030704 <loadx>:
d0030704:	e92d4800 	push	{fp, lr}
d0030708:	e28db004 	add	fp, sp, #4
d003070c:	e24dd010 	sub	sp, sp, #16
d0030710:	e50b0010 	str	r0, [fp, #-16]
d0030714:	e50b1014 	str	r1, [fp, #-20]
d0030718:	e59f3058 	ldr	r3, [pc, #88]	; d0030778 <loadx+0x74>
d003071c:	e50b3008 	str	r3, [fp, #-8]
d0030720:	e51b3010 	ldr	r3, [fp, #-16]
d0030724:	e3530001 	cmp	r3, #1
d0030728:	da000006 	ble	d0030748 <loadx+0x44>
d003072c:	e51b3014 	ldr	r3, [fp, #-20]
d0030730:	e2833004 	add	r3, r3, #4
d0030734:	e5933000 	ldr	r3, [r3]
d0030738:	e1a00003 	mov	r0, r3
d003073c:	eb0001a3 	bl	d0030dd0 <atoi>
d0030740:	e1a03000 	mov	r3, r0
d0030744:	e50b3008 	str	r3, [fp, #-8]
d0030748:	e51b3008 	ldr	r3, [fp, #-8]
d003074c:	e59f0028 	ldr	r0, [pc, #40]	; d003077c <loadx+0x78>
d0030750:	e1a01003 	mov	r1, r3
d0030754:	eb0003bc 	bl	d003164c <printf>
d0030758:	e51b0008 	ldr	r0, [fp, #-8]
d003075c:	eb000535 	bl	d0031c38 <xmodem_recv>
d0030760:	e59f0018 	ldr	r0, [pc, #24]	; d0030780 <loadx+0x7c>
d0030764:	eb000480 	bl	d003196c <puts>
d0030768:	e3a03000 	mov	r3, #0
d003076c:	e1a00003 	mov	r0, r3
d0030770:	e24bd004 	sub	sp, fp, #4
d0030774:	e8bd8800 	pop	{fp, pc}
d0030778:	d0022000 	.word	0xd0022000
d003077c:	d0031e00 	.word	0xd0031e00
d0030780:	d0031e2c 	.word	0xd0031e2c

d0030784 <go>:
d0030784:	e92d4800 	push	{fp, lr}
d0030788:	e28db004 	add	fp, sp, #4
d003078c:	e24dd010 	sub	sp, sp, #16
d0030790:	e50b0010 	str	r0, [fp, #-16]
d0030794:	e50b1014 	str	r1, [fp, #-20]
d0030798:	e59f3050 	ldr	r3, [pc, #80]	; d00307f0 <go+0x6c>
d003079c:	e50b3008 	str	r3, [fp, #-8]
d00307a0:	e51b3010 	ldr	r3, [fp, #-16]
d00307a4:	e3530001 	cmp	r3, #1
d00307a8:	da000005 	ble	d00307c4 <go+0x40>
d00307ac:	e51b3014 	ldr	r3, [fp, #-20]
d00307b0:	e2833004 	add	r3, r3, #4
d00307b4:	e5933000 	ldr	r3, [r3]
d00307b8:	e1a00003 	mov	r0, r3
d00307bc:	eb000183 	bl	d0030dd0 <atoi>
d00307c0:	e50b0008 	str	r0, [fp, #-8]
d00307c4:	e59f0028 	ldr	r0, [pc, #40]	; d00307f4 <go+0x70>
d00307c8:	e51b1008 	ldr	r1, [fp, #-8]
d00307cc:	eb00039e 	bl	d003164c <printf>
d00307d0:	e51b3008 	ldr	r3, [fp, #-8]
d00307d4:	e50b300c 	str	r3, [fp, #-12]
d00307d8:	e51b300c 	ldr	r3, [fp, #-12]
d00307dc:	e12fff33 	blx	r3
d00307e0:	e3a03000 	mov	r3, #0
d00307e4:	e1a00003 	mov	r0, r3
d00307e8:	e24bd004 	sub	sp, fp, #4
d00307ec:	e8bd8800 	pop	{fp, pc}
d00307f0:	d0022000 	.word	0xd0022000
d00307f4:	d0031e40 	.word	0xd0031e40

d00307f8 <nand>:
d00307f8:	e92d4800 	push	{fp, lr}
d00307fc:	e28db004 	add	fp, sp, #4
d0030800:	e24dd018 	sub	sp, sp, #24
d0030804:	e50b0018 	str	r0, [fp, #-24]
d0030808:	e50b101c 	str	r1, [fp, #-28]
d003080c:	e51b3018 	ldr	r3, [fp, #-24]
d0030810:	e3530004 	cmp	r3, #4
d0030814:	ca000001 	bgt	d0030820 <nand+0x28>
d0030818:	e3a03000 	mov	r3, #0
d003081c:	ea00003a 	b	d003090c <nand+0x114>
d0030820:	e51b301c 	ldr	r3, [fp, #-28]
d0030824:	e2833008 	add	r3, r3, #8
d0030828:	e5933000 	ldr	r3, [r3]
d003082c:	e1a00003 	mov	r0, r3
d0030830:	eb000166 	bl	d0030dd0 <atoi>
d0030834:	e50b0008 	str	r0, [fp, #-8]
d0030838:	e51b301c 	ldr	r3, [fp, #-28]
d003083c:	e283300c 	add	r3, r3, #12
d0030840:	e5933000 	ldr	r3, [r3]
d0030844:	e1a00003 	mov	r0, r3
d0030848:	eb000160 	bl	d0030dd0 <atoi>
d003084c:	e50b000c 	str	r0, [fp, #-12]
d0030850:	e51b301c 	ldr	r3, [fp, #-28]
d0030854:	e2833010 	add	r3, r3, #16
d0030858:	e5933000 	ldr	r3, [r3]
d003085c:	e1a00003 	mov	r0, r3
d0030860:	eb00015a 	bl	d0030dd0 <atoi>
d0030864:	e1a03000 	mov	r3, r0
d0030868:	e50b3010 	str	r3, [fp, #-16]
d003086c:	e59f00a4 	ldr	r0, [pc, #164]	; d0030918 <nand+0x120>
d0030870:	e51b1008 	ldr	r1, [fp, #-8]
d0030874:	e51b200c 	ldr	r2, [fp, #-12]
d0030878:	e51b3010 	ldr	r3, [fp, #-16]
d003087c:	eb000372 	bl	d003164c <printf>
d0030880:	e51b301c 	ldr	r3, [fp, #-28]
d0030884:	e2833004 	add	r3, r3, #4
d0030888:	e5933000 	ldr	r3, [r3]
d003088c:	e1a00003 	mov	r0, r3
d0030890:	e59f1084 	ldr	r1, [pc, #132]	; d003091c <nand+0x124>
d0030894:	eb000196 	bl	d0030ef4 <strcmp>
d0030898:	e1a03000 	mov	r3, r0
d003089c:	e3530000 	cmp	r3, #0
d00308a0:	1a000004 	bne	d00308b8 <nand+0xc0>
d00308a4:	e51b3010 	ldr	r3, [fp, #-16]
d00308a8:	e51b0008 	ldr	r0, [fp, #-8]
d00308ac:	e51b100c 	ldr	r1, [fp, #-12]
d00308b0:	e1a02003 	mov	r2, r3
d00308b4:	eb000292 	bl	d0031304 <nand_read>
d00308b8:	e51b301c 	ldr	r3, [fp, #-28]
d00308bc:	e2833004 	add	r3, r3, #4
d00308c0:	e5933000 	ldr	r3, [r3]
d00308c4:	e1a00003 	mov	r0, r3
d00308c8:	e59f1050 	ldr	r1, [pc, #80]	; d0030920 <nand+0x128>
d00308cc:	eb000188 	bl	d0030ef4 <strcmp>
d00308d0:	e1a03000 	mov	r3, r0
d00308d4:	e3530000 	cmp	r3, #0
d00308d8:	1a000004 	bne	d00308f0 <nand+0xf8>
d00308dc:	e51b3010 	ldr	r3, [fp, #-16]
d00308e0:	e51b0008 	ldr	r0, [fp, #-8]
d00308e4:	e51b100c 	ldr	r1, [fp, #-12]
d00308e8:	e1a02003 	mov	r2, r3
d00308ec:	eb0002aa 	bl	d003139c <nand_write>
d00308f0:	e51b301c 	ldr	r3, [fp, #-28]
d00308f4:	e2833004 	add	r3, r3, #4
d00308f8:	e5933000 	ldr	r3, [r3]
d00308fc:	e59f0020 	ldr	r0, [pc, #32]	; d0030924 <nand+0x12c>
d0030900:	e1a01003 	mov	r1, r3
d0030904:	eb000350 	bl	d003164c <printf>
d0030908:	e3a03000 	mov	r3, #0
d003090c:	e1a00003 	mov	r0, r3
d0030910:	e24bd004 	sub	sp, fp, #4
d0030914:	e8bd8800 	pop	{fp, pc}
d0030918:	d0031e54 	.word	0xd0031e54
d003091c:	d0031e78 	.word	0xd0031e78
d0030920:	d0031e80 	.word	0xd0031e80
d0030924:	d0031e88 	.word	0xd0031e88

d0030928 <init_taglist>:
d0030928:	e52db004 	push	{fp}		; (str fp, [sp, #-4]!)
d003092c:	e28db000 	add	fp, sp, #0
d0030930:	e24dd014 	sub	sp, sp, #20
d0030934:	e50b0010 	str	r0, [fp, #-16]
d0030938:	e51b3010 	ldr	r3, [fp, #-16]
d003093c:	e50b300c 	str	r3, [fp, #-12]
d0030940:	e51b300c 	ldr	r3, [fp, #-12]
d0030944:	e59f2130 	ldr	r2, [pc, #304]	; d0030a7c <init_taglist+0x154>
d0030948:	e5832004 	str	r2, [r3, #4]
d003094c:	e51b300c 	ldr	r3, [fp, #-12]
d0030950:	e3a02005 	mov	r2, #5
d0030954:	e5832000 	str	r2, [r3]
d0030958:	e51b300c 	ldr	r3, [fp, #-12]
d003095c:	e3a02001 	mov	r2, #1
d0030960:	e5832008 	str	r2, [r3, #8]
d0030964:	e51b300c 	ldr	r3, [fp, #-12]
d0030968:	e3a02a01 	mov	r2, #4096	; 0x1000
d003096c:	e583200c 	str	r2, [r3, #12]
d0030970:	e51b300c 	ldr	r3, [fp, #-12]
d0030974:	e3a02000 	mov	r2, #0
d0030978:	e5832010 	str	r2, [r3, #16]
d003097c:	e51b300c 	ldr	r3, [fp, #-12]
d0030980:	e5933000 	ldr	r3, [r3]
d0030984:	e1a03103 	lsl	r3, r3, #2
d0030988:	e51b200c 	ldr	r2, [fp, #-12]
d003098c:	e0823003 	add	r3, r2, r3
d0030990:	e50b300c 	str	r3, [fp, #-12]
d0030994:	e51b300c 	ldr	r3, [fp, #-12]
d0030998:	e59f20e0 	ldr	r2, [pc, #224]	; d0030a80 <init_taglist+0x158>
d003099c:	e5832004 	str	r2, [r3, #4]
d00309a0:	e51b300c 	ldr	r3, [fp, #-12]
d00309a4:	e3a02013 	mov	r2, #19
d00309a8:	e5832000 	str	r2, [r3]
d00309ac:	e3a03000 	mov	r3, #0
d00309b0:	e50b3008 	str	r3, [fp, #-8]
d00309b4:	ea00000c 	b	d00309ec <init_taglist+0xc4>
d00309b8:	e59f20c4 	ldr	r2, [pc, #196]	; d0030a84 <init_taglist+0x15c>
d00309bc:	e51b3008 	ldr	r3, [fp, #-8]
d00309c0:	e0823003 	add	r3, r2, r3
d00309c4:	e5d32000 	ldrb	r2, [r3]
d00309c8:	e51b000c 	ldr	r0, [fp, #-12]
d00309cc:	e3a03008 	mov	r3, #8
d00309d0:	e51b1008 	ldr	r1, [fp, #-8]
d00309d4:	e0801001 	add	r1, r0, r1
d00309d8:	e0813003 	add	r3, r1, r3
d00309dc:	e5c32000 	strb	r2, [r3]
d00309e0:	e51b3008 	ldr	r3, [fp, #-8]
d00309e4:	e2833001 	add	r3, r3, #1
d00309e8:	e50b3008 	str	r3, [fp, #-8]
d00309ec:	e51b3008 	ldr	r3, [fp, #-8]
d00309f0:	e3530040 	cmp	r3, #64	; 0x40
d00309f4:	9affffef 	bls	d00309b8 <init_taglist+0x90>
d00309f8:	e51b300c 	ldr	r3, [fp, #-12]
d00309fc:	e5933000 	ldr	r3, [r3]
d0030a00:	e1a03103 	lsl	r3, r3, #2
d0030a04:	e51b200c 	ldr	r2, [fp, #-12]
d0030a08:	e0823003 	add	r3, r2, r3
d0030a0c:	e50b300c 	str	r3, [fp, #-12]
d0030a10:	e51b300c 	ldr	r3, [fp, #-12]
d0030a14:	e59f206c 	ldr	r2, [pc, #108]	; d0030a88 <init_taglist+0x160>
d0030a18:	e5832004 	str	r2, [r3, #4]
d0030a1c:	e51b300c 	ldr	r3, [fp, #-12]
d0030a20:	e3a02004 	mov	r2, #4
d0030a24:	e5832000 	str	r2, [r3]
d0030a28:	e51b300c 	ldr	r3, [fp, #-12]
d0030a2c:	e3a02201 	mov	r2, #268435456	; 0x10000000
d0030a30:	e5832008 	str	r2, [r3, #8]
d0030a34:	e51b300c 	ldr	r3, [fp, #-12]
d0030a38:	e3a02202 	mov	r2, #536870912	; 0x20000000
d0030a3c:	e583200c 	str	r2, [r3, #12]
d0030a40:	e51b300c 	ldr	r3, [fp, #-12]
d0030a44:	e5933000 	ldr	r3, [r3]
d0030a48:	e1a03103 	lsl	r3, r3, #2
d0030a4c:	e51b200c 	ldr	r2, [fp, #-12]
d0030a50:	e0823003 	add	r3, r2, r3
d0030a54:	e50b300c 	str	r3, [fp, #-12]
d0030a58:	e51b300c 	ldr	r3, [fp, #-12]
d0030a5c:	e3a02000 	mov	r2, #0
d0030a60:	e5832004 	str	r2, [r3, #4]
d0030a64:	e51b300c 	ldr	r3, [fp, #-12]
d0030a68:	e3a02000 	mov	r2, #0
d0030a6c:	e5832000 	str	r2, [r3]
d0030a70:	e28bd000 	add	sp, fp, #0
d0030a74:	e8bd0800 	pop	{fp}
d0030a78:	e12fff1e 	bx	lr
d0030a7c:	54410001 	.word	0x54410001
d0030a80:	54410009 	.word	0x54410009
d0030a84:	d0031e9c 	.word	0xd0031e9c
d0030a88:	54410002 	.word	0x54410002

d0030a8c <bootm>:
d0030a8c:	e92d4800 	push	{fp, lr}
d0030a90:	e28db004 	add	fp, sp, #4
d0030a94:	e24dd018 	sub	sp, sp, #24
d0030a98:	e50b0018 	str	r0, [fp, #-24]
d0030a9c:	e50b101c 	str	r1, [fp, #-28]
d0030aa0:	e59f3060 	ldr	r3, [pc, #96]	; d0030b08 <bootm+0x7c>
d0030aa4:	e50b3008 	str	r3, [fp, #-8]
d0030aa8:	e59f305c 	ldr	r3, [pc, #92]	; d0030b0c <bootm+0x80>
d0030aac:	e50b300c 	str	r3, [fp, #-12]
d0030ab0:	e59f0058 	ldr	r0, [pc, #88]	; d0030b10 <bootm+0x84>
d0030ab4:	e59f104c 	ldr	r1, [pc, #76]	; d0030b08 <bootm+0x7c>
d0030ab8:	eb0002e3 	bl	d003164c <printf>
d0030abc:	e59f0044 	ldr	r0, [pc, #68]	; d0030b08 <bootm+0x7c>
d0030ac0:	e3a01501 	mov	r1, #4194304	; 0x400000
d0030ac4:	e3a02502 	mov	r2, #8388608	; 0x800000
d0030ac8:	eb00020d 	bl	d0031304 <nand_read>
d0030acc:	e51b3008 	ldr	r3, [fp, #-8]
d0030ad0:	e50b3010 	str	r3, [fp, #-16]
d0030ad4:	e51b000c 	ldr	r0, [fp, #-12]
d0030ad8:	ebffff92 	bl	d0030928 <init_taglist>
d0030adc:	e59f0030 	ldr	r0, [pc, #48]	; d0030b14 <bootm+0x88>
d0030ae0:	eb0003a1 	bl	d003196c <puts>
d0030ae4:	e51b3010 	ldr	r3, [fp, #-16]
d0030ae8:	e3a00000 	mov	r0, #0
d0030aec:	e59f1024 	ldr	r1, [pc, #36]	; d0030b18 <bootm+0x8c>
d0030af0:	e51b200c 	ldr	r2, [fp, #-12]
d0030af4:	e12fff33 	blx	r3
d0030af8:	e3a03000 	mov	r3, #0
d0030afc:	e1a00003 	mov	r0, r3
d0030b00:	e24bd004 	sub	sp, fp, #4
d0030b04:	e8bd8800 	pop	{fp, pc}
d0030b08:	20008000 	.word	0x20008000
d0030b0c:	20000100 	.word	0x20000100
d0030b10:	d0031ee0 	.word	0xd0031ee0
d0030b14:	d0031f14 	.word	0xd0031f14
d0030b18:	00000d8a 	.word	0x00000d8a

d0030b1c <command_do>:
d0030b1c:	e92d4800 	push	{fp, lr}
d0030b20:	e28db004 	add	fp, sp, #4
d0030b24:	e24dd008 	sub	sp, sp, #8
d0030b28:	e50b0008 	str	r0, [fp, #-8]
d0030b2c:	e50b100c 	str	r1, [fp, #-12]
d0030b30:	e51b3008 	ldr	r3, [fp, #-8]
d0030b34:	e3530000 	cmp	r3, #0
d0030b38:	1a000001 	bne	d0030b44 <command_do+0x28>
d0030b3c:	e3e03000 	mvn	r3, #0
d0030b40:	ea00005d 	b	d0030cbc <command_do+0x1a0>
d0030b44:	e51b300c 	ldr	r3, [fp, #-12]
d0030b48:	e5933000 	ldr	r3, [r3]
d0030b4c:	e59f0174 	ldr	r0, [pc, #372]	; d0030cc8 <command_do+0x1ac>
d0030b50:	e1a01003 	mov	r1, r3
d0030b54:	eb0002bc 	bl	d003164c <printf>
d0030b58:	e51b300c 	ldr	r3, [fp, #-12]
d0030b5c:	e5933000 	ldr	r3, [r3]
d0030b60:	e1a00003 	mov	r0, r3
d0030b64:	e59f1160 	ldr	r1, [pc, #352]	; d0030ccc <command_do+0x1b0>
d0030b68:	eb0000e1 	bl	d0030ef4 <strcmp>
d0030b6c:	e1a03000 	mov	r3, r0
d0030b70:	e3530000 	cmp	r3, #0
d0030b74:	1a000002 	bne	d0030b84 <command_do+0x68>
d0030b78:	e51b0008 	ldr	r0, [fp, #-8]
d0030b7c:	e51b100c 	ldr	r1, [fp, #-12]
d0030b80:	ebfffe32 	bl	d0030450 <help>
d0030b84:	e51b300c 	ldr	r3, [fp, #-12]
d0030b88:	e5933000 	ldr	r3, [r3]
d0030b8c:	e1a00003 	mov	r0, r3
d0030b90:	e59f1138 	ldr	r1, [pc, #312]	; d0030cd0 <command_do+0x1b4>
d0030b94:	eb0000d6 	bl	d0030ef4 <strcmp>
d0030b98:	e1a03000 	mov	r3, r0
d0030b9c:	e3530000 	cmp	r3, #0
d0030ba0:	1a000002 	bne	d0030bb0 <command_do+0x94>
d0030ba4:	e51b0008 	ldr	r0, [fp, #-8]
d0030ba8:	e51b100c 	ldr	r1, [fp, #-12]
d0030bac:	ebfffe48 	bl	d00304d4 <md>
d0030bb0:	e51b300c 	ldr	r3, [fp, #-12]
d0030bb4:	e5933000 	ldr	r3, [r3]
d0030bb8:	e1a00003 	mov	r0, r3
d0030bbc:	e59f1110 	ldr	r1, [pc, #272]	; d0030cd4 <command_do+0x1b8>
d0030bc0:	eb0000cb 	bl	d0030ef4 <strcmp>
d0030bc4:	e1a03000 	mov	r3, r0
d0030bc8:	e3530000 	cmp	r3, #0
d0030bcc:	1a000002 	bne	d0030bdc <command_do+0xc0>
d0030bd0:	e51b0008 	ldr	r0, [fp, #-8]
d0030bd4:	e51b100c 	ldr	r1, [fp, #-12]
d0030bd8:	ebfffe74 	bl	d00305b0 <mw>
d0030bdc:	e51b300c 	ldr	r3, [fp, #-12]
d0030be0:	e5933000 	ldr	r3, [r3]
d0030be4:	e1a00003 	mov	r0, r3
d0030be8:	e59f10e8 	ldr	r1, [pc, #232]	; d0030cd8 <command_do+0x1bc>
d0030bec:	eb0000c0 	bl	d0030ef4 <strcmp>
d0030bf0:	e1a03000 	mov	r3, r0
d0030bf4:	e3530000 	cmp	r3, #0
d0030bf8:	1a000002 	bne	d0030c08 <command_do+0xec>
d0030bfc:	e51b0008 	ldr	r0, [fp, #-8]
d0030c00:	e51b100c 	ldr	r1, [fp, #-12]
d0030c04:	ebfffe8c 	bl	d003063c <loadb>
d0030c08:	e51b300c 	ldr	r3, [fp, #-12]
d0030c0c:	e5933000 	ldr	r3, [r3]
d0030c10:	e1a00003 	mov	r0, r3
d0030c14:	e59f10c0 	ldr	r1, [pc, #192]	; d0030cdc <command_do+0x1c0>
d0030c18:	eb0000b5 	bl	d0030ef4 <strcmp>
d0030c1c:	e1a03000 	mov	r3, r0
d0030c20:	e3530000 	cmp	r3, #0
d0030c24:	1a000002 	bne	d0030c34 <command_do+0x118>
d0030c28:	e51b0008 	ldr	r0, [fp, #-8]
d0030c2c:	e51b100c 	ldr	r1, [fp, #-12]
d0030c30:	ebfffed3 	bl	d0030784 <go>
d0030c34:	e51b300c 	ldr	r3, [fp, #-12]
d0030c38:	e5933000 	ldr	r3, [r3]
d0030c3c:	e1a00003 	mov	r0, r3
d0030c40:	e59f1098 	ldr	r1, [pc, #152]	; d0030ce0 <command_do+0x1c4>
d0030c44:	eb0000aa 	bl	d0030ef4 <strcmp>
d0030c48:	e1a03000 	mov	r3, r0
d0030c4c:	e3530000 	cmp	r3, #0
d0030c50:	1a000002 	bne	d0030c60 <command_do+0x144>
d0030c54:	e51b0008 	ldr	r0, [fp, #-8]
d0030c58:	e51b100c 	ldr	r1, [fp, #-12]
d0030c5c:	ebfffea8 	bl	d0030704 <loadx>
d0030c60:	e51b300c 	ldr	r3, [fp, #-12]
d0030c64:	e5933000 	ldr	r3, [r3]
d0030c68:	e1a00003 	mov	r0, r3
d0030c6c:	e59f1070 	ldr	r1, [pc, #112]	; d0030ce4 <command_do+0x1c8>
d0030c70:	eb00009f 	bl	d0030ef4 <strcmp>
d0030c74:	e1a03000 	mov	r3, r0
d0030c78:	e3530000 	cmp	r3, #0
d0030c7c:	1a000002 	bne	d0030c8c <command_do+0x170>
d0030c80:	e51b0008 	ldr	r0, [fp, #-8]
d0030c84:	e51b100c 	ldr	r1, [fp, #-12]
d0030c88:	ebfffeda 	bl	d00307f8 <nand>
d0030c8c:	e51b300c 	ldr	r3, [fp, #-12]
d0030c90:	e5933000 	ldr	r3, [r3]
d0030c94:	e1a00003 	mov	r0, r3
d0030c98:	e59f1048 	ldr	r1, [pc, #72]	; d0030ce8 <command_do+0x1cc>
d0030c9c:	eb000094 	bl	d0030ef4 <strcmp>
d0030ca0:	e1a03000 	mov	r3, r0
d0030ca4:	e3530000 	cmp	r3, #0
d0030ca8:	1a000002 	bne	d0030cb8 <command_do+0x19c>
d0030cac:	e51b0008 	ldr	r0, [fp, #-8]
d0030cb0:	e51b100c 	ldr	r1, [fp, #-12]
d0030cb4:	ebffff74 	bl	d0030a8c <bootm>
d0030cb8:	e3a03000 	mov	r3, #0
d0030cbc:	e1a00003 	mov	r0, r3
d0030cc0:	e24bd004 	sub	sp, fp, #4
d0030cc4:	e8bd8800 	pop	{fp, pc}
d0030cc8:	d0031f2c 	.word	0xd0031f2c
d0030ccc:	d0031f40 	.word	0xd0031f40
d0030cd0:	d0031f48 	.word	0xd0031f48
d0030cd4:	d0031f4c 	.word	0xd0031f4c
d0030cd8:	d0031f50 	.word	0xd0031f50
d0030cdc:	d0031f58 	.word	0xd0031f58
d0030ce0:	d0031f5c 	.word	0xd0031f5c
d0030ce4:	d0031f64 	.word	0xd0031f64
d0030ce8:	d0031f6c 	.word	0xd0031f6c

d0030cec <led_init>:
d0030cec:	e52db004 	push	{fp}		; (str fp, [sp, #-4]!)
d0030cf0:	e28db000 	add	fp, sp, #0
d0030cf4:	e59f2034 	ldr	r2, [pc, #52]	; d0030d30 <led_init+0x44>
d0030cf8:	e59f3030 	ldr	r3, [pc, #48]	; d0030d30 <led_init+0x44>
d0030cfc:	e5933000 	ldr	r3, [r3]
d0030d00:	e1a03823 	lsr	r3, r3, #16
d0030d04:	e1a03803 	lsl	r3, r3, #16
d0030d08:	e5823000 	str	r3, [r2]
d0030d0c:	e59f201c 	ldr	r2, [pc, #28]	; d0030d30 <led_init+0x44>
d0030d10:	e59f3018 	ldr	r3, [pc, #24]	; d0030d30 <led_init+0x44>
d0030d14:	e5933000 	ldr	r3, [r3]
d0030d18:	e3833c11 	orr	r3, r3, #4352	; 0x1100
d0030d1c:	e3833011 	orr	r3, r3, #17
d0030d20:	e5823000 	str	r3, [r2]
d0030d24:	e28bd000 	add	sp, fp, #0
d0030d28:	e8bd0800 	pop	{fp}
d0030d2c:	e12fff1e 	bx	lr
d0030d30:	e0200280 	.word	0xe0200280

d0030d34 <led_on>:
d0030d34:	e52db004 	push	{fp}		; (str fp, [sp, #-4]!)
d0030d38:	e28db000 	add	fp, sp, #0
d0030d3c:	e59f3018 	ldr	r3, [pc, #24]	; d0030d5c <led_on+0x28>
d0030d40:	e59f2014 	ldr	r2, [pc, #20]	; d0030d5c <led_on+0x28>
d0030d44:	e5922000 	ldr	r2, [r2]
d0030d48:	e3c2200f 	bic	r2, r2, #15
d0030d4c:	e5832000 	str	r2, [r3]
d0030d50:	e28bd000 	add	sp, fp, #0
d0030d54:	e8bd0800 	pop	{fp}
d0030d58:	e12fff1e 	bx	lr
d0030d5c:	e0200284 	.word	0xe0200284

d0030d60 <led_off>:
d0030d60:	e52db004 	push	{fp}		; (str fp, [sp, #-4]!)
d0030d64:	e28db000 	add	fp, sp, #0
d0030d68:	e59f3018 	ldr	r3, [pc, #24]	; d0030d88 <led_off+0x28>
d0030d6c:	e59f2014 	ldr	r2, [pc, #20]	; d0030d88 <led_off+0x28>
d0030d70:	e5922000 	ldr	r2, [r2]
d0030d74:	e382200f 	orr	r2, r2, #15
d0030d78:	e5832000 	str	r2, [r3]
d0030d7c:	e28bd000 	add	sp, fp, #0
d0030d80:	e8bd0800 	pop	{fp}
d0030d84:	e12fff1e 	bx	lr
d0030d88:	e0200284 	.word	0xe0200284

d0030d8c <delay>:
d0030d8c:	e52db004 	push	{fp}		; (str fp, [sp, #-4]!)
d0030d90:	e28db000 	add	fp, sp, #0
d0030d94:	e24dd00c 	sub	sp, sp, #12
d0030d98:	e3a03000 	mov	r3, #0
d0030d9c:	e50b3008 	str	r3, [fp, #-8]
d0030da0:	ea000002 	b	d0030db0 <delay+0x24>
d0030da4:	e51b3008 	ldr	r3, [fp, #-8]
d0030da8:	e2833001 	add	r3, r3, #1
d0030dac:	e50b3008 	str	r3, [fp, #-8]
d0030db0:	e51b2008 	ldr	r2, [fp, #-8]
d0030db4:	e59f3010 	ldr	r3, [pc, #16]	; d0030dcc <delay+0x40>
d0030db8:	e1520003 	cmp	r2, r3
d0030dbc:	dafffff8 	ble	d0030da4 <delay+0x18>
d0030dc0:	e28bd000 	add	sp, fp, #0
d0030dc4:	e8bd0800 	pop	{fp}
d0030dc8:	e12fff1e 	bx	lr
d0030dcc:	000fffff 	.word	0x000fffff

d0030dd0 <atoi>:
d0030dd0:	e52db004 	push	{fp}		; (str fp, [sp, #-4]!)
d0030dd4:	e28db000 	add	fp, sp, #0
d0030dd8:	e24dd01c 	sub	sp, sp, #28
d0030ddc:	e50b0018 	str	r0, [fp, #-24]
d0030de0:	e3a03000 	mov	r3, #0
d0030de4:	e50b3008 	str	r3, [fp, #-8]
d0030de8:	e3a0300a 	mov	r3, #10
d0030dec:	e50b300c 	str	r3, [fp, #-12]
d0030df0:	e3a03000 	mov	r3, #0
d0030df4:	e50b3010 	str	r3, [fp, #-16]
d0030df8:	e51b3018 	ldr	r3, [fp, #-24]
d0030dfc:	e5d33000 	ldrb	r3, [r3]
d0030e00:	e3530030 	cmp	r3, #48	; 0x30
d0030e04:	1a00002c 	bne	d0030ebc <atoi+0xec>
d0030e08:	e51b3018 	ldr	r3, [fp, #-24]
d0030e0c:	e2833001 	add	r3, r3, #1
d0030e10:	e5d33000 	ldrb	r3, [r3]
d0030e14:	e3530078 	cmp	r3, #120	; 0x78
d0030e18:	1a000029 	bne	d0030ec4 <atoi+0xf4>
d0030e1c:	e3a03010 	mov	r3, #16
d0030e20:	e50b300c 	str	r3, [fp, #-12]
d0030e24:	e3a03002 	mov	r3, #2
d0030e28:	e50b3010 	str	r3, [fp, #-16]
d0030e2c:	ea000025 	b	d0030ec8 <atoi+0xf8>
d0030e30:	e51b3010 	ldr	r3, [fp, #-16]
d0030e34:	e51b2018 	ldr	r2, [fp, #-24]
d0030e38:	e0823003 	add	r3, r2, r3
d0030e3c:	e5d33000 	ldrb	r3, [r3]
d0030e40:	e3530039 	cmp	r3, #57	; 0x39
d0030e44:	8a00000c 	bhi	d0030e7c <atoi+0xac>
d0030e48:	e51b3010 	ldr	r3, [fp, #-16]
d0030e4c:	e51b2018 	ldr	r2, [fp, #-24]
d0030e50:	e0823003 	add	r3, r2, r3
d0030e54:	e5d33000 	ldrb	r3, [r3]
d0030e58:	e353002f 	cmp	r3, #47	; 0x2f
d0030e5c:	9a000006 	bls	d0030e7c <atoi+0xac>
d0030e60:	e51b3010 	ldr	r3, [fp, #-16]
d0030e64:	e51b2018 	ldr	r2, [fp, #-24]
d0030e68:	e0823003 	add	r3, r2, r3
d0030e6c:	e5d33000 	ldrb	r3, [r3]
d0030e70:	e2433030 	sub	r3, r3, #48	; 0x30
d0030e74:	e50b3014 	str	r3, [fp, #-20]
d0030e78:	ea000005 	b	d0030e94 <atoi+0xc4>
d0030e7c:	e51b3010 	ldr	r3, [fp, #-16]
d0030e80:	e51b2018 	ldr	r2, [fp, #-24]
d0030e84:	e0823003 	add	r3, r2, r3
d0030e88:	e5d33000 	ldrb	r3, [r3]
d0030e8c:	e2433057 	sub	r3, r3, #87	; 0x57
d0030e90:	e50b3014 	str	r3, [fp, #-20]
d0030e94:	e51b3008 	ldr	r3, [fp, #-8]
d0030e98:	e51b200c 	ldr	r2, [fp, #-12]
d0030e9c:	e0020392 	mul	r2, r2, r3
d0030ea0:	e51b3014 	ldr	r3, [fp, #-20]
d0030ea4:	e0823003 	add	r3, r2, r3
d0030ea8:	e50b3008 	str	r3, [fp, #-8]
d0030eac:	e51b3010 	ldr	r3, [fp, #-16]
d0030eb0:	e2833001 	add	r3, r3, #1
d0030eb4:	e50b3010 	str	r3, [fp, #-16]
d0030eb8:	ea000002 	b	d0030ec8 <atoi+0xf8>
d0030ebc:	e1a00000 	nop			; (mov r0, r0)
d0030ec0:	ea000000 	b	d0030ec8 <atoi+0xf8>
d0030ec4:	e1a00000 	nop			; (mov r0, r0)
d0030ec8:	e51b3010 	ldr	r3, [fp, #-16]
d0030ecc:	e51b2018 	ldr	r2, [fp, #-24]
d0030ed0:	e0823003 	add	r3, r2, r3
d0030ed4:	e5d33000 	ldrb	r3, [r3]
d0030ed8:	e3530000 	cmp	r3, #0
d0030edc:	1affffd3 	bne	d0030e30 <atoi+0x60>
d0030ee0:	e51b3008 	ldr	r3, [fp, #-8]
d0030ee4:	e1a00003 	mov	r0, r3
d0030ee8:	e28bd000 	add	sp, fp, #0
d0030eec:	e8bd0800 	pop	{fp}
d0030ef0:	e12fff1e 	bx	lr

d0030ef4 <strcmp>:
d0030ef4:	e52db004 	push	{fp}		; (str fp, [sp, #-4]!)
d0030ef8:	e28db000 	add	fp, sp, #0
d0030efc:	e24dd00c 	sub	sp, sp, #12
d0030f00:	e50b0008 	str	r0, [fp, #-8]
d0030f04:	e50b100c 	str	r1, [fp, #-12]
d0030f08:	ea00000b 	b	d0030f3c <strcmp+0x48>
d0030f0c:	e51b3008 	ldr	r3, [fp, #-8]
d0030f10:	e5d33000 	ldrb	r3, [r3]
d0030f14:	e3530000 	cmp	r3, #0
d0030f18:	1a000001 	bne	d0030f24 <strcmp+0x30>
d0030f1c:	e3a03000 	mov	r3, #0
d0030f20:	ea000011 	b	d0030f6c <strcmp+0x78>
d0030f24:	e51b3008 	ldr	r3, [fp, #-8]
d0030f28:	e2833001 	add	r3, r3, #1
d0030f2c:	e50b3008 	str	r3, [fp, #-8]
d0030f30:	e51b300c 	ldr	r3, [fp, #-12]
d0030f34:	e2833001 	add	r3, r3, #1
d0030f38:	e50b300c 	str	r3, [fp, #-12]
d0030f3c:	e51b3008 	ldr	r3, [fp, #-8]
d0030f40:	e5d32000 	ldrb	r2, [r3]
d0030f44:	e51b300c 	ldr	r3, [fp, #-12]
d0030f48:	e5d33000 	ldrb	r3, [r3]
d0030f4c:	e1520003 	cmp	r2, r3
d0030f50:	0affffed 	beq	d0030f0c <strcmp+0x18>
d0030f54:	e51b3008 	ldr	r3, [fp, #-8]
d0030f58:	e5d33000 	ldrb	r3, [r3]
d0030f5c:	e1a02003 	mov	r2, r3
d0030f60:	e51b300c 	ldr	r3, [fp, #-12]
d0030f64:	e5d33000 	ldrb	r3, [r3]
d0030f68:	e0633002 	rsb	r3, r3, r2
d0030f6c:	e1a00003 	mov	r0, r3
d0030f70:	e28bd000 	add	sp, fp, #0
d0030f74:	e8bd0800 	pop	{fp}
d0030f78:	e12fff1e 	bx	lr

d0030f7c <mymain>:
d0030f7c:	e92d4800 	push	{fp, lr}
d0030f80:	e28db004 	add	fp, sp, #4
d0030f84:	e24dd070 	sub	sp, sp, #112	; 0x70
d0030f88:	e3a03000 	mov	r3, #0
d0030f8c:	e50b300c 	str	r3, [fp, #-12]
d0030f90:	e3a03000 	mov	r3, #0
d0030f94:	e50b3008 	str	r3, [fp, #-8]
d0030f98:	ebffff53 	bl	d0030cec <led_init>
d0030f9c:	eb0002b8 	bl	d0031a84 <uart_init>
d0030fa0:	ebffff63 	bl	d0030d34 <led_on>
d0030fa4:	eb000043 	bl	d00310b8 <nand_init>
d0030fa8:	e24b304c 	sub	r3, fp, #76	; 0x4c
d0030fac:	e1a00003 	mov	r0, r3
d0030fb0:	eb000061 	bl	d003113c <nand_read_id>
d0030fb4:	e55b304c 	ldrb	r3, [fp, #-76]	; 0x4c
d0030fb8:	e1a00003 	mov	r0, r3
d0030fbc:	eb0000ff 	bl	d00313c0 <putchar_hex>
d0030fc0:	e55b304b 	ldrb	r3, [fp, #-75]	; 0x4b
d0030fc4:	e1a00003 	mov	r0, r3
d0030fc8:	eb0000fc 	bl	d00313c0 <putchar_hex>
d0030fcc:	e55b304a 	ldrb	r3, [fp, #-74]	; 0x4a
d0030fd0:	e1a00003 	mov	r0, r3
d0030fd4:	eb0000f9 	bl	d00313c0 <putchar_hex>
d0030fd8:	e55b3049 	ldrb	r3, [fp, #-73]	; 0x49
d0030fdc:	e1a00003 	mov	r0, r3
d0030fe0:	eb0000f6 	bl	d00313c0 <putchar_hex>
d0030fe4:	e55b3048 	ldrb	r3, [fp, #-72]	; 0x48
d0030fe8:	e1a00003 	mov	r0, r3
d0030fec:	eb0000f3 	bl	d00313c0 <putchar_hex>
d0030ff0:	e59f00ac 	ldr	r0, [pc, #172]	; d00310a4 <mymain+0x128>
d0030ff4:	eb00025c 	bl	d003196c <puts>
d0030ff8:	e59f00a8 	ldr	r0, [pc, #168]	; d00310a8 <mymain+0x12c>
d0030ffc:	eb00025a 	bl	d003196c <puts>
d0031000:	e59f00a4 	ldr	r0, [pc, #164]	; d00310ac <mymain+0x130>
d0031004:	eb000190 	bl	d003164c <printf>
d0031008:	e24b304c 	sub	r3, fp, #76	; 0x4c
d003100c:	e1a00003 	mov	r0, r3
d0031010:	eb00026b 	bl	d00319c4 <gets>
d0031014:	e24b304c 	sub	r3, fp, #76	; 0x4c
d0031018:	e59f0090 	ldr	r0, [pc, #144]	; d00310b0 <mymain+0x134>
d003101c:	e1a01003 	mov	r1, r3
d0031020:	eb000189 	bl	d003164c <printf>
d0031024:	e24b204c 	sub	r2, fp, #76	; 0x4c
d0031028:	e24b3074 	sub	r3, fp, #116	; 0x74
d003102c:	e1a00002 	mov	r0, r2
d0031030:	e1a01003 	mov	r1, r3
d0031034:	eb0001f1 	bl	d0031800 <shell_parse>
d0031038:	e50b000c 	str	r0, [fp, #-12]
d003103c:	e3a03000 	mov	r3, #0
d0031040:	e50b3008 	str	r3, [fp, #-8]
d0031044:	ea00000d 	b	d0031080 <mymain+0x104>
d0031048:	e51b2008 	ldr	r2, [fp, #-8]
d003104c:	e3e0306f 	mvn	r3, #111	; 0x6f
d0031050:	e1a02102 	lsl	r2, r2, #2
d0031054:	e24b1004 	sub	r1, fp, #4
d0031058:	e0812002 	add	r2, r1, r2
d003105c:	e0823003 	add	r3, r2, r3
d0031060:	e5933000 	ldr	r3, [r3]
d0031064:	e59f0048 	ldr	r0, [pc, #72]	; d00310b4 <mymain+0x138>
d0031068:	e51b1008 	ldr	r1, [fp, #-8]
d003106c:	e1a02003 	mov	r2, r3
d0031070:	eb000175 	bl	d003164c <printf>
d0031074:	e51b3008 	ldr	r3, [fp, #-8]
d0031078:	e2833001 	add	r3, r3, #1
d003107c:	e50b3008 	str	r3, [fp, #-8]
d0031080:	e51b2008 	ldr	r2, [fp, #-8]
d0031084:	e51b300c 	ldr	r3, [fp, #-12]
d0031088:	e1520003 	cmp	r2, r3
d003108c:	baffffed 	blt	d0031048 <mymain+0xcc>
d0031090:	e24b3074 	sub	r3, fp, #116	; 0x74
d0031094:	e51b000c 	ldr	r0, [fp, #-12]
d0031098:	e1a01003 	mov	r1, r3
d003109c:	ebfffe9e 	bl	d0030b1c <command_do>
d00310a0:	eaffffd6 	b	d0031000 <mymain+0x84>
d00310a4:	d0031f74 	.word	0xd0031f74
d00310a8:	d0031f8c 	.word	0xd0031f8c
d00310ac:	d0031fa8 	.word	0xd0031fa8
d00310b0:	d0031fb4 	.word	0xd0031fb4
d00310b4:	d0031fc8 	.word	0xd0031fc8

d00310b8 <nand_init>:
d00310b8:	e52db004 	push	{fp}		; (str fp, [sp, #-4]!)
d00310bc:	e28db000 	add	fp, sp, #0
d00310c0:	e59f2064 	ldr	r2, [pc, #100]	; d003112c <nand_init+0x74>
d00310c4:	e59f3060 	ldr	r3, [pc, #96]	; d003112c <nand_init+0x74>
d00310c8:	e5933000 	ldr	r3, [r3]
d00310cc:	e3833c11 	orr	r3, r3, #4352	; 0x1100
d00310d0:	e3833010 	orr	r3, r3, #16
d00310d4:	e5823000 	str	r3, [r2]
d00310d8:	e59f304c 	ldr	r3, [pc, #76]	; d003112c <nand_init+0x74>
d00310dc:	e59f2048 	ldr	r2, [pc, #72]	; d003112c <nand_init+0x74>
d00310e0:	e5922000 	ldr	r2, [r2]
d00310e4:	e3822002 	orr	r2, r2, #2
d00310e8:	e5832000 	str	r2, [r3]
d00310ec:	e59f303c 	ldr	r3, [pc, #60]	; d0031130 <nand_init+0x78>
d00310f0:	e59f2038 	ldr	r2, [pc, #56]	; d0031130 <nand_init+0x78>
d00310f4:	e5922000 	ldr	r2, [r2]
d00310f8:	e3822001 	orr	r2, r2, #1
d00310fc:	e5832000 	str	r2, [r3]
d0031100:	e59f3028 	ldr	r3, [pc, #40]	; d0031130 <nand_init+0x78>
d0031104:	e59f2024 	ldr	r2, [pc, #36]	; d0031130 <nand_init+0x78>
d0031108:	e5922000 	ldr	r2, [r2]
d003110c:	e3c22002 	bic	r2, r2, #2
d0031110:	e5832000 	str	r2, [r3]
d0031114:	e59f3018 	ldr	r3, [pc, #24]	; d0031134 <nand_init+0x7c>
d0031118:	e59f2018 	ldr	r2, [pc, #24]	; d0031138 <nand_init+0x80>
d003111c:	e5832000 	str	r2, [r3]
d0031120:	e28bd000 	add	sp, fp, #0
d0031124:	e8bd0800 	pop	{fp}
d0031128:	e12fff1e 	bx	lr
d003112c:	b0e00000 	.word	0xb0e00000
d0031130:	b0e00004 	.word	0xb0e00004
d0031134:	e0200320 	.word	0xe0200320
d0031138:	22222222 	.word	0x22222222

d003113c <nand_read_id>:
d003113c:	e52db004 	push	{fp}		; (str fp, [sp, #-4]!)
d0031140:	e28db000 	add	fp, sp, #0
d0031144:	e24dd014 	sub	sp, sp, #20
d0031148:	e50b0010 	str	r0, [fp, #-16]
d003114c:	e59f305c 	ldr	r3, [pc, #92]	; d00311b0 <nand_read_id+0x74>
d0031150:	e3e0206f 	mvn	r2, #111	; 0x6f
d0031154:	e5c32000 	strb	r2, [r3]
d0031158:	e59f3054 	ldr	r3, [pc, #84]	; d00311b4 <nand_read_id+0x78>
d003115c:	e3a02000 	mov	r2, #0
d0031160:	e5c32000 	strb	r2, [r3]
d0031164:	e3a03000 	mov	r3, #0
d0031168:	e50b3008 	str	r3, [fp, #-8]
d003116c:	ea000009 	b	d0031198 <nand_read_id+0x5c>
d0031170:	e51b3008 	ldr	r3, [fp, #-8]
d0031174:	e51b2010 	ldr	r2, [fp, #-16]
d0031178:	e0823003 	add	r3, r2, r3
d003117c:	e59f2034 	ldr	r2, [pc, #52]	; d00311b8 <nand_read_id+0x7c>
d0031180:	e5d22000 	ldrb	r2, [r2]
d0031184:	e6ef2072 	uxtb	r2, r2
d0031188:	e5c32000 	strb	r2, [r3]
d003118c:	e51b3008 	ldr	r3, [fp, #-8]
d0031190:	e2833001 	add	r3, r3, #1
d0031194:	e50b3008 	str	r3, [fp, #-8]
d0031198:	e51b3008 	ldr	r3, [fp, #-8]
d003119c:	e3530004 	cmp	r3, #4
d00311a0:	dafffff2 	ble	d0031170 <nand_read_id+0x34>
d00311a4:	e28bd000 	add	sp, fp, #0
d00311a8:	e8bd0800 	pop	{fp}
d00311ac:	e12fff1e 	bx	lr
d00311b0:	b0e00008 	.word	0xb0e00008
d00311b4:	b0e0000c 	.word	0xb0e0000c
d00311b8:	b0e00010 	.word	0xb0e00010

d00311bc <nand_read_page>:
d00311bc:	e52db004 	push	{fp}		; (str fp, [sp, #-4]!)
d00311c0:	e28db000 	add	fp, sp, #0
d00311c4:	e24dd014 	sub	sp, sp, #20
d00311c8:	e50b0010 	str	r0, [fp, #-16]
d00311cc:	e50b1014 	str	r1, [fp, #-20]
d00311d0:	e59f3118 	ldr	r3, [pc, #280]	; d00312f0 <nand_read_page+0x134>
d00311d4:	e3a02000 	mov	r2, #0
d00311d8:	e5c32000 	strb	r2, [r3]
d00311dc:	e59f3110 	ldr	r3, [pc, #272]	; d00312f4 <nand_read_page+0x138>
d00311e0:	e51b2010 	ldr	r2, [fp, #-16]
d00311e4:	e6ef2072 	uxtb	r2, r2
d00311e8:	e5c32000 	strb	r2, [r3]
d00311ec:	e59f3100 	ldr	r3, [pc, #256]	; d00312f4 <nand_read_page+0x138>
d00311f0:	e51b2010 	ldr	r2, [fp, #-16]
d00311f4:	e1a02442 	asr	r2, r2, #8
d00311f8:	e6ef2072 	uxtb	r2, r2
d00311fc:	e2022007 	and	r2, r2, #7
d0031200:	e6ef2072 	uxtb	r2, r2
d0031204:	e5c32000 	strb	r2, [r3]
d0031208:	e59f30e4 	ldr	r3, [pc, #228]	; d00312f4 <nand_read_page+0x138>
d003120c:	e51b2010 	ldr	r2, [fp, #-16]
d0031210:	e1a025c2 	asr	r2, r2, #11
d0031214:	e6ef2072 	uxtb	r2, r2
d0031218:	e5c32000 	strb	r2, [r3]
d003121c:	e59f30d0 	ldr	r3, [pc, #208]	; d00312f4 <nand_read_page+0x138>
d0031220:	e51b2010 	ldr	r2, [fp, #-16]
d0031224:	e1a029c2 	asr	r2, r2, #19
d0031228:	e6ef2072 	uxtb	r2, r2
d003122c:	e5c32000 	strb	r2, [r3]
d0031230:	e59f30bc 	ldr	r3, [pc, #188]	; d00312f4 <nand_read_page+0x138>
d0031234:	e51b2010 	ldr	r2, [fp, #-16]
d0031238:	e1a02dc2 	asr	r2, r2, #27
d003123c:	e6ef2072 	uxtb	r2, r2
d0031240:	e2022001 	and	r2, r2, #1
d0031244:	e6ef2072 	uxtb	r2, r2
d0031248:	e5c32000 	strb	r2, [r3]
d003124c:	e59f309c 	ldr	r3, [pc, #156]	; d00312f0 <nand_read_page+0x134>
d0031250:	e3a02030 	mov	r2, #48	; 0x30
d0031254:	e5c32000 	strb	r2, [r3]
d0031258:	e1a00000 	nop			; (mov r0, r0)
d003125c:	e59f3094 	ldr	r3, [pc, #148]	; d00312f8 <nand_read_page+0x13c>
d0031260:	e5933000 	ldr	r3, [r3]
d0031264:	e2033001 	and	r3, r3, #1
d0031268:	e3530000 	cmp	r3, #0
d003126c:	0afffffa 	beq	d003125c <nand_read_page+0xa0>
d0031270:	e3a03000 	mov	r3, #0
d0031274:	e50b3008 	str	r3, [fp, #-8]
d0031278:	ea000009 	b	d00312a4 <nand_read_page+0xe8>
d003127c:	e51b3008 	ldr	r3, [fp, #-8]
d0031280:	e51b2014 	ldr	r2, [fp, #-20]
d0031284:	e0823003 	add	r3, r2, r3
d0031288:	e59f206c 	ldr	r2, [pc, #108]	; d00312fc <nand_read_page+0x140>
d003128c:	e5d22000 	ldrb	r2, [r2]
d0031290:	e6ef2072 	uxtb	r2, r2
d0031294:	e5c32000 	strb	r2, [r3]
d0031298:	e51b3008 	ldr	r3, [fp, #-8]
d003129c:	e2833001 	add	r3, r3, #1
d00312a0:	e50b3008 	str	r3, [fp, #-8]
d00312a4:	e51b2008 	ldr	r2, [fp, #-8]
d00312a8:	e59f3050 	ldr	r3, [pc, #80]	; d0031300 <nand_read_page+0x144>
d00312ac:	e1520003 	cmp	r2, r3
d00312b0:	dafffff1 	ble	d003127c <nand_read_page+0xc0>
d00312b4:	e3a03000 	mov	r3, #0
d00312b8:	e50b3008 	str	r3, [fp, #-8]
d00312bc:	ea000005 	b	d00312d8 <nand_read_page+0x11c>
d00312c0:	e59f3034 	ldr	r3, [pc, #52]	; d00312fc <nand_read_page+0x140>
d00312c4:	e5d33000 	ldrb	r3, [r3]
d00312c8:	e54b3009 	strb	r3, [fp, #-9]
d00312cc:	e51b3008 	ldr	r3, [fp, #-8]
d00312d0:	e2833001 	add	r3, r3, #1
d00312d4:	e50b3008 	str	r3, [fp, #-8]
d00312d8:	e51b3008 	ldr	r3, [fp, #-8]
d00312dc:	e353003f 	cmp	r3, #63	; 0x3f
d00312e0:	dafffff6 	ble	d00312c0 <nand_read_page+0x104>
d00312e4:	e28bd000 	add	sp, fp, #0
d00312e8:	e8bd0800 	pop	{fp}
d00312ec:	e12fff1e 	bx	lr
d00312f0:	b0e00008 	.word	0xb0e00008
d00312f4:	b0e0000c 	.word	0xb0e0000c
d00312f8:	b0e00028 	.word	0xb0e00028
d00312fc:	b0e00010 	.word	0xb0e00010
d0031300:	000007ff 	.word	0x000007ff

d0031304 <nand_read>:
d0031304:	e92d4800 	push	{fp, lr}
d0031308:	e28db004 	add	fp, sp, #4
d003130c:	e24dd018 	sub	sp, sp, #24
d0031310:	e50b0010 	str	r0, [fp, #-16]
d0031314:	e50b1014 	str	r1, [fp, #-20]
d0031318:	e50b2018 	str	r2, [fp, #-24]
d003131c:	e51b3018 	ldr	r3, [fp, #-24]
d0031320:	e2433001 	sub	r3, r3, #1
d0031324:	e2832e7f 	add	r2, r3, #2032	; 0x7f0
d0031328:	e282200f 	add	r2, r2, #15
d003132c:	e3530000 	cmp	r3, #0
d0031330:	b1a03002 	movlt	r3, r2
d0031334:	e1a035c3 	asr	r3, r3, #11
d0031338:	e2833001 	add	r3, r3, #1
d003133c:	e50b300c 	str	r3, [fp, #-12]
d0031340:	e3a03000 	mov	r3, #0
d0031344:	e50b3008 	str	r3, [fp, #-8]
d0031348:	ea00000d 	b	d0031384 <nand_read+0x80>
d003134c:	e51b3008 	ldr	r3, [fp, #-8]
d0031350:	e1a02583 	lsl	r2, r3, #11
d0031354:	e51b3014 	ldr	r3, [fp, #-20]
d0031358:	e0822003 	add	r2, r2, r3
d003135c:	e51b3008 	ldr	r3, [fp, #-8]
d0031360:	e1a01583 	lsl	r1, r3, #11
d0031364:	e51b3010 	ldr	r3, [fp, #-16]
d0031368:	e0813003 	add	r3, r1, r3
d003136c:	e1a00002 	mov	r0, r2
d0031370:	e1a01003 	mov	r1, r3
d0031374:	ebffff90 	bl	d00311bc <nand_read_page>
d0031378:	e51b3008 	ldr	r3, [fp, #-8]
d003137c:	e2833001 	add	r3, r3, #1
d0031380:	e50b3008 	str	r3, [fp, #-8]
d0031384:	e51b2008 	ldr	r2, [fp, #-8]
d0031388:	e51b300c 	ldr	r3, [fp, #-12]
d003138c:	e1520003 	cmp	r2, r3
d0031390:	baffffed 	blt	d003134c <nand_read+0x48>
d0031394:	e24bd004 	sub	sp, fp, #4
d0031398:	e8bd8800 	pop	{fp, pc}

d003139c <nand_write>:
d003139c:	e52db004 	push	{fp}		; (str fp, [sp, #-4]!)
d00313a0:	e28db000 	add	fp, sp, #0
d00313a4:	e24dd014 	sub	sp, sp, #20
d00313a8:	e50b0008 	str	r0, [fp, #-8]
d00313ac:	e50b100c 	str	r1, [fp, #-12]
d00313b0:	e50b2010 	str	r2, [fp, #-16]
d00313b4:	e28bd000 	add	sp, fp, #0
d00313b8:	e8bd0800 	pop	{fp}
d00313bc:	e12fff1e 	bx	lr

d00313c0 <putchar_hex>:
d00313c0:	e92d4800 	push	{fp, lr}
d00313c4:	e28db004 	add	fp, sp, #4
d00313c8:	e24dd010 	sub	sp, sp, #16
d00313cc:	e1a03000 	mov	r3, r0
d00313d0:	e54b300d 	strb	r3, [fp, #-13]
d00313d4:	e59f3044 	ldr	r3, [pc, #68]	; d0031420 <putchar_hex+0x60>
d00313d8:	e50b3008 	str	r3, [fp, #-8]
d00313dc:	e55b300d 	ldrb	r3, [fp, #-13]
d00313e0:	e1a03223 	lsr	r3, r3, #4
d00313e4:	e6ef3073 	uxtb	r3, r3
d00313e8:	e51b2008 	ldr	r2, [fp, #-8]
d00313ec:	e0823003 	add	r3, r2, r3
d00313f0:	e5d33000 	ldrb	r3, [r3]
d00313f4:	e1a00003 	mov	r0, r3
d00313f8:	eb000134 	bl	d00318d0 <putchar>
d00313fc:	e55b300d 	ldrb	r3, [fp, #-13]
d0031400:	e203300f 	and	r3, r3, #15
d0031404:	e51b2008 	ldr	r2, [fp, #-8]
d0031408:	e0823003 	add	r3, r2, r3
d003140c:	e5d33000 	ldrb	r3, [r3]
d0031410:	e1a00003 	mov	r0, r3
d0031414:	eb00012d 	bl	d00318d0 <putchar>
d0031418:	e24bd004 	sub	sp, fp, #4
d003141c:	e8bd8800 	pop	{fp, pc}
d0031420:	d0031fd4 	.word	0xd0031fd4

d0031424 <putint_hex>:
d0031424:	e92d4800 	push	{fp, lr}
d0031428:	e28db004 	add	fp, sp, #4
d003142c:	e24dd008 	sub	sp, sp, #8
d0031430:	e50b0008 	str	r0, [fp, #-8]
d0031434:	e51b3008 	ldr	r3, [fp, #-8]
d0031438:	e1a03c23 	lsr	r3, r3, #24
d003143c:	e6ef3073 	uxtb	r3, r3
d0031440:	e1a00003 	mov	r0, r3
d0031444:	ebffffdd 	bl	d00313c0 <putchar_hex>
d0031448:	e51b3008 	ldr	r3, [fp, #-8]
d003144c:	e1a03843 	asr	r3, r3, #16
d0031450:	e6ef3073 	uxtb	r3, r3
d0031454:	e1a00003 	mov	r0, r3
d0031458:	ebffffd8 	bl	d00313c0 <putchar_hex>
d003145c:	e51b3008 	ldr	r3, [fp, #-8]
d0031460:	e1a03443 	asr	r3, r3, #8
d0031464:	e6ef3073 	uxtb	r3, r3
d0031468:	e1a00003 	mov	r0, r3
d003146c:	ebffffd3 	bl	d00313c0 <putchar_hex>
d0031470:	e51b3008 	ldr	r3, [fp, #-8]
d0031474:	e6ef3073 	uxtb	r3, r3
d0031478:	e1a00003 	mov	r0, r3
d003147c:	ebffffcf 	bl	d00313c0 <putchar_hex>
d0031480:	e24bd004 	sub	sp, fp, #4
d0031484:	e8bd8800 	pop	{fp, pc}

d0031488 <itoa>:
d0031488:	e52db004 	push	{fp}		; (str fp, [sp, #-4]!)
d003148c:	e28db000 	add	fp, sp, #0
d0031490:	e24dd01c 	sub	sp, sp, #28
d0031494:	e50b0018 	str	r0, [fp, #-24]
d0031498:	e50b101c 	str	r1, [fp, #-28]
d003149c:	e51b3018 	ldr	r3, [fp, #-24]
d00314a0:	e50b3008 	str	r3, [fp, #-8]
d00314a4:	e3a03000 	mov	r3, #0
d00314a8:	e50b300c 	str	r3, [fp, #-12]
d00314ac:	e3a03000 	mov	r3, #0
d00314b0:	e50b3010 	str	r3, [fp, #-16]
d00314b4:	e51b300c 	ldr	r3, [fp, #-12]
d00314b8:	e51b201c 	ldr	r2, [fp, #-28]
d00314bc:	e0820003 	add	r0, r2, r3
d00314c0:	e51b1008 	ldr	r1, [fp, #-8]
d00314c4:	e59f312c 	ldr	r3, [pc, #300]	; d00315f8 <itoa+0x170>
d00314c8:	e0c32193 	smull	r2, r3, r3, r1
d00314cc:	e1a02143 	asr	r2, r3, #2
d00314d0:	e1a03fc1 	asr	r3, r1, #31
d00314d4:	e0632002 	rsb	r2, r3, r2
d00314d8:	e1a03002 	mov	r3, r2
d00314dc:	e1a03103 	lsl	r3, r3, #2
d00314e0:	e0833002 	add	r3, r3, r2
d00314e4:	e1a03083 	lsl	r3, r3, #1
d00314e8:	e0632001 	rsb	r2, r3, r1
d00314ec:	e6ef3072 	uxtb	r3, r2
d00314f0:	e2833030 	add	r3, r3, #48	; 0x30
d00314f4:	e6ef3073 	uxtb	r3, r3
d00314f8:	e5c03000 	strb	r3, [r0]
d00314fc:	e51b300c 	ldr	r3, [fp, #-12]
d0031500:	e2833001 	add	r3, r3, #1
d0031504:	e50b300c 	str	r3, [fp, #-12]
d0031508:	e51b3008 	ldr	r3, [fp, #-8]
d003150c:	e59f20e4 	ldr	r2, [pc, #228]	; d00315f8 <itoa+0x170>
d0031510:	e0c21392 	smull	r1, r2, r2, r3
d0031514:	e1a02142 	asr	r2, r2, #2
d0031518:	e1a03fc3 	asr	r3, r3, #31
d003151c:	e0633002 	rsb	r3, r3, r2
d0031520:	e50b3008 	str	r3, [fp, #-8]
d0031524:	e51b3008 	ldr	r3, [fp, #-8]
d0031528:	e3530000 	cmp	r3, #0
d003152c:	1affffe0 	bne	d00314b4 <itoa+0x2c>
d0031530:	e51b300c 	ldr	r3, [fp, #-12]
d0031534:	e51b201c 	ldr	r2, [fp, #-28]
d0031538:	e0823003 	add	r3, r2, r3
d003153c:	e3a02000 	mov	r2, #0
d0031540:	e5c32000 	strb	r2, [r3]
d0031544:	e51b300c 	ldr	r3, [fp, #-12]
d0031548:	e50b3010 	str	r3, [fp, #-16]
d003154c:	e3a03000 	mov	r3, #0
d0031550:	e50b300c 	str	r3, [fp, #-12]
d0031554:	ea00001a 	b	d00315c4 <itoa+0x13c>
d0031558:	e51b300c 	ldr	r3, [fp, #-12]
d003155c:	e51b201c 	ldr	r2, [fp, #-28]
d0031560:	e0823003 	add	r3, r2, r3
d0031564:	e5d33000 	ldrb	r3, [r3]
d0031568:	e54b3011 	strb	r3, [fp, #-17]
d003156c:	e51b300c 	ldr	r3, [fp, #-12]
d0031570:	e51b201c 	ldr	r2, [fp, #-28]
d0031574:	e0823003 	add	r3, r2, r3
d0031578:	e51b1010 	ldr	r1, [fp, #-16]
d003157c:	e51b200c 	ldr	r2, [fp, #-12]
d0031580:	e0622001 	rsb	r2, r2, r1
d0031584:	e2422001 	sub	r2, r2, #1
d0031588:	e51b101c 	ldr	r1, [fp, #-28]
d003158c:	e0812002 	add	r2, r1, r2
d0031590:	e5d22000 	ldrb	r2, [r2]
d0031594:	e5c32000 	strb	r2, [r3]
d0031598:	e51b2010 	ldr	r2, [fp, #-16]
d003159c:	e51b300c 	ldr	r3, [fp, #-12]
d00315a0:	e0633002 	rsb	r3, r3, r2
d00315a4:	e2433001 	sub	r3, r3, #1
d00315a8:	e51b201c 	ldr	r2, [fp, #-28]
d00315ac:	e0823003 	add	r3, r2, r3
d00315b0:	e55b2011 	ldrb	r2, [fp, #-17]
d00315b4:	e5c32000 	strb	r2, [r3]
d00315b8:	e51b300c 	ldr	r3, [fp, #-12]
d00315bc:	e2833001 	add	r3, r3, #1
d00315c0:	e50b300c 	str	r3, [fp, #-12]
d00315c4:	e51b3010 	ldr	r3, [fp, #-16]
d00315c8:	e1a02fa3 	lsr	r2, r3, #31
d00315cc:	e0823003 	add	r3, r2, r3
d00315d0:	e1a030c3 	asr	r3, r3, #1
d00315d4:	e1a02003 	mov	r2, r3
d00315d8:	e51b300c 	ldr	r3, [fp, #-12]
d00315dc:	e1520003 	cmp	r2, r3
d00315e0:	caffffdc 	bgt	d0031558 <itoa+0xd0>
d00315e4:	e51b301c 	ldr	r3, [fp, #-28]
d00315e8:	e1a00003 	mov	r0, r3
d00315ec:	e28bd000 	add	sp, fp, #0
d00315f0:	e8bd0800 	pop	{fp}
d00315f4:	e12fff1e 	bx	lr
d00315f8:	66666667 	.word	0x66666667

d00315fc <_puts>:
d00315fc:	e92d4800 	push	{fp, lr}
d0031600:	e28db004 	add	fp, sp, #4
d0031604:	e24dd008 	sub	sp, sp, #8
d0031608:	e50b0008 	str	r0, [fp, #-8]
d003160c:	ea000006 	b	d003162c <_puts+0x30>
d0031610:	e51b3008 	ldr	r3, [fp, #-8]
d0031614:	e5d33000 	ldrb	r3, [r3]
d0031618:	e51b2008 	ldr	r2, [fp, #-8]
d003161c:	e2822001 	add	r2, r2, #1
d0031620:	e50b2008 	str	r2, [fp, #-8]
d0031624:	e1a00003 	mov	r0, r3
d0031628:	eb0000a8 	bl	d00318d0 <putchar>
d003162c:	e51b3008 	ldr	r3, [fp, #-8]
d0031630:	e5d33000 	ldrb	r3, [r3]
d0031634:	e3530000 	cmp	r3, #0
d0031638:	1afffff4 	bne	d0031610 <_puts+0x14>
d003163c:	e3a03000 	mov	r3, #0
d0031640:	e1a00003 	mov	r0, r3
d0031644:	e24bd004 	sub	sp, fp, #4
d0031648:	e8bd8800 	pop	{fp, pc}

d003164c <printf>:
d003164c:	e92d000f 	push	{r0, r1, r2, r3}
d0031650:	e92d4800 	push	{fp, lr}
d0031654:	e28db004 	add	fp, sp, #4
d0031658:	e24dd078 	sub	sp, sp, #120	; 0x78
d003165c:	e28b3004 	add	r3, fp, #4
d0031660:	e2833004 	add	r3, r3, #4
d0031664:	e50b3008 	str	r3, [fp, #-8]
d0031668:	ea000052 	b	d00317b8 <printf+0x16c>
d003166c:	e55b3009 	ldrb	r3, [fp, #-9]
d0031670:	e3530025 	cmp	r3, #37	; 0x25
d0031674:	1a00004b 	bne	d00317a8 <printf+0x15c>
d0031678:	e59b3004 	ldr	r3, [fp, #4]
d003167c:	e5d32000 	ldrb	r2, [r3]
d0031680:	e54b2009 	strb	r2, [fp, #-9]
d0031684:	e2833001 	add	r3, r3, #1
d0031688:	e58b3004 	str	r3, [fp, #4]
d003168c:	e55b3009 	ldrb	r3, [fp, #-9]
d0031690:	e2433063 	sub	r3, r3, #99	; 0x63
d0031694:	e3530015 	cmp	r3, #21
d0031698:	979ff103 	ldrls	pc, [pc, r3, lsl #2]
d003169c:	ea00003f 	b	d00317a0 <printf+0x154>
d00316a0:	d00316f8 	.word	0xd00316f8
d00316a4:	d0031768 	.word	0xd0031768
d00316a8:	d00317a0 	.word	0xd00317a0
d00316ac:	d00317a0 	.word	0xd00317a0
d00316b0:	d00317a0 	.word	0xd00317a0
d00316b4:	d00317a0 	.word	0xd00317a0
d00316b8:	d00317a0 	.word	0xd00317a0
d00316bc:	d00317a0 	.word	0xd00317a0
d00316c0:	d00317a0 	.word	0xd00317a0
d00316c4:	d00317a0 	.word	0xd00317a0
d00316c8:	d00317a0 	.word	0xd00317a0
d00316cc:	d00317a0 	.word	0xd00317a0
d00316d0:	d00317a0 	.word	0xd00317a0
d00316d4:	d00317a0 	.word	0xd00317a0
d00316d8:	d00317a0 	.word	0xd00317a0
d00316dc:	d00317a0 	.word	0xd00317a0
d00316e0:	d0031720 	.word	0xd0031720
d00316e4:	d00317a0 	.word	0xd00317a0
d00316e8:	d00317a0 	.word	0xd00317a0
d00316ec:	d00317a0 	.word	0xd00317a0
d00316f0:	d00317a0 	.word	0xd00317a0
d00316f4:	d0031744 	.word	0xd0031744
d00316f8:	e51b3008 	ldr	r3, [fp, #-8]
d00316fc:	e5933000 	ldr	r3, [r3]
d0031700:	e54b300a 	strb	r3, [fp, #-10]
d0031704:	e51b3008 	ldr	r3, [fp, #-8]
d0031708:	e2833004 	add	r3, r3, #4
d003170c:	e50b3008 	str	r3, [fp, #-8]
d0031710:	e55b300a 	ldrb	r3, [fp, #-10]
d0031714:	e1a00003 	mov	r0, r3
d0031718:	eb00006c 	bl	d00318d0 <putchar>
d003171c:	ea000020 	b	d00317a4 <printf+0x158>
d0031720:	e51b3008 	ldr	r3, [fp, #-8]
d0031724:	e5933000 	ldr	r3, [r3]
d0031728:	e50b3010 	str	r3, [fp, #-16]
d003172c:	e51b3008 	ldr	r3, [fp, #-8]
d0031730:	e2833004 	add	r3, r3, #4
d0031734:	e50b3008 	str	r3, [fp, #-8]
d0031738:	e51b0010 	ldr	r0, [fp, #-16]
d003173c:	ebffffae 	bl	d00315fc <_puts>
d0031740:	ea000017 	b	d00317a4 <printf+0x158>
d0031744:	e51b3008 	ldr	r3, [fp, #-8]
d0031748:	e5933000 	ldr	r3, [r3]
d003174c:	e50b3014 	str	r3, [fp, #-20]
d0031750:	e51b3008 	ldr	r3, [fp, #-8]
d0031754:	e2833004 	add	r3, r3, #4
d0031758:	e50b3008 	str	r3, [fp, #-8]
d003175c:	e51b0014 	ldr	r0, [fp, #-20]
d0031760:	ebffff2f 	bl	d0031424 <putint_hex>
d0031764:	ea00000e 	b	d00317a4 <printf+0x158>
d0031768:	e51b3008 	ldr	r3, [fp, #-8]
d003176c:	e5933000 	ldr	r3, [r3]
d0031770:	e50b3014 	str	r3, [fp, #-20]
d0031774:	e51b3008 	ldr	r3, [fp, #-8]
d0031778:	e2833004 	add	r3, r3, #4
d003177c:	e50b3008 	str	r3, [fp, #-8]
d0031780:	e24b3078 	sub	r3, fp, #120	; 0x78
d0031784:	e51b0014 	ldr	r0, [fp, #-20]
d0031788:	e1a01003 	mov	r1, r3
d003178c:	ebffff3d 	bl	d0031488 <itoa>
d0031790:	e24b3078 	sub	r3, fp, #120	; 0x78
d0031794:	e1a00003 	mov	r0, r3
d0031798:	ebffff97 	bl	d00315fc <_puts>
d003179c:	ea000000 	b	d00317a4 <printf+0x158>
d00317a0:	e1a00000 	nop			; (mov r0, r0)
d00317a4:	ea000003 	b	d00317b8 <printf+0x16c>
d00317a8:	e55b3009 	ldrb	r3, [fp, #-9]
d00317ac:	e1a00003 	mov	r0, r3
d00317b0:	eb000046 	bl	d00318d0 <putchar>
d00317b4:	e1a00000 	nop			; (mov r0, r0)
d00317b8:	e59b3004 	ldr	r3, [fp, #4]
d00317bc:	e5d32000 	ldrb	r2, [r3]
d00317c0:	e54b2009 	strb	r2, [fp, #-9]
d00317c4:	e55b2009 	ldrb	r2, [fp, #-9]
d00317c8:	e3520000 	cmp	r2, #0
d00317cc:	03a02000 	moveq	r2, #0
d00317d0:	13a02001 	movne	r2, #1
d00317d4:	e6ef2072 	uxtb	r2, r2
d00317d8:	e2833001 	add	r3, r3, #1
d00317dc:	e58b3004 	str	r3, [fp, #4]
d00317e0:	e3520000 	cmp	r2, #0
d00317e4:	1affffa0 	bne	d003166c <printf+0x20>
d00317e8:	e3a03000 	mov	r3, #0
d00317ec:	e1a00003 	mov	r0, r3
d00317f0:	e24bd004 	sub	sp, fp, #4
d00317f4:	e8bd4800 	pop	{fp, lr}
d00317f8:	e28dd010 	add	sp, sp, #16
d00317fc:	e12fff1e 	bx	lr

d0031800 <shell_parse>:
d0031800:	e52db004 	push	{fp}		; (str fp, [sp, #-4]!)
d0031804:	e28db000 	add	fp, sp, #0
d0031808:	e24dd014 	sub	sp, sp, #20
d003180c:	e50b0010 	str	r0, [fp, #-16]
d0031810:	e50b1014 	str	r1, [fp, #-20]
d0031814:	e3a03000 	mov	r3, #0
d0031818:	e50b3008 	str	r3, [fp, #-8]
d003181c:	e3a03000 	mov	r3, #0
d0031820:	e50b300c 	str	r3, [fp, #-12]
d0031824:	ea000020 	b	d00318ac <shell_parse+0xac>
d0031828:	e51b3010 	ldr	r3, [fp, #-16]
d003182c:	e5d33000 	ldrb	r3, [r3]
d0031830:	e3530020 	cmp	r3, #32
d0031834:	0a00000d 	beq	d0031870 <shell_parse+0x70>
d0031838:	e51b300c 	ldr	r3, [fp, #-12]
d003183c:	e3530000 	cmp	r3, #0
d0031840:	1a00000a 	bne	d0031870 <shell_parse+0x70>
d0031844:	e51b3008 	ldr	r3, [fp, #-8]
d0031848:	e1a03103 	lsl	r3, r3, #2
d003184c:	e51b2014 	ldr	r2, [fp, #-20]
d0031850:	e0823003 	add	r3, r2, r3
d0031854:	e51b2010 	ldr	r2, [fp, #-16]
d0031858:	e5832000 	str	r2, [r3]
d003185c:	e51b3008 	ldr	r3, [fp, #-8]
d0031860:	e2833001 	add	r3, r3, #1
d0031864:	e50b3008 	str	r3, [fp, #-8]
d0031868:	e3a03001 	mov	r3, #1
d003186c:	e50b300c 	str	r3, [fp, #-12]
d0031870:	e51b3010 	ldr	r3, [fp, #-16]
d0031874:	e5d33000 	ldrb	r3, [r3]
d0031878:	e3530020 	cmp	r3, #32
d003187c:	1a000007 	bne	d00318a0 <shell_parse+0xa0>
d0031880:	e51b300c 	ldr	r3, [fp, #-12]
d0031884:	e3530001 	cmp	r3, #1
d0031888:	1a000004 	bne	d00318a0 <shell_parse+0xa0>
d003188c:	e51b3010 	ldr	r3, [fp, #-16]
d0031890:	e3a02000 	mov	r2, #0
d0031894:	e5c32000 	strb	r2, [r3]
d0031898:	e3a03000 	mov	r3, #0
d003189c:	e50b300c 	str	r3, [fp, #-12]
d00318a0:	e51b3010 	ldr	r3, [fp, #-16]
d00318a4:	e2833001 	add	r3, r3, #1
d00318a8:	e50b3010 	str	r3, [fp, #-16]
d00318ac:	e51b3010 	ldr	r3, [fp, #-16]
d00318b0:	e5d33000 	ldrb	r3, [r3]
d00318b4:	e3530000 	cmp	r3, #0
d00318b8:	1affffda 	bne	d0031828 <shell_parse+0x28>
d00318bc:	e51b3008 	ldr	r3, [fp, #-8]
d00318c0:	e1a00003 	mov	r0, r3
d00318c4:	e28bd000 	add	sp, fp, #0
d00318c8:	e8bd0800 	pop	{fp}
d00318cc:	e12fff1e 	bx	lr

d00318d0 <putchar>:
d00318d0:	e92d4800 	push	{fp, lr}
d00318d4:	e28db004 	add	fp, sp, #4
d00318d8:	e24dd008 	sub	sp, sp, #8
d00318dc:	e50b0008 	str	r0, [fp, #-8]
d00318e0:	e51b3008 	ldr	r3, [fp, #-8]
d00318e4:	e353000a 	cmp	r3, #10
d00318e8:	1a000001 	bne	d00318f4 <putchar+0x24>
d00318ec:	e3a0000d 	mov	r0, #13
d00318f0:	eb0000ac 	bl	d0031ba8 <uart_putchar>
d00318f4:	e51b3008 	ldr	r3, [fp, #-8]
d00318f8:	e3530008 	cmp	r3, #8
d00318fc:	1a000003 	bne	d0031910 <putchar+0x40>
d0031900:	e3a00008 	mov	r0, #8
d0031904:	eb0000a7 	bl	d0031ba8 <uart_putchar>
d0031908:	e3a00020 	mov	r0, #32
d003190c:	eb0000a5 	bl	d0031ba8 <uart_putchar>
d0031910:	e51b3008 	ldr	r3, [fp, #-8]
d0031914:	e6ef3073 	uxtb	r3, r3
d0031918:	e1a00003 	mov	r0, r3
d003191c:	eb0000a1 	bl	d0031ba8 <uart_putchar>
d0031920:	e51b3008 	ldr	r3, [fp, #-8]
d0031924:	e1a00003 	mov	r0, r3
d0031928:	e24bd004 	sub	sp, fp, #4
d003192c:	e8bd8800 	pop	{fp, pc}

d0031930 <getchar>:
d0031930:	e92d4800 	push	{fp, lr}
d0031934:	e28db004 	add	fp, sp, #4
d0031938:	e24dd008 	sub	sp, sp, #8
d003193c:	eb000086 	bl	d0031b5c <uart_getchar>
d0031940:	e1a03000 	mov	r3, r0
d0031944:	e50b3008 	str	r3, [fp, #-8]
d0031948:	e51b3008 	ldr	r3, [fp, #-8]
d003194c:	e353000d 	cmp	r3, #13
d0031950:	1a000001 	bne	d003195c <getchar+0x2c>
d0031954:	e3a0300a 	mov	r3, #10
d0031958:	ea000000 	b	d0031960 <getchar+0x30>
d003195c:	e51b3008 	ldr	r3, [fp, #-8]
d0031960:	e1a00003 	mov	r0, r3
d0031964:	e24bd004 	sub	sp, fp, #4
d0031968:	e8bd8800 	pop	{fp, pc}

d003196c <puts>:
d003196c:	e92d4800 	push	{fp, lr}
d0031970:	e28db004 	add	fp, sp, #4
d0031974:	e24dd008 	sub	sp, sp, #8
d0031978:	e50b0008 	str	r0, [fp, #-8]
d003197c:	ea000006 	b	d003199c <puts+0x30>
d0031980:	e51b3008 	ldr	r3, [fp, #-8]
d0031984:	e5d33000 	ldrb	r3, [r3]
d0031988:	e51b2008 	ldr	r2, [fp, #-8]
d003198c:	e2822001 	add	r2, r2, #1
d0031990:	e50b2008 	str	r2, [fp, #-8]
d0031994:	e1a00003 	mov	r0, r3
d0031998:	ebffffcc 	bl	d00318d0 <putchar>
d003199c:	e51b3008 	ldr	r3, [fp, #-8]
d00319a0:	e5d33000 	ldrb	r3, [r3]
d00319a4:	e3530000 	cmp	r3, #0
d00319a8:	1afffff4 	bne	d0031980 <puts+0x14>
d00319ac:	e3a0000a 	mov	r0, #10
d00319b0:	ebffffc6 	bl	d00318d0 <putchar>
d00319b4:	e3a03000 	mov	r3, #0
d00319b8:	e1a00003 	mov	r0, r3
d00319bc:	e24bd004 	sub	sp, fp, #4
d00319c0:	e8bd8800 	pop	{fp, pc}

d00319c4 <gets>:
d00319c4:	e92d4800 	push	{fp, lr}
d00319c8:	e28db004 	add	fp, sp, #4
d00319cc:	e24dd010 	sub	sp, sp, #16
d00319d0:	e50b0010 	str	r0, [fp, #-16]
d00319d4:	e51b3010 	ldr	r3, [fp, #-16]
d00319d8:	e50b3008 	str	r3, [fp, #-8]
d00319dc:	ea000016 	b	d0031a3c <gets+0x78>
d00319e0:	e51b3008 	ldr	r3, [fp, #-8]
d00319e4:	e5d33000 	ldrb	r3, [r3]
d00319e8:	e3530008 	cmp	r3, #8
d00319ec:	0a000007 	beq	d0031a10 <gets+0x4c>
d00319f0:	e51b3008 	ldr	r3, [fp, #-8]
d00319f4:	e5d33000 	ldrb	r3, [r3]
d00319f8:	e51b2008 	ldr	r2, [fp, #-8]
d00319fc:	e2822001 	add	r2, r2, #1
d0031a00:	e50b2008 	str	r2, [fp, #-8]
d0031a04:	e1a00003 	mov	r0, r3
d0031a08:	ebffffb0 	bl	d00318d0 <putchar>
d0031a0c:	ea00000a 	b	d0031a3c <gets+0x78>
d0031a10:	e51b2008 	ldr	r2, [fp, #-8]
d0031a14:	e51b3010 	ldr	r3, [fp, #-16]
d0031a18:	e1520003 	cmp	r2, r3
d0031a1c:	9a000006 	bls	d0031a3c <gets+0x78>
d0031a20:	e51b3008 	ldr	r3, [fp, #-8]
d0031a24:	e5d33000 	ldrb	r3, [r3]
d0031a28:	e51b2008 	ldr	r2, [fp, #-8]
d0031a2c:	e2422001 	sub	r2, r2, #1
d0031a30:	e50b2008 	str	r2, [fp, #-8]
d0031a34:	e1a00003 	mov	r0, r3
d0031a38:	ebffffa4 	bl	d00318d0 <putchar>
d0031a3c:	ebffffbb 	bl	d0031930 <getchar>
d0031a40:	e1a03000 	mov	r3, r0
d0031a44:	e6ef2073 	uxtb	r2, r3
d0031a48:	e51b3008 	ldr	r3, [fp, #-8]
d0031a4c:	e5c32000 	strb	r2, [r3]
d0031a50:	e51b3008 	ldr	r3, [fp, #-8]
d0031a54:	e5d33000 	ldrb	r3, [r3]
d0031a58:	e353000a 	cmp	r3, #10
d0031a5c:	1affffdf 	bne	d00319e0 <gets+0x1c>
d0031a60:	e51b3008 	ldr	r3, [fp, #-8]
d0031a64:	e3a02000 	mov	r2, #0
d0031a68:	e5c32000 	strb	r2, [r3]
d0031a6c:	e3a0000a 	mov	r0, #10
d0031a70:	ebffff96 	bl	d00318d0 <putchar>
d0031a74:	e51b3010 	ldr	r3, [fp, #-16]
d0031a78:	e1a00003 	mov	r0, r3
d0031a7c:	e24bd004 	sub	sp, fp, #4
d0031a80:	e8bd8800 	pop	{fp, pc}

d0031a84 <uart_init>:
d0031a84:	e52db004 	push	{fp}		; (str fp, [sp, #-4]!)
d0031a88:	e28db000 	add	fp, sp, #0
d0031a8c:	e59f308c 	ldr	r3, [pc, #140]	; d0031b20 <uart_init+0x9c>
d0031a90:	e59f208c 	ldr	r2, [pc, #140]	; d0031b24 <uart_init+0xa0>
d0031a94:	e5832000 	str	r2, [r3]
d0031a98:	e59f3088 	ldr	r3, [pc, #136]	; d0031b28 <uart_init+0xa4>
d0031a9c:	e59f2088 	ldr	r2, [pc, #136]	; d0031b2c <uart_init+0xa8>
d0031aa0:	e5832000 	str	r2, [r3]
d0031aa4:	e59f3084 	ldr	r3, [pc, #132]	; d0031b30 <uart_init+0xac>
d0031aa8:	e59f2084 	ldr	r2, [pc, #132]	; d0031b34 <uart_init+0xb0>
d0031aac:	e5832000 	str	r2, [r3]
d0031ab0:	e59f3080 	ldr	r3, [pc, #128]	; d0031b38 <uart_init+0xb4>
d0031ab4:	e59f2080 	ldr	r2, [pc, #128]	; d0031b3c <uart_init+0xb8>
d0031ab8:	e5832000 	str	r2, [r3]
d0031abc:	e59f307c 	ldr	r3, [pc, #124]	; d0031b40 <uart_init+0xbc>
d0031ac0:	e59f2078 	ldr	r2, [pc, #120]	; d0031b40 <uart_init+0xbc>
d0031ac4:	e5922000 	ldr	r2, [r2]
d0031ac8:	e3c220ff 	bic	r2, r2, #255	; 0xff
d0031acc:	e5832000 	str	r2, [r3]
d0031ad0:	e59f3068 	ldr	r3, [pc, #104]	; d0031b40 <uart_init+0xbc>
d0031ad4:	e59f2064 	ldr	r2, [pc, #100]	; d0031b40 <uart_init+0xbc>
d0031ad8:	e5922000 	ldr	r2, [r2]
d0031adc:	e3822022 	orr	r2, r2, #34	; 0x22
d0031ae0:	e5832000 	str	r2, [r3]
d0031ae4:	e59f3058 	ldr	r3, [pc, #88]	; d0031b44 <uart_init+0xc0>
d0031ae8:	e3a02003 	mov	r2, #3
d0031aec:	e5832000 	str	r2, [r3]
d0031af0:	e59f3050 	ldr	r3, [pc, #80]	; d0031b48 <uart_init+0xc4>
d0031af4:	e59f2050 	ldr	r2, [pc, #80]	; d0031b4c <uart_init+0xc8>
d0031af8:	e5832000 	str	r2, [r3]
d0031afc:	e59f304c 	ldr	r3, [pc, #76]	; d0031b50 <uart_init+0xcc>
d0031b00:	e3a02023 	mov	r2, #35	; 0x23
d0031b04:	e5832000 	str	r2, [r3]
d0031b08:	e59f3044 	ldr	r3, [pc, #68]	; d0031b54 <uart_init+0xd0>
d0031b0c:	e59f2044 	ldr	r2, [pc, #68]	; d0031b58 <uart_init+0xd4>
d0031b10:	e5832000 	str	r2, [r3]
d0031b14:	e28bd000 	add	sp, fp, #0
d0031b18:	e8bd0800 	pop	{fp}
d0031b1c:	e12fff1e 	bx	lr
d0031b20:	e0100100 	.word	0xe0100100
d0031b24:	a07d0301 	.word	0xa07d0301
d0031b28:	e0100200 	.word	0xe0100200
d0031b2c:	10001111 	.word	0x10001111
d0031b30:	e0100300 	.word	0xe0100300
d0031b34:	14131440 	.word	0x14131440
d0031b38:	e0100108 	.word	0xe0100108
d0031b3c:	a29b0c01 	.word	0xa29b0c01
d0031b40:	e0200000 	.word	0xe0200000
d0031b44:	e2900000 	.word	0xe2900000
d0031b48:	e2900004 	.word	0xe2900004
d0031b4c:	00000245 	.word	0x00000245
d0031b50:	e2900028 	.word	0xe2900028
d0031b54:	e290002c 	.word	0xe290002c
d0031b58:	00000808 	.word	0x00000808

d0031b5c <uart_getchar>:
d0031b5c:	e52db004 	push	{fp}		; (str fp, [sp, #-4]!)
d0031b60:	e28db000 	add	fp, sp, #0
d0031b64:	e24dd00c 	sub	sp, sp, #12
d0031b68:	e1a00000 	nop			; (mov r0, r0)
d0031b6c:	e59f302c 	ldr	r3, [pc, #44]	; d0031ba0 <uart_getchar+0x44>
d0031b70:	e5933000 	ldr	r3, [r3]
d0031b74:	e2033001 	and	r3, r3, #1
d0031b78:	e3530000 	cmp	r3, #0
d0031b7c:	0afffffa 	beq	d0031b6c <uart_getchar+0x10>
d0031b80:	e59f301c 	ldr	r3, [pc, #28]	; d0031ba4 <uart_getchar+0x48>
d0031b84:	e5d33000 	ldrb	r3, [r3]
d0031b88:	e54b3005 	strb	r3, [fp, #-5]
d0031b8c:	e55b3005 	ldrb	r3, [fp, #-5]
d0031b90:	e1a00003 	mov	r0, r3
d0031b94:	e28bd000 	add	sp, fp, #0
d0031b98:	e8bd0800 	pop	{fp}
d0031b9c:	e12fff1e 	bx	lr
d0031ba0:	e2900010 	.word	0xe2900010
d0031ba4:	e2900024 	.word	0xe2900024

d0031ba8 <uart_putchar>:
d0031ba8:	e52db004 	push	{fp}		; (str fp, [sp, #-4]!)
d0031bac:	e28db000 	add	fp, sp, #0
d0031bb0:	e24dd00c 	sub	sp, sp, #12
d0031bb4:	e1a03000 	mov	r3, r0
d0031bb8:	e54b3005 	strb	r3, [fp, #-5]
d0031bbc:	e1a00000 	nop			; (mov r0, r0)
d0031bc0:	e59f3024 	ldr	r3, [pc, #36]	; d0031bec <uart_putchar+0x44>
d0031bc4:	e5933000 	ldr	r3, [r3]
d0031bc8:	e2033004 	and	r3, r3, #4
d0031bcc:	e3530000 	cmp	r3, #0
d0031bd0:	0afffffa 	beq	d0031bc0 <uart_putchar+0x18>
d0031bd4:	e59f3014 	ldr	r3, [pc, #20]	; d0031bf0 <uart_putchar+0x48>
d0031bd8:	e55b2005 	ldrb	r2, [fp, #-5]
d0031bdc:	e5c32000 	strb	r2, [r3]
d0031be0:	e28bd000 	add	sp, fp, #0
d0031be4:	e8bd0800 	pop	{fp}
d0031be8:	e12fff1e 	bx	lr
d0031bec:	e2900010 	.word	0xe2900010
d0031bf0:	e2900020 	.word	0xe2900020

d0031bf4 <delay>:
d0031bf4:	e52db004 	push	{fp}		; (str fp, [sp, #-4]!)
d0031bf8:	e28db000 	add	fp, sp, #0
d0031bfc:	e24dd00c 	sub	sp, sp, #12
d0031c00:	e3a03000 	mov	r3, #0
d0031c04:	e50b3008 	str	r3, [fp, #-8]
d0031c08:	ea000002 	b	d0031c18 <delay+0x24>
d0031c0c:	e51b3008 	ldr	r3, [fp, #-8]
d0031c10:	e2833001 	add	r3, r3, #1
d0031c14:	e50b3008 	str	r3, [fp, #-8]
d0031c18:	e51b2008 	ldr	r2, [fp, #-8]
d0031c1c:	e59f3010 	ldr	r3, [pc, #16]	; d0031c34 <delay+0x40>
d0031c20:	e1520003 	cmp	r2, r3
d0031c24:	dafffff8 	ble	d0031c0c <delay+0x18>
d0031c28:	e28bd000 	add	sp, fp, #0
d0031c2c:	e8bd0800 	pop	{fp}
d0031c30:	e12fff1e 	bx	lr
d0031c34:	000fffff 	.word	0x000fffff

d0031c38 <xmodem_recv>:
d0031c38:	e92d4800 	push	{fp, lr}
d0031c3c:	e28db004 	add	fp, sp, #4
d0031c40:	e24dd010 	sub	sp, sp, #16
d0031c44:	e50b0010 	str	r0, [fp, #-16]
d0031c48:	e3a03039 	mov	r3, #57	; 0x39
d0031c4c:	e54b3005 	strb	r3, [fp, #-5]
d0031c50:	ea000006 	b	d0031c70 <xmodem_recv+0x38>
d0031c54:	e55b3005 	ldrb	r3, [fp, #-5]
d0031c58:	e1a00003 	mov	r0, r3
d0031c5c:	ebffff1b 	bl	d00318d0 <putchar>
d0031c60:	ebffffe3 	bl	d0031bf4 <delay>
d0031c64:	e55b3005 	ldrb	r3, [fp, #-5]
d0031c68:	e2433001 	sub	r3, r3, #1
d0031c6c:	e54b3005 	strb	r3, [fp, #-5]
d0031c70:	e55b3005 	ldrb	r3, [fp, #-5]
d0031c74:	e3530030 	cmp	r3, #48	; 0x30
d0031c78:	8afffff5 	bhi	d0031c54 <xmodem_recv+0x1c>
d0031c7c:	e3a00015 	mov	r0, #21
d0031c80:	ebffff12 	bl	d00318d0 <putchar>
d0031c84:	ea000015 	b	d0031ce0 <xmodem_recv+0xa8>
d0031c88:	ebffff28 	bl	d0031930 <getchar>
d0031c8c:	ebffff27 	bl	d0031930 <getchar>
d0031c90:	e3a03000 	mov	r3, #0
d0031c94:	e50b300c 	str	r3, [fp, #-12]
d0031c98:	ea00000a 	b	d0031cc8 <xmodem_recv+0x90>
d0031c9c:	ebffff23 	bl	d0031930 <getchar>
d0031ca0:	e1a03000 	mov	r3, r0
d0031ca4:	e6ef2073 	uxtb	r2, r3
d0031ca8:	e51b3010 	ldr	r3, [fp, #-16]
d0031cac:	e5c32000 	strb	r2, [r3]
d0031cb0:	e51b3010 	ldr	r3, [fp, #-16]
d0031cb4:	e2833001 	add	r3, r3, #1
d0031cb8:	e50b3010 	str	r3, [fp, #-16]
d0031cbc:	e51b300c 	ldr	r3, [fp, #-12]
d0031cc0:	e2833001 	add	r3, r3, #1
d0031cc4:	e50b300c 	str	r3, [fp, #-12]
d0031cc8:	e51b300c 	ldr	r3, [fp, #-12]
d0031ccc:	e353007f 	cmp	r3, #127	; 0x7f
d0031cd0:	dafffff1 	ble	d0031c9c <xmodem_recv+0x64>
d0031cd4:	ebffff15 	bl	d0031930 <getchar>
d0031cd8:	e3a00006 	mov	r0, #6
d0031cdc:	ebfffefb 	bl	d00318d0 <putchar>
d0031ce0:	ebffff12 	bl	d0031930 <getchar>
d0031ce4:	e1a03000 	mov	r3, r0
d0031ce8:	e3530004 	cmp	r3, #4
d0031cec:	1affffe5 	bne	d0031c88 <xmodem_recv+0x50>
d0031cf0:	e3a00006 	mov	r0, #6
d0031cf4:	ebfffef5 	bl	d00318d0 <putchar>
d0031cf8:	e24bd004 	sub	sp, fp, #4
d0031cfc:	e8bd8800 	pop	{fp, pc}

9-linux-demo.elf:     file format elf32-littlearm

Contents of section .rodata:
 d0031d00 68656c70 20757361 67653a00 6d64202d  help usage:.md -
 d0031d10 206d656d 6f727920 64697370 616c7900   memory dispaly.
 d0031d20 6d77202d 206d656d 6f727920 77726974  mw - memory writ
 d0031d30 65000000 6c6f6164 62202d20 6c6f6164  e...loadb - load
 d0031d40 202e6269 6e206669 6c652066 726f6d20   .bin file from 
 d0031d50 75617274 00000000 676f202d 20676f20  uart....go - go 
 d0031d60 746f2061 64647265 73730000 6c6f6164  to address..load
 d0031d70 78202d20 6c6f6164 202e6269 6e206669  x - load .bin fi
 d0031d80 6c652075 73696e67 20786d6f 64656d00  le using xmodem.
 d0031d90 6e616e64 202d206e 616e6420 72656164  nand - nand read
 d0031da0 2f777269 74650000 626f6f74 6d202d20  /write..bootm - 
 d0031db0 626f6f74 206c696e 7578206b 65726e65  boot linux kerne
 d0031dc0 6c000000 25783a20 00000000 25782000  l...%x: ....%x .
 d0031dd0 6c6f6164 2062696e 2066696c 6520746f  load bin file to
 d0031de0 20616464 72657373 20307825 780a0000   address 0x%x...
 d0031df0 6c6f6164 2066696e 69736865 64212000  load finished! .
 d0031e00 6c6f6164 2062696e 2066696c 65206279  load bin file by
 d0031e10 20786d6f 64656d20 746f2061 64647265   xmodem to addre
 d0031e20 73732030 7825780a 00000000 6c6f6164  ss 0x%x.....load
 d0031e30 78206669 6e697368 65642120 00000000  x finished! ....
 d0031e40 676f2074 6f206164 64726573 73203078  go to address 0x
 d0031e50 25780a00 73647261 6d203078 25782c20  %x..sdram 0x%x, 
 d0031e60 6e616e64 20307825 782c2073 697a6520  nand 0x%x, size 
 d0031e70 30782578 0a000000 72656164 00000000  0x%x....read....
 d0031e80 77726974 65000000 6e616e64 20257320  write...nand %s 
 d0031e90 66696e69 73686564 210a0000 726f6f74  finished!...root
 d0031ea0 3d2f6465 762f6d74 64626c6f 636b3420  =/dev/mtdblock4 
 d0031eb0 636f6e73 6f6c653d 74747953 4143302c  console=ttySAC0,
 d0031ec0 31313532 30302069 6e69743d 2f6c696e  115200 init=/lin
 d0031ed0 75787263 206c6364 3d483433 00000000  uxrc lcd=H43....
 d0031ee0 6c6f6164 696e6720 6c696e75 78206672  loading linux fr
 d0031ef0 6f6d204e 616e6446 6c617368 20344d20  om NandFlash 4M 
 d0031f00 746f2053 4452414d 20307825 782e2e2e  to SDRAM 0x%x...
 d0031f10 0a000000 6c756d69 7420626f 6f74206c  ....lumit boot l
 d0031f20 696e7578 206e6f77 2e2e2e00 636f6d6d  inux now....comm
 d0031f30 616e6420 646f203c 25733e20 0a000000  and do <%s> ....
 d0031f40 68656c70 00000000 6d640000 6d770000  help....md..mw..
 d0031f50 6c6f6164 62000000 676f0000 6c6f6164  loadb...go..load
 d0031f60 78000000 6e616e64 00000000 626f6f74  x...nand....boot
 d0031f70 6d000000 0a0a4d61 79203135 20323031  m.....May 15 201
 d0031f80 32202031 353a3138 3a333800 77656c63  2  15:18:38.welc
 d0031f90 6f6d6520 746f206d 7920626f 6f742076  ome to my boot v
 d0031fa0 312e3020 0a000000 4c554d49 54202420  1.0 ....LUMIT $ 
 d0031fb0 00000000 796f7572 20696e70 75743a20  ....your input: 
 d0031fc0 3c25733e 0a000000 25643a20 3c25733e  <%s>....%d: <%s>
 d0031fd0 0a000000 30313233 34353637 38394142  ....0123456789AB
 d0031fe0 43444546 00000000                    CDEF....        

Disassembly of section .rodata:

d0031d00 <cmd-0x19c>:
d0031d00:	706c6568 	.word	0x706c6568
d0031d04:	61737520 	.word	0x61737520
d0031d08:	003a6567 	.word	0x003a6567
d0031d0c:	2d20646d 	.word	0x2d20646d
d0031d10:	6d656d20 	.word	0x6d656d20
d0031d14:	2079726f 	.word	0x2079726f
d0031d18:	70736964 	.word	0x70736964
d0031d1c:	00796c61 	.word	0x00796c61
d0031d20:	2d20776d 	.word	0x2d20776d
d0031d24:	6d656d20 	.word	0x6d656d20
d0031d28:	2079726f 	.word	0x2079726f
d0031d2c:	74697277 	.word	0x74697277
d0031d30:	00000065 	.word	0x00000065
d0031d34:	64616f6c 	.word	0x64616f6c
d0031d38:	202d2062 	.word	0x202d2062
d0031d3c:	64616f6c 	.word	0x64616f6c
d0031d40:	69622e20 	.word	0x69622e20
d0031d44:	6966206e 	.word	0x6966206e
d0031d48:	6620656c 	.word	0x6620656c
d0031d4c:	206d6f72 	.word	0x206d6f72
d0031d50:	74726175 	.word	0x74726175
d0031d54:	00000000 	.word	0x00000000
d0031d58:	2d206f67 	.word	0x2d206f67
d0031d5c:	206f6720 	.word	0x206f6720
d0031d60:	61206f74 	.word	0x61206f74
d0031d64:	65726464 	.word	0x65726464
d0031d68:	00007373 	.word	0x00007373
d0031d6c:	64616f6c 	.word	0x64616f6c
d0031d70:	202d2078 	.word	0x202d2078
d0031d74:	64616f6c 	.word	0x64616f6c
d0031d78:	69622e20 	.word	0x69622e20
d0031d7c:	6966206e 	.word	0x6966206e
d0031d80:	7520656c 	.word	0x7520656c
d0031d84:	676e6973 	.word	0x676e6973
d0031d88:	6f6d7820 	.word	0x6f6d7820
d0031d8c:	006d6564 	.word	0x006d6564
d0031d90:	646e616e 	.word	0x646e616e
d0031d94:	6e202d20 	.word	0x6e202d20
d0031d98:	20646e61 	.word	0x20646e61
d0031d9c:	64616572 	.word	0x64616572
d0031da0:	6972772f 	.word	0x6972772f
d0031da4:	00006574 	.word	0x00006574
d0031da8:	746f6f62 	.word	0x746f6f62
d0031dac:	202d206d 	.word	0x202d206d
d0031db0:	746f6f62 	.word	0x746f6f62
d0031db4:	6e696c20 	.word	0x6e696c20
d0031db8:	6b207875 	.word	0x6b207875
d0031dbc:	656e7265 	.word	0x656e7265
d0031dc0:	0000006c 	.word	0x0000006c
d0031dc4:	203a7825 	.word	0x203a7825
d0031dc8:	00000000 	.word	0x00000000
d0031dcc:	00207825 	.word	0x00207825
d0031dd0:	64616f6c 	.word	0x64616f6c
d0031dd4:	6e696220 	.word	0x6e696220
d0031dd8:	6c696620 	.word	0x6c696620
d0031ddc:	6f742065 	.word	0x6f742065
d0031de0:	64646120 	.word	0x64646120
d0031de4:	73736572 	.word	0x73736572
d0031de8:	25783020 	.word	0x25783020
d0031dec:	00000a78 	.word	0x00000a78
d0031df0:	64616f6c 	.word	0x64616f6c
d0031df4:	6e696620 	.word	0x6e696620
d0031df8:	65687369 	.word	0x65687369
d0031dfc:	00202164 	.word	0x00202164
d0031e00:	64616f6c 	.word	0x64616f6c
d0031e04:	6e696220 	.word	0x6e696220
d0031e08:	6c696620 	.word	0x6c696620
d0031e0c:	79622065 	.word	0x79622065
d0031e10:	6f6d7820 	.word	0x6f6d7820
d0031e14:	206d6564 	.word	0x206d6564
d0031e18:	61206f74 	.word	0x61206f74
d0031e1c:	65726464 	.word	0x65726464
d0031e20:	30207373 	.word	0x30207373
d0031e24:	0a782578 	.word	0x0a782578
d0031e28:	00000000 	.word	0x00000000
d0031e2c:	64616f6c 	.word	0x64616f6c
d0031e30:	69662078 	.word	0x69662078
d0031e34:	6873696e 	.word	0x6873696e
d0031e38:	20216465 	.word	0x20216465
d0031e3c:	00000000 	.word	0x00000000
d0031e40:	74206f67 	.word	0x74206f67
d0031e44:	6461206f 	.word	0x6461206f
d0031e48:	73657264 	.word	0x73657264
d0031e4c:	78302073 	.word	0x78302073
d0031e50:	000a7825 	.word	0x000a7825
d0031e54:	61726473 	.word	0x61726473
d0031e58:	7830206d 	.word	0x7830206d
d0031e5c:	202c7825 	.word	0x202c7825
d0031e60:	646e616e 	.word	0x646e616e
d0031e64:	25783020 	.word	0x25783020
d0031e68:	73202c78 	.word	0x73202c78
d0031e6c:	20657a69 	.word	0x20657a69
d0031e70:	78257830 	.word	0x78257830
d0031e74:	0000000a 	.word	0x0000000a
d0031e78:	64616572 	.word	0x64616572
d0031e7c:	00000000 	.word	0x00000000
d0031e80:	74697277 	.word	0x74697277
d0031e84:	00000065 	.word	0x00000065
d0031e88:	646e616e 	.word	0x646e616e
d0031e8c:	20732520 	.word	0x20732520
d0031e90:	696e6966 	.word	0x696e6966
d0031e94:	64656873 	.word	0x64656873
d0031e98:	00000a21 	.word	0x00000a21

d0031e9c <cmd>:
d0031e9c:	746f6f72 65642f3d 746d2f76 6f6c6264     root=/dev/mtdblo
d0031eac:	20346b63 736e6f63 3d656c6f 53797474     ck4 console=ttyS
d0031ebc:	2c304341 32353131 69203030 3d74696e     AC0,115200 init=
d0031ecc:	6e696c2f 63727875 64636c20 3334483d     /linuxrc lcd=H43
d0031edc:	00000000 64616f6c 20676e69 756e696c     ....loading linu
d0031eec:	72662078 4e206d6f 46646e61 6873616c     x from NandFlash
d0031efc:	204d3420 53206f74 4d415244 25783020      4M to SDRAM 0x%
d0031f0c:	2e2e2e78 0000000a 696d756c 6f622074     x.......lumit bo
d0031f1c:	6c20746f 78756e69 776f6e20 002e2e2e     ot linux now....
d0031f2c:	6d6d6f63 20646e61 3c206f64 203e7325     command do <%s> 
d0031f3c:	0000000a 706c6568 00000000 0000646d     ....help....md..
d0031f4c:	0000776d 64616f6c 00000062 00006f67     mw..loadb...go..
d0031f5c:	64616f6c 00000078 646e616e 00000000     loadx...nand....
d0031f6c:	746f6f62 0000006d 614d0a0a 35312079     bootm.....May 15
d0031f7c:	31303220 31202032 38313a35 0038333a      2012  15:18:38.
d0031f8c:	636c6577 20656d6f 6d206f74 6f622079     welcome to my bo
d0031f9c:	7620746f 20302e31 0000000a 494d554c     ot v1.0 ....LUMI
d0031fac:	20242054 00000000 72756f79 706e6920     T $ ....your inp
d0031fbc:	203a7475 3e73253c 0000000a 203a6425     ut: <%s>....%d: 
d0031fcc:	3e73253c 0000000a 33323130 37363534     <%s>....01234567
d0031fdc:	42413938 46454443 00000000              89ABCDEF....
