
3-UART-demo.elf:     file format elf32-littlearm


Disassembly of section .text:

d0020010 <_start>:
d0020010:	e59fd000 	ldr	sp, [pc, #0]	; d0020018 <_start+0x8>
d0020014:	ea00003c 	b	d002010c <mymain>
d0020018:	d0030000 	.word	0xd0030000

d002001c <delay>:
d002001c:	e52db004 	push	{fp}		; (str fp, [sp, #-4]!)
d0020020:	e28db000 	add	fp, sp, #0
d0020024:	e24dd00c 	sub	sp, sp, #12
d0020028:	e3a03000 	mov	r3, #0
d002002c:	e50b3008 	str	r3, [fp, #-8]
d0020030:	ea000002 	b	d0020040 <delay+0x24>
d0020034:	e51b3008 	ldr	r3, [fp, #-8]
d0020038:	e2833001 	add	r3, r3, #1
d002003c:	e50b3008 	str	r3, [fp, #-8]
d0020040:	e51b2008 	ldr	r2, [fp, #-8]
d0020044:	e59f3010 	ldr	r3, [pc, #16]	; d002005c <delay+0x40>
d0020048:	e1520003 	cmp	r2, r3
d002004c:	dafffff8 	ble	d0020034 <delay+0x18>
d0020050:	e28bd000 	add	sp, fp, #0
d0020054:	e8bd0800 	pop	{fp}
d0020058:	e12fff1e 	bx	lr
d002005c:	000fffff 	.word	0x000fffff

d0020060 <putchar_hex>:
d0020060:	e92d4800 	push	{fp, lr}
d0020064:	e28db004 	add	fp, sp, #4
d0020068:	e24dd010 	sub	sp, sp, #16
d002006c:	e1a03000 	mov	r3, r0
d0020070:	e54b300d 	strb	r3, [fp, #-13]
d0020074:	e59f3048 	ldr	r3, [pc, #72]	; d00200c4 <putchar_hex+0x64>
d0020078:	e50b3008 	str	r3, [fp, #-8]
d002007c:	e55b300d 	ldrb	r3, [fp, #-13]
d0020080:	e1a03223 	lsr	r3, r3, #4
d0020084:	e6ef3073 	uxtb	r3, r3
d0020088:	e203300f 	and	r3, r3, #15
d002008c:	e51b2008 	ldr	r2, [fp, #-8]
d0020090:	e0823003 	add	r3, r2, r3
d0020094:	e5d33000 	ldrb	r3, [r3]
d0020098:	e1a00003 	mov	r0, r3
d002009c:	eb000082 	bl	d00202ac <uart_putchar>
d00200a0:	e55b300d 	ldrb	r3, [fp, #-13]
d00200a4:	e203300f 	and	r3, r3, #15
d00200a8:	e51b2008 	ldr	r2, [fp, #-8]
d00200ac:	e0823003 	add	r3, r2, r3
d00200b0:	e5d33000 	ldrb	r3, [r3]
d00200b4:	e1a00003 	mov	r0, r3
d00200b8:	eb00007b 	bl	d00202ac <uart_putchar>
d00200bc:	e24bd004 	sub	sp, fp, #4
d00200c0:	e8bd8800 	pop	{fp, pc}
d00200c4:	d00202f8 	.word	0xd00202f8

d00200c8 <putchar>:
d00200c8:	e92d4800 	push	{fp, lr}
d00200cc:	e28db004 	add	fp, sp, #4
d00200d0:	e24dd008 	sub	sp, sp, #8
d00200d4:	e50b0008 	str	r0, [fp, #-8]
d00200d8:	e51b3008 	ldr	r3, [fp, #-8]
d00200dc:	e353000a 	cmp	r3, #10
d00200e0:	1a000001 	bne	d00200ec <putchar+0x24>
d00200e4:	e3a0000d 	mov	r0, #13
d00200e8:	eb00006f 	bl	d00202ac <uart_putchar>
d00200ec:	e51b3008 	ldr	r3, [fp, #-8]
d00200f0:	e6ef3073 	uxtb	r3, r3
d00200f4:	e1a00003 	mov	r0, r3
d00200f8:	eb00006b 	bl	d00202ac <uart_putchar>
d00200fc:	e3a03000 	mov	r3, #0
d0020100:	e1a00003 	mov	r0, r3
d0020104:	e24bd004 	sub	sp, fp, #4
d0020108:	e8bd8800 	pop	{fp, pc}

d002010c <mymain>:
d002010c:	e92d4800 	push	{fp, lr}
d0020110:	e28db004 	add	fp, sp, #4
d0020114:	e24dd008 	sub	sp, sp, #8
d0020118:	eb00001a 	bl	d0020188 <uart_init>
d002011c:	e3a00030 	mov	r0, #48	; 0x30
d0020120:	eb000061 	bl	d00202ac <uart_putchar>
d0020124:	e3a00078 	mov	r0, #120	; 0x78
d0020128:	eb00005f 	bl	d00202ac <uart_putchar>
d002012c:	e3a000e1 	mov	r0, #225	; 0xe1
d0020130:	ebffffca 	bl	d0020060 <putchar_hex>
d0020134:	e3a03061 	mov	r3, #97	; 0x61
d0020138:	e54b3005 	strb	r3, [fp, #-5]
d002013c:	eb000047 	bl	d0020260 <uart_getchar>
d0020140:	e1a03000 	mov	r3, r0
d0020144:	e54b3005 	strb	r3, [fp, #-5]
d0020148:	e55b3005 	ldrb	r3, [fp, #-5]
d002014c:	e1a00003 	mov	r0, r3
d0020150:	ebffffdc 	bl	d00200c8 <putchar>
d0020154:	e3a03061 	mov	r3, #97	; 0x61
d0020158:	e54b3005 	strb	r3, [fp, #-5]
d002015c:	ea000005 	b	d0020178 <mymain+0x6c>
d0020160:	e55b3005 	ldrb	r3, [fp, #-5]
d0020164:	e1a00003 	mov	r0, r3
d0020168:	ebffffd6 	bl	d00200c8 <putchar>
d002016c:	e55b3005 	ldrb	r3, [fp, #-5]
d0020170:	e2833001 	add	r3, r3, #1
d0020174:	e54b3005 	strb	r3, [fp, #-5]
d0020178:	e55b3005 	ldrb	r3, [fp, #-5]
d002017c:	e353007a 	cmp	r3, #122	; 0x7a
d0020180:	9afffff6 	bls	d0020160 <mymain+0x54>
d0020184:	eaffffea 	b	d0020134 <mymain+0x28>

d0020188 <uart_init>:
d0020188:	e52db004 	push	{fp}		; (str fp, [sp, #-4]!)
d002018c:	e28db000 	add	fp, sp, #0
d0020190:	e59f308c 	ldr	r3, [pc, #140]	; d0020224 <uart_init+0x9c>
d0020194:	e59f208c 	ldr	r2, [pc, #140]	; d0020228 <uart_init+0xa0>
d0020198:	e5832000 	str	r2, [r3]
d002019c:	e59f3088 	ldr	r3, [pc, #136]	; d002022c <uart_init+0xa4>
d00201a0:	e59f2088 	ldr	r2, [pc, #136]	; d0020230 <uart_init+0xa8>
d00201a4:	e5832000 	str	r2, [r3]
d00201a8:	e59f3084 	ldr	r3, [pc, #132]	; d0020234 <uart_init+0xac>
d00201ac:	e59f2084 	ldr	r2, [pc, #132]	; d0020238 <uart_init+0xb0>
d00201b0:	e5832000 	str	r2, [r3]
d00201b4:	e59f3080 	ldr	r3, [pc, #128]	; d002023c <uart_init+0xb4>
d00201b8:	e59f2080 	ldr	r2, [pc, #128]	; d0020240 <uart_init+0xb8>
d00201bc:	e5832000 	str	r2, [r3]
d00201c0:	e59f307c 	ldr	r3, [pc, #124]	; d0020244 <uart_init+0xbc>
d00201c4:	e59f2078 	ldr	r2, [pc, #120]	; d0020244 <uart_init+0xbc>
d00201c8:	e5922000 	ldr	r2, [r2]
d00201cc:	e3c220ff 	bic	r2, r2, #255	; 0xff
d00201d0:	e5832000 	str	r2, [r3]
d00201d4:	e59f3068 	ldr	r3, [pc, #104]	; d0020244 <uart_init+0xbc>
d00201d8:	e59f2064 	ldr	r2, [pc, #100]	; d0020244 <uart_init+0xbc>
d00201dc:	e5922000 	ldr	r2, [r2]
d00201e0:	e3822022 	orr	r2, r2, #34	; 0x22
d00201e4:	e5832000 	str	r2, [r3]
d00201e8:	e59f3058 	ldr	r3, [pc, #88]	; d0020248 <uart_init+0xc0>
d00201ec:	e3a02003 	mov	r2, #3
d00201f0:	e5832000 	str	r2, [r3]
d00201f4:	e59f3050 	ldr	r3, [pc, #80]	; d002024c <uart_init+0xc4>
d00201f8:	e59f2050 	ldr	r2, [pc, #80]	; d0020250 <uart_init+0xc8>
d00201fc:	e5832000 	str	r2, [r3]
d0020200:	e59f304c 	ldr	r3, [pc, #76]	; d0020254 <uart_init+0xcc>
d0020204:	e3a02023 	mov	r2, #35	; 0x23
d0020208:	e5832000 	str	r2, [r3]
d002020c:	e59f3044 	ldr	r3, [pc, #68]	; d0020258 <uart_init+0xd0>
d0020210:	e59f2044 	ldr	r2, [pc, #68]	; d002025c <uart_init+0xd4>
d0020214:	e5832000 	str	r2, [r3]
d0020218:	e28bd000 	add	sp, fp, #0
d002021c:	e8bd0800 	pop	{fp}
d0020220:	e12fff1e 	bx	lr
d0020224:	e0100100 	.word	0xe0100100
d0020228:	a07d0301 	.word	0xa07d0301
d002022c:	e0100200 	.word	0xe0100200
d0020230:	10001111 	.word	0x10001111
d0020234:	e0100300 	.word	0xe0100300
d0020238:	14131440 	.word	0x14131440
d002023c:	e0100108 	.word	0xe0100108
d0020240:	a29b0c01 	.word	0xa29b0c01
d0020244:	e0200000 	.word	0xe0200000
d0020248:	e2900000 	.word	0xe2900000
d002024c:	e2900004 	.word	0xe2900004
d0020250:	00000245 	.word	0x00000245
d0020254:	e2900028 	.word	0xe2900028
d0020258:	e290002c 	.word	0xe290002c
d002025c:	00000808 	.word	0x00000808

d0020260 <uart_getchar>:
d0020260:	e52db004 	push	{fp}		; (str fp, [sp, #-4]!)
d0020264:	e28db000 	add	fp, sp, #0
d0020268:	e24dd00c 	sub	sp, sp, #12
d002026c:	e1a00000 	nop			; (mov r0, r0)
d0020270:	e59f302c 	ldr	r3, [pc, #44]	; d00202a4 <uart_getchar+0x44>
d0020274:	e5933000 	ldr	r3, [r3]
d0020278:	e2033001 	and	r3, r3, #1
d002027c:	e3530000 	cmp	r3, #0
d0020280:	0afffffa 	beq	d0020270 <uart_getchar+0x10>
d0020284:	e59f301c 	ldr	r3, [pc, #28]	; d00202a8 <uart_getchar+0x48>
d0020288:	e5d33000 	ldrb	r3, [r3]
d002028c:	e54b3005 	strb	r3, [fp, #-5]
d0020290:	e55b3005 	ldrb	r3, [fp, #-5]
d0020294:	e1a00003 	mov	r0, r3
d0020298:	e28bd000 	add	sp, fp, #0
d002029c:	e8bd0800 	pop	{fp}
d00202a0:	e12fff1e 	bx	lr
d00202a4:	e2900010 	.word	0xe2900010
d00202a8:	e2900024 	.word	0xe2900024

d00202ac <uart_putchar>:
d00202ac:	e52db004 	push	{fp}		; (str fp, [sp, #-4]!)
d00202b0:	e28db000 	add	fp, sp, #0
d00202b4:	e24dd00c 	sub	sp, sp, #12
d00202b8:	e1a03000 	mov	r3, r0
d00202bc:	e54b3005 	strb	r3, [fp, #-5]
d00202c0:	e1a00000 	nop			; (mov r0, r0)
d00202c4:	e59f3024 	ldr	r3, [pc, #36]	; d00202f0 <uart_putchar+0x44>
d00202c8:	e5933000 	ldr	r3, [r3]
d00202cc:	e2033004 	and	r3, r3, #4
d00202d0:	e3530000 	cmp	r3, #0
d00202d4:	0afffffa 	beq	d00202c4 <uart_putchar+0x18>
d00202d8:	e59f3014 	ldr	r3, [pc, #20]	; d00202f4 <uart_putchar+0x48>
d00202dc:	e55b2005 	ldrb	r2, [fp, #-5]
d00202e0:	e5c32000 	strb	r2, [r3]
d00202e4:	e28bd000 	add	sp, fp, #0
d00202e8:	e8bd0800 	pop	{fp}
d00202ec:	e12fff1e 	bx	lr
d00202f0:	e2900010 	.word	0xe2900010
d00202f4:	e2900020 	.word	0xe2900020

Disassembly of section .rodata:

d00202f8 <.rodata>:
d00202f8:	33323130 	.word	0x33323130
d00202fc:	37363534 	.word	0x37363534
d0020300:	42413938 	.word	0x42413938
d0020304:	46454443 	.word	0x46454443
d0020308:	00000000 	.word	0x00000000
