
app0-printf-demo.elf:     file format elf32-littlearm


Disassembly of section .text:

21000000 <_start>:
21000000:	e59fd004 	ldr	sp, [pc, #4]	; 2100000c <_start+0xc>
21000004:	e59fb004 	ldr	fp, [pc, #4]	; 21000010 <_start+0x10>
21000008:	ea00003a 	b	210000f8 <mymain>
2100000c:	d0030000 	.word	0xd0030000
21000010:	d0034000 	.word	0xd0034000

21000014 <led_init>:
21000014:	e52db004 	push	{fp}		; (str fp, [sp, #-4]!)
21000018:	e28db000 	add	fp, sp, #0
2100001c:	e59f2034 	ldr	r2, [pc, #52]	; 21000058 <led_init+0x44>
21000020:	e59f3030 	ldr	r3, [pc, #48]	; 21000058 <led_init+0x44>
21000024:	e5933000 	ldr	r3, [r3]
21000028:	e1a03823 	lsr	r3, r3, #16
2100002c:	e1a03803 	lsl	r3, r3, #16
21000030:	e5823000 	str	r3, [r2]
21000034:	e59f201c 	ldr	r2, [pc, #28]	; 21000058 <led_init+0x44>
21000038:	e59f3018 	ldr	r3, [pc, #24]	; 21000058 <led_init+0x44>
2100003c:	e5933000 	ldr	r3, [r3]
21000040:	e3833c11 	orr	r3, r3, #4352	; 0x1100
21000044:	e3833011 	orr	r3, r3, #17
21000048:	e5823000 	str	r3, [r2]
2100004c:	e28bd000 	add	sp, fp, #0
21000050:	e8bd0800 	pop	{fp}
21000054:	e12fff1e 	bx	lr
21000058:	e0200280 	.word	0xe0200280

2100005c <led_on>:
2100005c:	e52db004 	push	{fp}		; (str fp, [sp, #-4]!)
21000060:	e28db000 	add	fp, sp, #0
21000064:	e59f3018 	ldr	r3, [pc, #24]	; 21000084 <led_on+0x28>
21000068:	e59f2014 	ldr	r2, [pc, #20]	; 21000084 <led_on+0x28>
2100006c:	e5922000 	ldr	r2, [r2]
21000070:	e3c2200f 	bic	r2, r2, #15
21000074:	e5832000 	str	r2, [r3]
21000078:	e28bd000 	add	sp, fp, #0
2100007c:	e8bd0800 	pop	{fp}
21000080:	e12fff1e 	bx	lr
21000084:	e0200284 	.word	0xe0200284

21000088 <led_off>:
21000088:	e52db004 	push	{fp}		; (str fp, [sp, #-4]!)
2100008c:	e28db000 	add	fp, sp, #0
21000090:	e59f3018 	ldr	r3, [pc, #24]	; 210000b0 <led_off+0x28>
21000094:	e59f2014 	ldr	r2, [pc, #20]	; 210000b0 <led_off+0x28>
21000098:	e5922000 	ldr	r2, [r2]
2100009c:	e382200f 	orr	r2, r2, #15
210000a0:	e5832000 	str	r2, [r3]
210000a4:	e28bd000 	add	sp, fp, #0
210000a8:	e8bd0800 	pop	{fp}
210000ac:	e12fff1e 	bx	lr
210000b0:	e0200284 	.word	0xe0200284

210000b4 <delay>:
210000b4:	e52db004 	push	{fp}		; (str fp, [sp, #-4]!)
210000b8:	e28db000 	add	fp, sp, #0
210000bc:	e24dd00c 	sub	sp, sp, #12
210000c0:	e3a03000 	mov	r3, #0
210000c4:	e50b3008 	str	r3, [fp, #-8]
210000c8:	ea000002 	b	210000d8 <delay+0x24>
210000cc:	e51b3008 	ldr	r3, [fp, #-8]
210000d0:	e2833001 	add	r3, r3, #1
210000d4:	e50b3008 	str	r3, [fp, #-8]
210000d8:	e51b2008 	ldr	r2, [fp, #-8]
210000dc:	e59f3010 	ldr	r3, [pc, #16]	; 210000f4 <delay+0x40>
210000e0:	e1520003 	cmp	r2, r3
210000e4:	dafffff8 	ble	210000cc <delay+0x18>
210000e8:	e28bd000 	add	sp, fp, #0
210000ec:	e8bd0800 	pop	{fp}
210000f0:	e12fff1e 	bx	lr
210000f4:	000fffff 	.word	0x000fffff

210000f8 <mymain>:
210000f8:	e92d4800 	push	{fp, lr}
210000fc:	e28db004 	add	fp, sp, #4
21000100:	ebffffc3 	bl	21000014 <led_init>
21000104:	ebffffd4 	bl	2100005c <led_on>
21000108:	e59f003c 	ldr	r0, [pc, #60]	; 2100014c <mymain+0x54>
2100010c:	eb00014b 	bl	21000640 <puts>
21000110:	e59f0038 	ldr	r0, [pc, #56]	; 21000150 <mymain+0x58>
21000114:	e3a01064 	mov	r1, #100	; 0x64
21000118:	eb0000b4 	bl	210003f0 <printf>
2100011c:	e59f0030 	ldr	r0, [pc, #48]	; 21000154 <mymain+0x5c>
21000120:	e3a01064 	mov	r1, #100	; 0x64
21000124:	eb0000b1 	bl	210003f0 <printf>
21000128:	e59f0028 	ldr	r0, [pc, #40]	; 21000158 <mymain+0x60>
2100012c:	e3a01031 	mov	r1, #49	; 0x31
21000130:	eb0000ae 	bl	210003f0 <printf>
21000134:	e59f0020 	ldr	r0, [pc, #32]	; 2100015c <mymain+0x64>
21000138:	e59f1020 	ldr	r1, [pc, #32]	; 21000160 <mymain+0x68>
2100013c:	eb0000ab 	bl	210003f0 <printf>
21000140:	e3a03000 	mov	r3, #0
21000144:	e1a00003 	mov	r0, r3
21000148:	e8bd8800 	pop	{fp, pc}
2100014c:	210008c8 	.word	0x210008c8
21000150:	210008dc 	.word	0x210008dc
21000154:	210008f0 	.word	0x210008f0
21000158:	21000908 	.word	0x21000908
2100015c:	21000920 	.word	0x21000920
21000160:	21000930 	.word	0x21000930

21000164 <putchar_hex>:
21000164:	e92d4800 	push	{fp, lr}
21000168:	e28db004 	add	fp, sp, #4
2100016c:	e24dd010 	sub	sp, sp, #16
21000170:	e1a03000 	mov	r3, r0
21000174:	e54b300d 	strb	r3, [fp, #-13]
21000178:	e59f3044 	ldr	r3, [pc, #68]	; 210001c4 <putchar_hex+0x60>
2100017c:	e50b3008 	str	r3, [fp, #-8]
21000180:	e55b300d 	ldrb	r3, [fp, #-13]
21000184:	e1a03223 	lsr	r3, r3, #4
21000188:	e6ef3073 	uxtb	r3, r3
2100018c:	e51b2008 	ldr	r2, [fp, #-8]
21000190:	e0823003 	add	r3, r2, r3
21000194:	e5d33000 	ldrb	r3, [r3]
21000198:	e1a00003 	mov	r0, r3
2100019c:	eb000100 	bl	210005a4 <putchar>
210001a0:	e55b300d 	ldrb	r3, [fp, #-13]
210001a4:	e203300f 	and	r3, r3, #15
210001a8:	e51b2008 	ldr	r2, [fp, #-8]
210001ac:	e0823003 	add	r3, r2, r3
210001b0:	e5d33000 	ldrb	r3, [r3]
210001b4:	e1a00003 	mov	r0, r3
210001b8:	eb0000f9 	bl	210005a4 <putchar>
210001bc:	e24bd004 	sub	sp, fp, #4
210001c0:	e8bd8800 	pop	{fp, pc}
210001c4:	21000934 	.word	0x21000934

210001c8 <putint_hex>:
210001c8:	e92d4800 	push	{fp, lr}
210001cc:	e28db004 	add	fp, sp, #4
210001d0:	e24dd008 	sub	sp, sp, #8
210001d4:	e50b0008 	str	r0, [fp, #-8]
210001d8:	e51b3008 	ldr	r3, [fp, #-8]
210001dc:	e1a03c23 	lsr	r3, r3, #24
210001e0:	e6ef3073 	uxtb	r3, r3
210001e4:	e1a00003 	mov	r0, r3
210001e8:	ebffffdd 	bl	21000164 <putchar_hex>
210001ec:	e51b3008 	ldr	r3, [fp, #-8]
210001f0:	e1a03843 	asr	r3, r3, #16
210001f4:	e6ef3073 	uxtb	r3, r3
210001f8:	e1a00003 	mov	r0, r3
210001fc:	ebffffd8 	bl	21000164 <putchar_hex>
21000200:	e51b3008 	ldr	r3, [fp, #-8]
21000204:	e1a03443 	asr	r3, r3, #8
21000208:	e6ef3073 	uxtb	r3, r3
2100020c:	e1a00003 	mov	r0, r3
21000210:	ebffffd3 	bl	21000164 <putchar_hex>
21000214:	e51b3008 	ldr	r3, [fp, #-8]
21000218:	e6ef3073 	uxtb	r3, r3
2100021c:	e1a00003 	mov	r0, r3
21000220:	ebffffcf 	bl	21000164 <putchar_hex>
21000224:	e24bd004 	sub	sp, fp, #4
21000228:	e8bd8800 	pop	{fp, pc}

2100022c <itoa>:
2100022c:	e52db004 	push	{fp}		; (str fp, [sp, #-4]!)
21000230:	e28db000 	add	fp, sp, #0
21000234:	e24dd01c 	sub	sp, sp, #28
21000238:	e50b0018 	str	r0, [fp, #-24]
2100023c:	e50b101c 	str	r1, [fp, #-28]
21000240:	e51b3018 	ldr	r3, [fp, #-24]
21000244:	e50b3008 	str	r3, [fp, #-8]
21000248:	e3a03000 	mov	r3, #0
2100024c:	e50b300c 	str	r3, [fp, #-12]
21000250:	e3a03000 	mov	r3, #0
21000254:	e50b3010 	str	r3, [fp, #-16]
21000258:	e51b300c 	ldr	r3, [fp, #-12]
2100025c:	e51b201c 	ldr	r2, [fp, #-28]
21000260:	e0820003 	add	r0, r2, r3
21000264:	e51b1008 	ldr	r1, [fp, #-8]
21000268:	e59f312c 	ldr	r3, [pc, #300]	; 2100039c <itoa+0x170>
2100026c:	e0c32193 	smull	r2, r3, r3, r1
21000270:	e1a02143 	asr	r2, r3, #2
21000274:	e1a03fc1 	asr	r3, r1, #31
21000278:	e0632002 	rsb	r2, r3, r2
2100027c:	e1a03002 	mov	r3, r2
21000280:	e1a03103 	lsl	r3, r3, #2
21000284:	e0833002 	add	r3, r3, r2
21000288:	e1a03083 	lsl	r3, r3, #1
2100028c:	e0632001 	rsb	r2, r3, r1
21000290:	e6ef3072 	uxtb	r3, r2
21000294:	e2833030 	add	r3, r3, #48	; 0x30
21000298:	e6ef3073 	uxtb	r3, r3
2100029c:	e5c03000 	strb	r3, [r0]
210002a0:	e51b300c 	ldr	r3, [fp, #-12]
210002a4:	e2833001 	add	r3, r3, #1
210002a8:	e50b300c 	str	r3, [fp, #-12]
210002ac:	e51b3008 	ldr	r3, [fp, #-8]
210002b0:	e59f20e4 	ldr	r2, [pc, #228]	; 2100039c <itoa+0x170>
210002b4:	e0c21392 	smull	r1, r2, r2, r3
210002b8:	e1a02142 	asr	r2, r2, #2
210002bc:	e1a03fc3 	asr	r3, r3, #31
210002c0:	e0633002 	rsb	r3, r3, r2
210002c4:	e50b3008 	str	r3, [fp, #-8]
210002c8:	e51b3008 	ldr	r3, [fp, #-8]
210002cc:	e3530000 	cmp	r3, #0
210002d0:	1affffe0 	bne	21000258 <itoa+0x2c>
210002d4:	e51b300c 	ldr	r3, [fp, #-12]
210002d8:	e51b201c 	ldr	r2, [fp, #-28]
210002dc:	e0823003 	add	r3, r2, r3
210002e0:	e3a02000 	mov	r2, #0
210002e4:	e5c32000 	strb	r2, [r3]
210002e8:	e51b300c 	ldr	r3, [fp, #-12]
210002ec:	e50b3010 	str	r3, [fp, #-16]
210002f0:	e3a03000 	mov	r3, #0
210002f4:	e50b300c 	str	r3, [fp, #-12]
210002f8:	ea00001a 	b	21000368 <itoa+0x13c>
210002fc:	e51b300c 	ldr	r3, [fp, #-12]
21000300:	e51b201c 	ldr	r2, [fp, #-28]
21000304:	e0823003 	add	r3, r2, r3
21000308:	e5d33000 	ldrb	r3, [r3]
2100030c:	e54b3011 	strb	r3, [fp, #-17]
21000310:	e51b300c 	ldr	r3, [fp, #-12]
21000314:	e51b201c 	ldr	r2, [fp, #-28]
21000318:	e0823003 	add	r3, r2, r3
2100031c:	e51b1010 	ldr	r1, [fp, #-16]
21000320:	e51b200c 	ldr	r2, [fp, #-12]
21000324:	e0622001 	rsb	r2, r2, r1
21000328:	e2422001 	sub	r2, r2, #1
2100032c:	e51b101c 	ldr	r1, [fp, #-28]
21000330:	e0812002 	add	r2, r1, r2
21000334:	e5d22000 	ldrb	r2, [r2]
21000338:	e5c32000 	strb	r2, [r3]
2100033c:	e51b2010 	ldr	r2, [fp, #-16]
21000340:	e51b300c 	ldr	r3, [fp, #-12]
21000344:	e0633002 	rsb	r3, r3, r2
21000348:	e2433001 	sub	r3, r3, #1
2100034c:	e51b201c 	ldr	r2, [fp, #-28]
21000350:	e0823003 	add	r3, r2, r3
21000354:	e55b2011 	ldrb	r2, [fp, #-17]
21000358:	e5c32000 	strb	r2, [r3]
2100035c:	e51b300c 	ldr	r3, [fp, #-12]
21000360:	e2833001 	add	r3, r3, #1
21000364:	e50b300c 	str	r3, [fp, #-12]
21000368:	e51b3010 	ldr	r3, [fp, #-16]
2100036c:	e1a02fa3 	lsr	r2, r3, #31
21000370:	e0823003 	add	r3, r2, r3
21000374:	e1a030c3 	asr	r3, r3, #1
21000378:	e1a02003 	mov	r2, r3
2100037c:	e51b300c 	ldr	r3, [fp, #-12]
21000380:	e1520003 	cmp	r2, r3
21000384:	caffffdc 	bgt	210002fc <itoa+0xd0>
21000388:	e51b301c 	ldr	r3, [fp, #-28]
2100038c:	e1a00003 	mov	r0, r3
21000390:	e28bd000 	add	sp, fp, #0
21000394:	e8bd0800 	pop	{fp}
21000398:	e12fff1e 	bx	lr
2100039c:	66666667 	.word	0x66666667

210003a0 <_puts>:
210003a0:	e92d4800 	push	{fp, lr}
210003a4:	e28db004 	add	fp, sp, #4
210003a8:	e24dd008 	sub	sp, sp, #8
210003ac:	e50b0008 	str	r0, [fp, #-8]
210003b0:	ea000006 	b	210003d0 <_puts+0x30>
210003b4:	e51b3008 	ldr	r3, [fp, #-8]
210003b8:	e5d33000 	ldrb	r3, [r3]
210003bc:	e51b2008 	ldr	r2, [fp, #-8]
210003c0:	e2822001 	add	r2, r2, #1
210003c4:	e50b2008 	str	r2, [fp, #-8]
210003c8:	e1a00003 	mov	r0, r3
210003cc:	eb000074 	bl	210005a4 <putchar>
210003d0:	e51b3008 	ldr	r3, [fp, #-8]
210003d4:	e5d33000 	ldrb	r3, [r3]
210003d8:	e3530000 	cmp	r3, #0
210003dc:	1afffff4 	bne	210003b4 <_puts+0x14>
210003e0:	e3a03000 	mov	r3, #0
210003e4:	e1a00003 	mov	r0, r3
210003e8:	e24bd004 	sub	sp, fp, #4
210003ec:	e8bd8800 	pop	{fp, pc}

210003f0 <printf>:
210003f0:	e92d000f 	push	{r0, r1, r2, r3}
210003f4:	e92d4800 	push	{fp, lr}
210003f8:	e28db004 	add	fp, sp, #4
210003fc:	e24dd078 	sub	sp, sp, #120	; 0x78
21000400:	e28b3004 	add	r3, fp, #4
21000404:	e2833004 	add	r3, r3, #4
21000408:	e50b3008 	str	r3, [fp, #-8]
2100040c:	ea000052 	b	2100055c <printf+0x16c>
21000410:	e55b3009 	ldrb	r3, [fp, #-9]
21000414:	e3530025 	cmp	r3, #37	; 0x25
21000418:	1a00004b 	bne	2100054c <printf+0x15c>
2100041c:	e59b3004 	ldr	r3, [fp, #4]
21000420:	e5d32000 	ldrb	r2, [r3]
21000424:	e54b2009 	strb	r2, [fp, #-9]
21000428:	e2833001 	add	r3, r3, #1
2100042c:	e58b3004 	str	r3, [fp, #4]
21000430:	e55b3009 	ldrb	r3, [fp, #-9]
21000434:	e2433063 	sub	r3, r3, #99	; 0x63
21000438:	e3530015 	cmp	r3, #21
2100043c:	979ff103 	ldrls	pc, [pc, r3, lsl #2]
21000440:	ea00003f 	b	21000544 <printf+0x154>
21000444:	2100049c 	.word	0x2100049c
21000448:	2100050c 	.word	0x2100050c
2100044c:	21000544 	.word	0x21000544
21000450:	21000544 	.word	0x21000544
21000454:	21000544 	.word	0x21000544
21000458:	21000544 	.word	0x21000544
2100045c:	21000544 	.word	0x21000544
21000460:	21000544 	.word	0x21000544
21000464:	21000544 	.word	0x21000544
21000468:	21000544 	.word	0x21000544
2100046c:	21000544 	.word	0x21000544
21000470:	21000544 	.word	0x21000544
21000474:	21000544 	.word	0x21000544
21000478:	21000544 	.word	0x21000544
2100047c:	21000544 	.word	0x21000544
21000480:	21000544 	.word	0x21000544
21000484:	210004c4 	.word	0x210004c4
21000488:	21000544 	.word	0x21000544
2100048c:	21000544 	.word	0x21000544
21000490:	21000544 	.word	0x21000544
21000494:	21000544 	.word	0x21000544
21000498:	210004e8 	.word	0x210004e8
2100049c:	e51b3008 	ldr	r3, [fp, #-8]
210004a0:	e5933000 	ldr	r3, [r3]
210004a4:	e54b300a 	strb	r3, [fp, #-10]
210004a8:	e51b3008 	ldr	r3, [fp, #-8]
210004ac:	e2833004 	add	r3, r3, #4
210004b0:	e50b3008 	str	r3, [fp, #-8]
210004b4:	e55b300a 	ldrb	r3, [fp, #-10]
210004b8:	e1a00003 	mov	r0, r3
210004bc:	eb000038 	bl	210005a4 <putchar>
210004c0:	ea000020 	b	21000548 <printf+0x158>
210004c4:	e51b3008 	ldr	r3, [fp, #-8]
210004c8:	e5933000 	ldr	r3, [r3]
210004cc:	e50b3010 	str	r3, [fp, #-16]
210004d0:	e51b3008 	ldr	r3, [fp, #-8]
210004d4:	e2833004 	add	r3, r3, #4
210004d8:	e50b3008 	str	r3, [fp, #-8]
210004dc:	e51b0010 	ldr	r0, [fp, #-16]
210004e0:	ebffffae 	bl	210003a0 <_puts>
210004e4:	ea000017 	b	21000548 <printf+0x158>
210004e8:	e51b3008 	ldr	r3, [fp, #-8]
210004ec:	e5933000 	ldr	r3, [r3]
210004f0:	e50b3014 	str	r3, [fp, #-20]
210004f4:	e51b3008 	ldr	r3, [fp, #-8]
210004f8:	e2833004 	add	r3, r3, #4
210004fc:	e50b3008 	str	r3, [fp, #-8]
21000500:	e51b0014 	ldr	r0, [fp, #-20]
21000504:	ebffff2f 	bl	210001c8 <putint_hex>
21000508:	ea00000e 	b	21000548 <printf+0x158>
2100050c:	e51b3008 	ldr	r3, [fp, #-8]
21000510:	e5933000 	ldr	r3, [r3]
21000514:	e50b3014 	str	r3, [fp, #-20]
21000518:	e51b3008 	ldr	r3, [fp, #-8]
2100051c:	e2833004 	add	r3, r3, #4
21000520:	e50b3008 	str	r3, [fp, #-8]
21000524:	e24b3078 	sub	r3, fp, #120	; 0x78
21000528:	e51b0014 	ldr	r0, [fp, #-20]
2100052c:	e1a01003 	mov	r1, r3
21000530:	ebffff3d 	bl	2100022c <itoa>
21000534:	e24b3078 	sub	r3, fp, #120	; 0x78
21000538:	e1a00003 	mov	r0, r3
2100053c:	ebffff97 	bl	210003a0 <_puts>
21000540:	ea000000 	b	21000548 <printf+0x158>
21000544:	e1a00000 	nop			; (mov r0, r0)
21000548:	ea000003 	b	2100055c <printf+0x16c>
2100054c:	e55b3009 	ldrb	r3, [fp, #-9]
21000550:	e1a00003 	mov	r0, r3
21000554:	eb000012 	bl	210005a4 <putchar>
21000558:	e1a00000 	nop			; (mov r0, r0)
2100055c:	e59b3004 	ldr	r3, [fp, #4]
21000560:	e5d32000 	ldrb	r2, [r3]
21000564:	e54b2009 	strb	r2, [fp, #-9]
21000568:	e55b2009 	ldrb	r2, [fp, #-9]
2100056c:	e3520000 	cmp	r2, #0
21000570:	03a02000 	moveq	r2, #0
21000574:	13a02001 	movne	r2, #1
21000578:	e6ef2072 	uxtb	r2, r2
2100057c:	e2833001 	add	r3, r3, #1
21000580:	e58b3004 	str	r3, [fp, #4]
21000584:	e3520000 	cmp	r2, #0
21000588:	1affffa0 	bne	21000410 <printf+0x20>
2100058c:	e3a03000 	mov	r3, #0
21000590:	e1a00003 	mov	r0, r3
21000594:	e24bd004 	sub	sp, fp, #4
21000598:	e8bd4800 	pop	{fp, lr}
2100059c:	e28dd010 	add	sp, sp, #16
210005a0:	e12fff1e 	bx	lr

210005a4 <putchar>:
210005a4:	e92d4800 	push	{fp, lr}
210005a8:	e28db004 	add	fp, sp, #4
210005ac:	e24dd008 	sub	sp, sp, #8
210005b0:	e50b0008 	str	r0, [fp, #-8]
210005b4:	e51b3008 	ldr	r3, [fp, #-8]
210005b8:	e353000a 	cmp	r3, #10
210005bc:	1a000001 	bne	210005c8 <putchar+0x24>
210005c0:	e3a0000d 	mov	r0, #13
210005c4:	eb0000ac 	bl	2100087c <uart_putchar>
210005c8:	e51b3008 	ldr	r3, [fp, #-8]
210005cc:	e3530008 	cmp	r3, #8
210005d0:	1a000003 	bne	210005e4 <putchar+0x40>
210005d4:	e3a00008 	mov	r0, #8
210005d8:	eb0000a7 	bl	2100087c <uart_putchar>
210005dc:	e3a00020 	mov	r0, #32
210005e0:	eb0000a5 	bl	2100087c <uart_putchar>
210005e4:	e51b3008 	ldr	r3, [fp, #-8]
210005e8:	e6ef3073 	uxtb	r3, r3
210005ec:	e1a00003 	mov	r0, r3
210005f0:	eb0000a1 	bl	2100087c <uart_putchar>
210005f4:	e51b3008 	ldr	r3, [fp, #-8]
210005f8:	e1a00003 	mov	r0, r3
210005fc:	e24bd004 	sub	sp, fp, #4
21000600:	e8bd8800 	pop	{fp, pc}

21000604 <getchar>:
21000604:	e92d4800 	push	{fp, lr}
21000608:	e28db004 	add	fp, sp, #4
2100060c:	e24dd008 	sub	sp, sp, #8
21000610:	eb000086 	bl	21000830 <uart_getchar>
21000614:	e1a03000 	mov	r3, r0
21000618:	e50b3008 	str	r3, [fp, #-8]
2100061c:	e51b3008 	ldr	r3, [fp, #-8]
21000620:	e353000d 	cmp	r3, #13
21000624:	1a000001 	bne	21000630 <getchar+0x2c>
21000628:	e3a0300a 	mov	r3, #10
2100062c:	ea000000 	b	21000634 <getchar+0x30>
21000630:	e51b3008 	ldr	r3, [fp, #-8]
21000634:	e1a00003 	mov	r0, r3
21000638:	e24bd004 	sub	sp, fp, #4
2100063c:	e8bd8800 	pop	{fp, pc}

21000640 <puts>:
21000640:	e92d4800 	push	{fp, lr}
21000644:	e28db004 	add	fp, sp, #4
21000648:	e24dd008 	sub	sp, sp, #8
2100064c:	e50b0008 	str	r0, [fp, #-8]
21000650:	ea000006 	b	21000670 <puts+0x30>
21000654:	e51b3008 	ldr	r3, [fp, #-8]
21000658:	e5d33000 	ldrb	r3, [r3]
2100065c:	e51b2008 	ldr	r2, [fp, #-8]
21000660:	e2822001 	add	r2, r2, #1
21000664:	e50b2008 	str	r2, [fp, #-8]
21000668:	e1a00003 	mov	r0, r3
2100066c:	ebffffcc 	bl	210005a4 <putchar>
21000670:	e51b3008 	ldr	r3, [fp, #-8]
21000674:	e5d33000 	ldrb	r3, [r3]
21000678:	e3530000 	cmp	r3, #0
2100067c:	1afffff4 	bne	21000654 <puts+0x14>
21000680:	e3a0000a 	mov	r0, #10
21000684:	ebffffc6 	bl	210005a4 <putchar>
21000688:	e3a03000 	mov	r3, #0
2100068c:	e1a00003 	mov	r0, r3
21000690:	e24bd004 	sub	sp, fp, #4
21000694:	e8bd8800 	pop	{fp, pc}

21000698 <gets>:
21000698:	e92d4800 	push	{fp, lr}
2100069c:	e28db004 	add	fp, sp, #4
210006a0:	e24dd010 	sub	sp, sp, #16
210006a4:	e50b0010 	str	r0, [fp, #-16]
210006a8:	e51b3010 	ldr	r3, [fp, #-16]
210006ac:	e50b3008 	str	r3, [fp, #-8]
210006b0:	ea000016 	b	21000710 <gets+0x78>
210006b4:	e51b3008 	ldr	r3, [fp, #-8]
210006b8:	e5d33000 	ldrb	r3, [r3]
210006bc:	e3530008 	cmp	r3, #8
210006c0:	0a000007 	beq	210006e4 <gets+0x4c>
210006c4:	e51b3008 	ldr	r3, [fp, #-8]
210006c8:	e5d33000 	ldrb	r3, [r3]
210006cc:	e51b2008 	ldr	r2, [fp, #-8]
210006d0:	e2822001 	add	r2, r2, #1
210006d4:	e50b2008 	str	r2, [fp, #-8]
210006d8:	e1a00003 	mov	r0, r3
210006dc:	ebffffb0 	bl	210005a4 <putchar>
210006e0:	ea00000a 	b	21000710 <gets+0x78>
210006e4:	e51b2008 	ldr	r2, [fp, #-8]
210006e8:	e51b3010 	ldr	r3, [fp, #-16]
210006ec:	e1520003 	cmp	r2, r3
210006f0:	9a000006 	bls	21000710 <gets+0x78>
210006f4:	e51b3008 	ldr	r3, [fp, #-8]
210006f8:	e5d33000 	ldrb	r3, [r3]
210006fc:	e51b2008 	ldr	r2, [fp, #-8]
21000700:	e2422001 	sub	r2, r2, #1
21000704:	e50b2008 	str	r2, [fp, #-8]
21000708:	e1a00003 	mov	r0, r3
2100070c:	ebffffa4 	bl	210005a4 <putchar>
21000710:	ebffffbb 	bl	21000604 <getchar>
21000714:	e1a03000 	mov	r3, r0
21000718:	e6ef2073 	uxtb	r2, r3
2100071c:	e51b3008 	ldr	r3, [fp, #-8]
21000720:	e5c32000 	strb	r2, [r3]
21000724:	e51b3008 	ldr	r3, [fp, #-8]
21000728:	e5d33000 	ldrb	r3, [r3]
2100072c:	e353000a 	cmp	r3, #10
21000730:	1affffdf 	bne	210006b4 <gets+0x1c>
21000734:	e51b3008 	ldr	r3, [fp, #-8]
21000738:	e3a02000 	mov	r2, #0
2100073c:	e5c32000 	strb	r2, [r3]
21000740:	e3a0000a 	mov	r0, #10
21000744:	ebffff96 	bl	210005a4 <putchar>
21000748:	e51b3010 	ldr	r3, [fp, #-16]
2100074c:	e1a00003 	mov	r0, r3
21000750:	e24bd004 	sub	sp, fp, #4
21000754:	e8bd8800 	pop	{fp, pc}

21000758 <uart_init>:
21000758:	e52db004 	push	{fp}		; (str fp, [sp, #-4]!)
2100075c:	e28db000 	add	fp, sp, #0
21000760:	e59f308c 	ldr	r3, [pc, #140]	; 210007f4 <uart_init+0x9c>
21000764:	e59f208c 	ldr	r2, [pc, #140]	; 210007f8 <uart_init+0xa0>
21000768:	e5832000 	str	r2, [r3]
2100076c:	e59f3088 	ldr	r3, [pc, #136]	; 210007fc <uart_init+0xa4>
21000770:	e59f2088 	ldr	r2, [pc, #136]	; 21000800 <uart_init+0xa8>
21000774:	e5832000 	str	r2, [r3]
21000778:	e59f3084 	ldr	r3, [pc, #132]	; 21000804 <uart_init+0xac>
2100077c:	e59f2084 	ldr	r2, [pc, #132]	; 21000808 <uart_init+0xb0>
21000780:	e5832000 	str	r2, [r3]
21000784:	e59f3080 	ldr	r3, [pc, #128]	; 2100080c <uart_init+0xb4>
21000788:	e59f2080 	ldr	r2, [pc, #128]	; 21000810 <uart_init+0xb8>
2100078c:	e5832000 	str	r2, [r3]
21000790:	e59f307c 	ldr	r3, [pc, #124]	; 21000814 <uart_init+0xbc>
21000794:	e59f2078 	ldr	r2, [pc, #120]	; 21000814 <uart_init+0xbc>
21000798:	e5922000 	ldr	r2, [r2]
2100079c:	e3c220ff 	bic	r2, r2, #255	; 0xff
210007a0:	e5832000 	str	r2, [r3]
210007a4:	e59f3068 	ldr	r3, [pc, #104]	; 21000814 <uart_init+0xbc>
210007a8:	e59f2064 	ldr	r2, [pc, #100]	; 21000814 <uart_init+0xbc>
210007ac:	e5922000 	ldr	r2, [r2]
210007b0:	e3822022 	orr	r2, r2, #34	; 0x22
210007b4:	e5832000 	str	r2, [r3]
210007b8:	e59f3058 	ldr	r3, [pc, #88]	; 21000818 <uart_init+0xc0>
210007bc:	e3a02003 	mov	r2, #3
210007c0:	e5832000 	str	r2, [r3]
210007c4:	e59f3050 	ldr	r3, [pc, #80]	; 2100081c <uart_init+0xc4>
210007c8:	e59f2050 	ldr	r2, [pc, #80]	; 21000820 <uart_init+0xc8>
210007cc:	e5832000 	str	r2, [r3]
210007d0:	e59f304c 	ldr	r3, [pc, #76]	; 21000824 <uart_init+0xcc>
210007d4:	e3a02023 	mov	r2, #35	; 0x23
210007d8:	e5832000 	str	r2, [r3]
210007dc:	e59f3044 	ldr	r3, [pc, #68]	; 21000828 <uart_init+0xd0>
210007e0:	e59f2044 	ldr	r2, [pc, #68]	; 2100082c <uart_init+0xd4>
210007e4:	e5832000 	str	r2, [r3]
210007e8:	e28bd000 	add	sp, fp, #0
210007ec:	e8bd0800 	pop	{fp}
210007f0:	e12fff1e 	bx	lr
210007f4:	e0100100 	.word	0xe0100100
210007f8:	a07d0301 	.word	0xa07d0301
210007fc:	e0100200 	.word	0xe0100200
21000800:	10001111 	.word	0x10001111
21000804:	e0100300 	.word	0xe0100300
21000808:	14131440 	.word	0x14131440
2100080c:	e0100108 	.word	0xe0100108
21000810:	a29b0c01 	.word	0xa29b0c01
21000814:	e0200000 	.word	0xe0200000
21000818:	e2900000 	.word	0xe2900000
2100081c:	e2900004 	.word	0xe2900004
21000820:	00000245 	.word	0x00000245
21000824:	e2900028 	.word	0xe2900028
21000828:	e290002c 	.word	0xe290002c
2100082c:	00000808 	.word	0x00000808

21000830 <uart_getchar>:
21000830:	e52db004 	push	{fp}		; (str fp, [sp, #-4]!)
21000834:	e28db000 	add	fp, sp, #0
21000838:	e24dd00c 	sub	sp, sp, #12
2100083c:	e1a00000 	nop			; (mov r0, r0)
21000840:	e59f302c 	ldr	r3, [pc, #44]	; 21000874 <uart_getchar+0x44>
21000844:	e5933000 	ldr	r3, [r3]
21000848:	e2033001 	and	r3, r3, #1
2100084c:	e3530000 	cmp	r3, #0
21000850:	0afffffa 	beq	21000840 <uart_getchar+0x10>
21000854:	e59f301c 	ldr	r3, [pc, #28]	; 21000878 <uart_getchar+0x48>
21000858:	e5d33000 	ldrb	r3, [r3]
2100085c:	e54b3005 	strb	r3, [fp, #-5]
21000860:	e55b3005 	ldrb	r3, [fp, #-5]
21000864:	e1a00003 	mov	r0, r3
21000868:	e28bd000 	add	sp, fp, #0
2100086c:	e8bd0800 	pop	{fp}
21000870:	e12fff1e 	bx	lr
21000874:	e2900010 	.word	0xe2900010
21000878:	e2900024 	.word	0xe2900024

2100087c <uart_putchar>:
2100087c:	e52db004 	push	{fp}		; (str fp, [sp, #-4]!)
21000880:	e28db000 	add	fp, sp, #0
21000884:	e24dd00c 	sub	sp, sp, #12
21000888:	e1a03000 	mov	r3, r0
2100088c:	e54b3005 	strb	r3, [fp, #-5]
21000890:	e1a00000 	nop			; (mov r0, r0)
21000894:	e59f3024 	ldr	r3, [pc, #36]	; 210008c0 <uart_putchar+0x44>
21000898:	e5933000 	ldr	r3, [r3]
2100089c:	e2033004 	and	r3, r3, #4
210008a0:	e3530000 	cmp	r3, #0
210008a4:	0afffffa 	beq	21000894 <uart_putchar+0x18>
210008a8:	e59f3014 	ldr	r3, [pc, #20]	; 210008c4 <uart_putchar+0x48>
210008ac:	e55b2005 	ldrb	r2, [fp, #-5]
210008b0:	e5c32000 	strb	r2, [r3]
210008b4:	e28bd000 	add	sp, fp, #0
210008b8:	e8bd0800 	pop	{fp}
210008bc:	e12fff1e 	bx	lr
210008c0:	e2900010 	.word	0xe2900010
210008c4:	e2900020 	.word	0xe2900020

Disassembly of section .rodata:

210008c8 <.rodata>:
210008c8:	6c6c6568 	.word	0x6c6c6568
210008cc:	70202c6f 	.word	0x70202c6f
210008d0:	746e6972 	.word	0x746e6972
210008d4:	65642066 	.word	0x65642066
210008d8:	00006f6d 	.word	0x00006f6d
210008dc:	74736574 	.word	0x74736574
210008e0:	746e6920 	.word	0x746e6920
210008e4:	30303120 	.word	0x30303120
210008e8:	25203d20 	.word	0x25203d20
210008ec:	000a2064 	.word	0x000a2064
210008f0:	74736574 	.word	0x74736574
210008f4:	78656820 	.word	0x78656820
210008f8:	30303120 	.word	0x30303120
210008fc:	30203d20 	.word	0x30203d20
21000900:	20782578 	.word	0x20782578
21000904:	0000000a 	.word	0x0000000a
21000908:	74736574 	.word	0x74736574
2100090c:	61686320 	.word	0x61686320
21000910:	78302072 	.word	0x78302072
21000914:	3d203133 	.word	0x3d203133
21000918:	20632520 	.word	0x20632520
2100091c:	0000000a 	.word	0x0000000a
21000920:	74736574 	.word	0x74736574
21000924:	72747320 	.word	0x72747320
21000928:	25203d20 	.word	0x25203d20
2100092c:	000a2073 	.word	0x000a2073
21000930:	00657962 	.word	0x00657962
21000934:	33323130 	.word	0x33323130
21000938:	37363534 	.word	0x37363534
2100093c:	42413938 	.word	0x42413938
21000940:	46454443 	.word	0x46454443
21000944:	00000000 	.word	0x00000000
