
9-sdram-demo.elf:     file format elf32-littlearm


Disassembly of section .text:

20000010 <_start>:
20000010:	e59fd030 	ldr	sp, [pc, #48]	; 20000048 <move_loop+0x20>
20000014:	eb00010d 	bl	20000450 <clock_init>
20000018:	eb00000d 	bl	20000054 <mem_ctrl_asm_init>
2000001c:	e59f0028 	ldr	r0, [pc, #40]	; 2000004c <move_loop+0x24>
20000020:	e3a01202 	mov	r1, #536870912	; 0x20000000
20000024:	e3a02a02 	mov	r2, #8192	; 0x2000

20000028 <move_loop>:
20000028:	e5903000 	ldr	r3, [r0]
2000002c:	e5813000 	str	r3, [r1]
20000030:	e2800004 	add	r0, r0, #4
20000034:	e2811004 	add	r1, r1, #4
20000038:	e2422004 	sub	r2, r2, #4
2000003c:	e3520000 	cmp	r2, #0
20000040:	1afffff8 	bne	20000028 <move_loop>
20000044:	e59ff004 	ldr	pc, [pc, #4]	; 20000050 <move_loop+0x28>
20000048:	d0030000 	.word	0xd0030000
2000004c:	d0020000 	.word	0xd0020000
20000050:	20000ad8 	.word	0x20000ad8

20000054 <mem_ctrl_asm_init>:
20000054:	e59f0388 	ldr	r0, [pc, #904]	; 200003e4 <find_lock_val1+0x150>
20000058:	e3a01000 	mov	r1, #0
2000005c:	e5801000 	str	r1, [r0]
20000060:	e3a01000 	mov	r1, #0
20000064:	e580100c 	str	r1, [r0, #12]
20000068:	e59f0378 	ldr	r0, [pc, #888]	; 200003e8 <find_lock_val1+0x154>
2000006c:	e59f1378 	ldr	r1, [pc, #888]	; 200003ec <find_lock_val1+0x158>
20000070:	e58013cc 	str	r1, [r0, #972]	; 0x3cc
20000074:	e58013cc 	str	r1, [r0, #972]	; 0x3cc
20000078:	e59f136c 	ldr	r1, [pc, #876]	; 200003ec <find_lock_val1+0x158>
2000007c:	e58013ec 	str	r1, [r0, #1004]	; 0x3ec
20000080:	e59f1364 	ldr	r1, [pc, #868]	; 200003ec <find_lock_val1+0x158>
20000084:	e580140c 	str	r1, [r0, #1036]	; 0x40c
20000088:	e59f135c 	ldr	r1, [pc, #860]	; 200003ec <find_lock_val1+0x158>
2000008c:	e580142c 	str	r1, [r0, #1068]	; 0x42c
20000090:	e59f1354 	ldr	r1, [pc, #852]	; 200003ec <find_lock_val1+0x158>
20000094:	e580144c 	str	r1, [r0, #1100]	; 0x44c
20000098:	e59f134c 	ldr	r1, [pc, #844]	; 200003ec <find_lock_val1+0x158>
2000009c:	e580146c 	str	r1, [r0, #1132]	; 0x46c
200000a0:	e59f1344 	ldr	r1, [pc, #836]	; 200003ec <find_lock_val1+0x158>
200000a4:	e580148c 	str	r1, [r0, #1164]	; 0x48c
200000a8:	e59f133c 	ldr	r1, [pc, #828]	; 200003ec <find_lock_val1+0x158>
200000ac:	e58014ac 	str	r1, [r0, #1196]	; 0x4ac
200000b0:	e59f1338 	ldr	r1, [pc, #824]	; 200003f0 <find_lock_val1+0x15c>
200000b4:	e58014cc 	str	r1, [r0, #1228]	; 0x4cc
200000b8:	e59f0328 	ldr	r0, [pc, #808]	; 200003e8 <find_lock_val1+0x154>
200000bc:	e59f1328 	ldr	r1, [pc, #808]	; 200003ec <find_lock_val1+0x158>
200000c0:	e58014ec 	str	r1, [r0, #1260]	; 0x4ec
200000c4:	e59f1320 	ldr	r1, [pc, #800]	; 200003ec <find_lock_val1+0x158>
200000c8:	e580150c 	str	r1, [r0, #1292]	; 0x50c
200000cc:	e59f1318 	ldr	r1, [pc, #792]	; 200003ec <find_lock_val1+0x158>
200000d0:	e580152c 	str	r1, [r0, #1324]	; 0x52c
200000d4:	e59f1310 	ldr	r1, [pc, #784]	; 200003ec <find_lock_val1+0x158>
200000d8:	e580154c 	str	r1, [r0, #1356]	; 0x54c
200000dc:	e59f1308 	ldr	r1, [pc, #776]	; 200003ec <find_lock_val1+0x158>
200000e0:	e580156c 	str	r1, [r0, #1388]	; 0x56c
200000e4:	e59f1300 	ldr	r1, [pc, #768]	; 200003ec <find_lock_val1+0x158>
200000e8:	e580158c 	str	r1, [r0, #1420]	; 0x58c
200000ec:	e59f12f8 	ldr	r1, [pc, #760]	; 200003ec <find_lock_val1+0x158>
200000f0:	e58015ac 	str	r1, [r0, #1452]	; 0x5ac
200000f4:	e59f12f0 	ldr	r1, [pc, #752]	; 200003ec <find_lock_val1+0x158>
200000f8:	e58015cc 	str	r1, [r0, #1484]	; 0x5cc
200000fc:	e59f12ec 	ldr	r1, [pc, #748]	; 200003f0 <find_lock_val1+0x15c>
20000100:	e58015ec 	str	r1, [r0, #1516]	; 0x5ec
20000104:	e3a0020f 	mov	r0, #-268435456	; 0xf0000000
20000108:	e59f12e4 	ldr	r1, [pc, #740]	; 200003f4 <find_lock_val1+0x160>
2000010c:	e5801018 	str	r1, [r0, #24]
20000110:	e3a01086 	mov	r1, #134	; 0x86
20000114:	e580101c 	str	r1, [r0, #28]
20000118:	e59f12d8 	ldr	r1, [pc, #728]	; 200003f8 <find_lock_val1+0x164>
2000011c:	e5801018 	str	r1, [r0, #24]
20000120:	e59f12d4 	ldr	r1, [pc, #724]	; 200003fc <find_lock_val1+0x168>
20000124:	e5801018 	str	r1, [r0, #24]

20000128 <find_lock_val>:
20000128:	e5901040 	ldr	r1, [r0, #64]	; 0x40
2000012c:	e2012007 	and	r2, r1, #7
20000130:	e3520007 	cmp	r2, #7
20000134:	1afffffb 	bne	20000128 <find_lock_val>
20000138:	e2011dff 	and	r1, r1, #16320	; 0x3fc0
2000013c:	e1a02901 	lsl	r2, r1, #18
20000140:	e3822601 	orr	r2, r2, #1048576	; 0x100000
20000144:	e3822a01 	orr	r2, r2, #4096	; 0x1000
20000148:	e3821003 	orr	r1, r2, #3
2000014c:	e5801018 	str	r1, [r0, #24]
20000150:	e59f12a8 	ldr	r1, [pc, #680]	; 20000400 <find_lock_val1+0x16c>
20000154:	e5801000 	str	r1, [r0]
20000158:	e59f12a4 	ldr	r1, [pc, #676]	; 20000404 <find_lock_val1+0x170>
2000015c:	e5801004 	str	r1, [r0, #4]
20000160:	e59f12a0 	ldr	r1, [pc, #672]	; 20000408 <find_lock_val1+0x174>
20000164:	e5801008 	str	r1, [r0, #8]
20000168:	e59f129c 	ldr	r1, [pc, #668]	; 2000040c <find_lock_val1+0x178>
2000016c:	e580100c 	str	r1, [r0, #12]
20000170:	e3a014ff 	mov	r1, #-16777216	; 0xff000000
20000174:	e5801014 	str	r1, [r0, #20]
20000178:	e59f1290 	ldr	r1, [pc, #656]	; 20000410 <find_lock_val1+0x17c>
2000017c:	e5801030 	str	r1, [r0, #48]	; 0x30
20000180:	e59f128c 	ldr	r1, [pc, #652]	; 20000414 <find_lock_val1+0x180>
20000184:	e5801034 	str	r1, [r0, #52]	; 0x34
20000188:	e59f1288 	ldr	r1, [pc, #648]	; 20000418 <find_lock_val1+0x184>
2000018c:	e5801038 	str	r1, [r0, #56]	; 0x38
20000190:	e59f1284 	ldr	r1, [pc, #644]	; 2000041c <find_lock_val1+0x188>
20000194:	e580103c 	str	r1, [r0, #60]	; 0x3c
20000198:	e3a01407 	mov	r1, #117440512	; 0x7000000
2000019c:	e5801010 	str	r1, [r0, #16]
200001a0:	e3a01401 	mov	r1, #16777216	; 0x1000000
200001a4:	e5801010 	str	r1, [r0, #16]
200001a8:	e3a01802 	mov	r1, #131072	; 0x20000
200001ac:	e5801010 	str	r1, [r0, #16]
200001b0:	e3a01803 	mov	r1, #196608	; 0x30000
200001b4:	e5801010 	str	r1, [r0, #16]
200001b8:	e3a01b41 	mov	r1, #66560	; 0x10400
200001bc:	e5801010 	str	r1, [r0, #16]
200001c0:	e59f1258 	ldr	r1, [pc, #600]	; 20000420 <find_lock_val1+0x18c>
200001c4:	e5801010 	str	r1, [r0, #16]
200001c8:	e3a01401 	mov	r1, #16777216	; 0x1000000
200001cc:	e5801010 	str	r1, [r0, #16]
200001d0:	e3a01405 	mov	r1, #83886080	; 0x5000000
200001d4:	e5801010 	str	r1, [r0, #16]
200001d8:	e3a01405 	mov	r1, #83886080	; 0x5000000
200001dc:	e5801010 	str	r1, [r0, #16]
200001e0:	e59f123c 	ldr	r1, [pc, #572]	; 20000424 <find_lock_val1+0x190>
200001e4:	e5801010 	str	r1, [r0, #16]
200001e8:	e59f1238 	ldr	r1, [pc, #568]	; 20000428 <find_lock_val1+0x194>
200001ec:	e5801010 	str	r1, [r0, #16]
200001f0:	e3a01b41 	mov	r1, #66560	; 0x10400
200001f4:	e5801010 	str	r1, [r0, #16]
200001f8:	e3a01671 	mov	r1, #118489088	; 0x7100000
200001fc:	e5801010 	str	r1, [r0, #16]
20000200:	e3a01611 	mov	r1, #17825792	; 0x1100000
20000204:	e5801010 	str	r1, [r0, #16]
20000208:	e3a01812 	mov	r1, #1179648	; 0x120000
2000020c:	e5801010 	str	r1, [r0, #16]
20000210:	e3a01813 	mov	r1, #1245184	; 0x130000
20000214:	e5801010 	str	r1, [r0, #16]
20000218:	e59f120c 	ldr	r1, [pc, #524]	; 2000042c <find_lock_val1+0x198>
2000021c:	e5801010 	str	r1, [r0, #16]
20000220:	e59f1208 	ldr	r1, [pc, #520]	; 20000430 <find_lock_val1+0x19c>
20000224:	e5801010 	str	r1, [r0, #16]
20000228:	e3a01611 	mov	r1, #17825792	; 0x1100000
2000022c:	e5801010 	str	r1, [r0, #16]
20000230:	e3a01651 	mov	r1, #84934656	; 0x5100000
20000234:	e5801010 	str	r1, [r0, #16]
20000238:	e3a01651 	mov	r1, #84934656	; 0x5100000
2000023c:	e5801010 	str	r1, [r0, #16]
20000240:	e59f11ec 	ldr	r1, [pc, #492]	; 20000434 <find_lock_val1+0x1a0>
20000244:	e5801010 	str	r1, [r0, #16]
20000248:	e59f11e8 	ldr	r1, [pc, #488]	; 20000438 <find_lock_val1+0x1a4>
2000024c:	e5801010 	str	r1, [r0, #16]
20000250:	e59f11d4 	ldr	r1, [pc, #468]	; 2000042c <find_lock_val1+0x198>
20000254:	e5801010 	str	r1, [r0, #16]
20000258:	e59f11dc 	ldr	r1, [pc, #476]	; 2000043c <find_lock_val1+0x1a8>
2000025c:	e5801000 	str	r1, [r0]
20000260:	e3e01cff 	mvn	r1, #65280	; 0xff00
20000264:	e5801028 	str	r1, [r0, #40]	; 0x28
20000268:	e59f1194 	ldr	r1, [pc, #404]	; 20000404 <find_lock_val1+0x170>
2000026c:	e5801004 	str	r1, [r0, #4]
20000270:	e59f01c8 	ldr	r0, [pc, #456]	; 20000440 <find_lock_val1+0x1ac>
20000274:	e59f1178 	ldr	r1, [pc, #376]	; 200003f4 <find_lock_val1+0x160>
20000278:	e5801018 	str	r1, [r0, #24]
2000027c:	e3a01086 	mov	r1, #134	; 0x86
20000280:	e580101c 	str	r1, [r0, #28]
20000284:	e59f116c 	ldr	r1, [pc, #364]	; 200003f8 <find_lock_val1+0x164>
20000288:	e5801018 	str	r1, [r0, #24]
2000028c:	e59f1168 	ldr	r1, [pc, #360]	; 200003fc <find_lock_val1+0x168>
20000290:	e5801018 	str	r1, [r0, #24]

20000294 <find_lock_val1>:
20000294:	e5901040 	ldr	r1, [r0, #64]	; 0x40
20000298:	e2012007 	and	r2, r1, #7
2000029c:	e3520007 	cmp	r2, #7
200002a0:	1afffffb 	bne	20000294 <find_lock_val1>
200002a4:	e2011dff 	and	r1, r1, #16320	; 0x3fc0
200002a8:	e1a02901 	lsl	r2, r1, #18
200002ac:	e3822601 	orr	r2, r2, #1048576	; 0x100000
200002b0:	e3822a01 	orr	r2, r2, #4096	; 0x1000
200002b4:	e3821003 	orr	r1, r2, #3
200002b8:	e5801018 	str	r1, [r0, #24]
200002bc:	e59f017c 	ldr	r0, [pc, #380]	; 20000440 <find_lock_val1+0x1ac>
200002c0:	e59f1138 	ldr	r1, [pc, #312]	; 20000400 <find_lock_val1+0x16c>
200002c4:	e5801000 	str	r1, [r0]
200002c8:	e59f1134 	ldr	r1, [pc, #308]	; 20000404 <find_lock_val1+0x170>
200002cc:	e5801004 	str	r1, [r0, #4]
200002d0:	e59f116c 	ldr	r1, [pc, #364]	; 20000444 <find_lock_val1+0x1b0>
200002d4:	e5801008 	str	r1, [r0, #8]
200002d8:	e59f1168 	ldr	r1, [pc, #360]	; 20000448 <find_lock_val1+0x1b4>
200002dc:	e580100c 	str	r1, [r0, #12]
200002e0:	e3a014ff 	mov	r1, #-16777216	; 0xff000000
200002e4:	e5801014 	str	r1, [r0, #20]
200002e8:	e59f1120 	ldr	r1, [pc, #288]	; 20000410 <find_lock_val1+0x17c>
200002ec:	e5801030 	str	r1, [r0, #48]	; 0x30
200002f0:	e59f111c 	ldr	r1, [pc, #284]	; 20000414 <find_lock_val1+0x180>
200002f4:	e5801034 	str	r1, [r0, #52]	; 0x34
200002f8:	e59f1118 	ldr	r1, [pc, #280]	; 20000418 <find_lock_val1+0x184>
200002fc:	e5801038 	str	r1, [r0, #56]	; 0x38
20000300:	e59f1114 	ldr	r1, [pc, #276]	; 2000041c <find_lock_val1+0x188>
20000304:	e580103c 	str	r1, [r0, #60]	; 0x3c
20000308:	e3a01407 	mov	r1, #117440512	; 0x7000000
2000030c:	e5801010 	str	r1, [r0, #16]
20000310:	e3a01401 	mov	r1, #16777216	; 0x1000000
20000314:	e5801010 	str	r1, [r0, #16]
20000318:	e3a01802 	mov	r1, #131072	; 0x20000
2000031c:	e5801010 	str	r1, [r0, #16]
20000320:	e3a01803 	mov	r1, #196608	; 0x30000
20000324:	e5801010 	str	r1, [r0, #16]
20000328:	e3a01b41 	mov	r1, #66560	; 0x10400
2000032c:	e5801010 	str	r1, [r0, #16]
20000330:	e59f10e8 	ldr	r1, [pc, #232]	; 20000420 <find_lock_val1+0x18c>
20000334:	e5801010 	str	r1, [r0, #16]
20000338:	e3a01401 	mov	r1, #16777216	; 0x1000000
2000033c:	e5801010 	str	r1, [r0, #16]
20000340:	e3a01405 	mov	r1, #83886080	; 0x5000000
20000344:	e5801010 	str	r1, [r0, #16]
20000348:	e3a01405 	mov	r1, #83886080	; 0x5000000
2000034c:	e5801010 	str	r1, [r0, #16]
20000350:	e59f10cc 	ldr	r1, [pc, #204]	; 20000424 <find_lock_val1+0x190>
20000354:	e5801010 	str	r1, [r0, #16]
20000358:	e59f10c8 	ldr	r1, [pc, #200]	; 20000428 <find_lock_val1+0x194>
2000035c:	e5801010 	str	r1, [r0, #16]
20000360:	e3a01b41 	mov	r1, #66560	; 0x10400
20000364:	e5801010 	str	r1, [r0, #16]
20000368:	e3a01671 	mov	r1, #118489088	; 0x7100000
2000036c:	e5801010 	str	r1, [r0, #16]
20000370:	e3a01611 	mov	r1, #17825792	; 0x1100000
20000374:	e5801010 	str	r1, [r0, #16]
20000378:	e3a01812 	mov	r1, #1179648	; 0x120000
2000037c:	e5801010 	str	r1, [r0, #16]
20000380:	e3a01813 	mov	r1, #1245184	; 0x130000
20000384:	e5801010 	str	r1, [r0, #16]
20000388:	e59f10bc 	ldr	r1, [pc, #188]	; 2000044c <find_lock_val1+0x1b8>
2000038c:	e5801010 	str	r1, [r0, #16]
20000390:	e59f1098 	ldr	r1, [pc, #152]	; 20000430 <find_lock_val1+0x19c>
20000394:	e5801010 	str	r1, [r0, #16]
20000398:	e3a01611 	mov	r1, #17825792	; 0x1100000
2000039c:	e5801010 	str	r1, [r0, #16]
200003a0:	e3a01651 	mov	r1, #84934656	; 0x5100000
200003a4:	e5801010 	str	r1, [r0, #16]
200003a8:	e3a01651 	mov	r1, #84934656	; 0x5100000
200003ac:	e5801010 	str	r1, [r0, #16]
200003b0:	e59f107c 	ldr	r1, [pc, #124]	; 20000434 <find_lock_val1+0x1a0>
200003b4:	e5801010 	str	r1, [r0, #16]
200003b8:	e59f1078 	ldr	r1, [pc, #120]	; 20000438 <find_lock_val1+0x1a4>
200003bc:	e5801010 	str	r1, [r0, #16]
200003c0:	e59f1064 	ldr	r1, [pc, #100]	; 2000042c <find_lock_val1+0x198>
200003c4:	e5801010 	str	r1, [r0, #16]
200003c8:	e59f106c 	ldr	r1, [pc, #108]	; 2000043c <find_lock_val1+0x1a8>
200003cc:	e5801000 	str	r1, [r0]
200003d0:	e3e01cff 	mvn	r1, #65280	; 0xff00
200003d4:	e5801028 	str	r1, [r0, #40]	; 0x28
200003d8:	e59f1024 	ldr	r1, [pc, #36]	; 20000404 <find_lock_val1+0x170>
200003dc:	e5801004 	str	r1, [r0, #4]
200003e0:	e1a0f00e 	mov	pc, lr
200003e4:	f1e00000 	.word	0xf1e00000
200003e8:	e0200000 	.word	0xe0200000
200003ec:	0000aaaa 	.word	0x0000aaaa
200003f0:	00002aaa 	.word	0x00002aaa
200003f4:	00101000 	.word	0x00101000
200003f8:	00101002 	.word	0x00101002
200003fc:	00101003 	.word	0x00101003
20000400:	0fff2010 	.word	0x0fff2010
20000404:	00202400 	.word	0x00202400
20000408:	20e00323 	.word	0x20e00323
2000040c:	00e00323 	.word	0x00e00323
20000410:	00000618 	.word	0x00000618
20000414:	2b34438a 	.word	0x2b34438a
20000418:	24240000 	.word	0x24240000
2000041c:	0bdc0343 	.word	0x0bdc0343
20000420:	00000542 	.word	0x00000542
20000424:	00000442 	.word	0x00000442
20000428:	00010780 	.word	0x00010780
2000042c:	00110400 	.word	0x00110400
20000430:	00100542 	.word	0x00100542
20000434:	00100442 	.word	0x00100442
20000438:	00110780 	.word	0x00110780
2000043c:	0ff02030 	.word	0x0ff02030
20000440:	f1400000 	.word	0xf1400000
20000444:	40f00313 	.word	0x40f00313
20000448:	00f00313 	.word	0x00f00313
2000044c:	00110440 	.word	0x00110440

20000450 <clock_init>:
20000450:	e59f3020 	ldr	r3, [pc, #32]	; 20000478 <clock_init+0x28>
20000454:	e59f2020 	ldr	r2, [pc, #32]	; 2000047c <clock_init+0x2c>
20000458:	e5832100 	str	r2, [r3, #256]	; 0x100
2000045c:	e59f201c 	ldr	r2, [pc, #28]	; 20000480 <clock_init+0x30>
20000460:	e5832200 	str	r2, [r3, #512]	; 0x200
20000464:	e59f2018 	ldr	r2, [pc, #24]	; 20000484 <clock_init+0x34>
20000468:	e5832300 	str	r2, [r3, #768]	; 0x300
2000046c:	e59f2014 	ldr	r2, [pc, #20]	; 20000488 <clock_init+0x38>
20000470:	e5832108 	str	r2, [r3, #264]	; 0x108
20000474:	e12fff1e 	bx	lr
20000478:	e0100000 	.word	0xe0100000
2000047c:	a07d0301 	.word	0xa07d0301
20000480:	10001111 	.word	0x10001111
20000484:	14131440 	.word	0x14131440
20000488:	a29b0c01 	.word	0xa29b0c01

2000048c <help>:
2000048c:	e92d4008 	push	{r3, lr}
20000490:	e59f0040 	ldr	r0, [pc, #64]	; 200004d8 <help+0x4c>
20000494:	eb0002dd 	bl	20001010 <puts>
20000498:	e59f003c 	ldr	r0, [pc, #60]	; 200004dc <help+0x50>
2000049c:	eb0002db 	bl	20001010 <puts>
200004a0:	e59f0038 	ldr	r0, [pc, #56]	; 200004e0 <help+0x54>
200004a4:	eb0002d9 	bl	20001010 <puts>
200004a8:	e59f0034 	ldr	r0, [pc, #52]	; 200004e4 <help+0x58>
200004ac:	eb0002d7 	bl	20001010 <puts>
200004b0:	e59f0030 	ldr	r0, [pc, #48]	; 200004e8 <help+0x5c>
200004b4:	eb0002d5 	bl	20001010 <puts>
200004b8:	e59f002c 	ldr	r0, [pc, #44]	; 200004ec <help+0x60>
200004bc:	eb0002d3 	bl	20001010 <puts>
200004c0:	e59f0028 	ldr	r0, [pc, #40]	; 200004f0 <help+0x64>
200004c4:	eb0002d1 	bl	20001010 <puts>
200004c8:	e59f0024 	ldr	r0, [pc, #36]	; 200004f4 <help+0x68>
200004cc:	eb0002cf 	bl	20001010 <puts>
200004d0:	e3a00000 	mov	r0, #0
200004d4:	e8bd8008 	pop	{r3, pc}
200004d8:	20001200 	.word	0x20001200
200004dc:	2000120c 	.word	0x2000120c
200004e0:	20001220 	.word	0x20001220
200004e4:	20001234 	.word	0x20001234
200004e8:	20001258 	.word	0x20001258
200004ec:	2000126c 	.word	0x2000126c
200004f0:	20001290 	.word	0x20001290
200004f4:	200012a8 	.word	0x200012a8

200004f8 <md>:
200004f8:	e92d47f0 	push	{r4, r5, r6, r7, r8, r9, sl, lr}
200004fc:	e3500001 	cmp	r0, #1
20000500:	d3a05000 	movle	r5, #0
20000504:	da000002 	ble	20000514 <md+0x1c>
20000508:	e5910004 	ldr	r0, [r1, #4]
2000050c:	eb000141 	bl	20000a18 <atoi>
20000510:	e1a05000 	mov	r5, r0
20000514:	e3a07000 	mov	r7, #0
20000518:	e59f8050 	ldr	r8, [pc, #80]	; 20000570 <md+0x78>
2000051c:	e1a0a007 	mov	sl, r7
20000520:	e59f604c 	ldr	r6, [pc, #76]	; 20000574 <md+0x7c>
20000524:	e3a0900a 	mov	r9, #10
20000528:	e1a00008 	mov	r0, r8
2000052c:	e1a01005 	mov	r1, r5
20000530:	eb000240 	bl	20000e38 <printf>
20000534:	e1a0400a 	mov	r4, sl
20000538:	e1a00006 	mov	r0, r6
2000053c:	e7951004 	ldr	r1, [r5, r4]
20000540:	eb00023c 	bl	20000e38 <printf>
20000544:	e2844004 	add	r4, r4, #4
20000548:	e3540010 	cmp	r4, #16
2000054c:	1afffff9 	bne	20000538 <md+0x40>
20000550:	e2855010 	add	r5, r5, #16
20000554:	e1a00009 	mov	r0, r9
20000558:	eb000296 	bl	20000fb8 <putchar>
2000055c:	e2877001 	add	r7, r7, #1
20000560:	e3570010 	cmp	r7, #16
20000564:	1affffef 	bne	20000528 <md+0x30>
20000568:	e3a00000 	mov	r0, #0
2000056c:	e8bd87f0 	pop	{r4, r5, r6, r7, r8, r9, sl, pc}
20000570:	200012c4 	.word	0x200012c4
20000574:	200012cc 	.word	0x200012cc

20000578 <mw>:
20000578:	e92d4070 	push	{r4, r5, r6, lr}
2000057c:	e1a04000 	mov	r4, r0
20000580:	e1a06001 	mov	r6, r1
20000584:	e3500001 	cmp	r0, #1
20000588:	d3a05000 	movle	r5, #0
2000058c:	da000002 	ble	2000059c <mw+0x24>
20000590:	e5910004 	ldr	r0, [r1, #4]
20000594:	eb00011f 	bl	20000a18 <atoi>
20000598:	e1a05000 	mov	r5, r0
2000059c:	e3540002 	cmp	r4, #2
200005a0:	d3a00000 	movle	r0, #0
200005a4:	da000001 	ble	200005b0 <mw+0x38>
200005a8:	e5960008 	ldr	r0, [r6, #8]
200005ac:	eb000119 	bl	20000a18 <atoi>
200005b0:	e5850000 	str	r0, [r5]
200005b4:	e3a00000 	mov	r0, #0
200005b8:	e8bd8070 	pop	{r4, r5, r6, pc}

200005bc <loadb>:
200005bc:	e92d4038 	push	{r3, r4, r5, lr}
200005c0:	e1a04000 	mov	r4, r0
200005c4:	e1a05001 	mov	r5, r1
200005c8:	e59f0044 	ldr	r0, [pc, #68]	; 20000614 <loadb+0x58>
200005cc:	e3a01421 	mov	r1, #553648128	; 0x21000000
200005d0:	eb000218 	bl	20000e38 <printf>
200005d4:	e3540001 	cmp	r4, #1
200005d8:	da000009 	ble	20000604 <loadb+0x48>
200005dc:	e5950004 	ldr	r0, [r5, #4]
200005e0:	eb00010c 	bl	20000a18 <atoi>
200005e4:	e2505000 	subs	r5, r0, #0
200005e8:	da000005 	ble	20000604 <loadb+0x48>
200005ec:	e3a04421 	mov	r4, #553648128	; 0x21000000
200005f0:	eb000281 	bl	20000ffc <getchar>
200005f4:	e4c40001 	strb	r0, [r4], #1
200005f8:	e28434df 	add	r3, r4, #-553648128	; 0xdf000000
200005fc:	e1550003 	cmp	r5, r3
20000600:	cafffffa 	bgt	200005f0 <loadb+0x34>
20000604:	e59f000c 	ldr	r0, [pc, #12]	; 20000618 <loadb+0x5c>
20000608:	eb000280 	bl	20001010 <puts>
2000060c:	e3a00000 	mov	r0, #0
20000610:	e8bd8038 	pop	{r3, r4, r5, pc}
20000614:	200012d0 	.word	0x200012d0
20000618:	200012f0 	.word	0x200012f0

2000061c <loadx>:
2000061c:	e92d4010 	push	{r4, lr}
20000620:	e3500001 	cmp	r0, #1
20000624:	d3a04421 	movle	r4, #553648128	; 0x21000000
20000628:	da000002 	ble	20000638 <loadx+0x1c>
2000062c:	e5910004 	ldr	r0, [r1, #4]
20000630:	eb0000f8 	bl	20000a18 <atoi>
20000634:	e1a04000 	mov	r4, r0
20000638:	e59f001c 	ldr	r0, [pc, #28]	; 2000065c <loadx+0x40>
2000063c:	e1a01004 	mov	r1, r4
20000640:	eb0001fc 	bl	20000e38 <printf>
20000644:	e1a00004 	mov	r0, r4
20000648:	eb0002ba 	bl	20001138 <xmodem_recv>
2000064c:	e59f000c 	ldr	r0, [pc, #12]	; 20000660 <loadx+0x44>
20000650:	eb00026e 	bl	20001010 <puts>
20000654:	e3a00000 	mov	r0, #0
20000658:	e8bd8010 	pop	{r4, pc}
2000065c:	20001300 	.word	0x20001300
20000660:	2000132c 	.word	0x2000132c

20000664 <go>:
20000664:	e92d4010 	push	{r4, lr}
20000668:	e3500001 	cmp	r0, #1
2000066c:	d3a04421 	movle	r4, #553648128	; 0x21000000
20000670:	da000002 	ble	20000680 <go+0x1c>
20000674:	e5910004 	ldr	r0, [r1, #4]
20000678:	eb0000e6 	bl	20000a18 <atoi>
2000067c:	e1a04000 	mov	r4, r0
20000680:	e59f0010 	ldr	r0, [pc, #16]	; 20000698 <go+0x34>
20000684:	e1a01004 	mov	r1, r4
20000688:	eb0001ea 	bl	20000e38 <printf>
2000068c:	e12fff34 	blx	r4
20000690:	e3a00000 	mov	r0, #0
20000694:	e8bd8010 	pop	{r4, pc}
20000698:	20001340 	.word	0x20001340

2000069c <nand>:
2000069c:	e92d40f8 	push	{r3, r4, r5, r6, r7, lr}
200006a0:	e1a04001 	mov	r4, r1
200006a4:	e3500004 	cmp	r0, #4
200006a8:	da000022 	ble	20000738 <nand+0x9c>
200006ac:	e5910008 	ldr	r0, [r1, #8]
200006b0:	eb0000d8 	bl	20000a18 <atoi>
200006b4:	e1a05000 	mov	r5, r0
200006b8:	e594000c 	ldr	r0, [r4, #12]
200006bc:	eb0000d5 	bl	20000a18 <atoi>
200006c0:	e1a06000 	mov	r6, r0
200006c4:	e5940010 	ldr	r0, [r4, #16]
200006c8:	eb0000d2 	bl	20000a18 <atoi>
200006cc:	e1a07000 	mov	r7, r0
200006d0:	e59f0068 	ldr	r0, [pc, #104]	; 20000740 <nand+0xa4>
200006d4:	e1a01005 	mov	r1, r5
200006d8:	e1a02006 	mov	r2, r6
200006dc:	e1a03007 	mov	r3, r7
200006e0:	eb0001d4 	bl	20000e38 <printf>
200006e4:	e5940004 	ldr	r0, [r4, #4]
200006e8:	e59f1054 	ldr	r1, [pc, #84]	; 20000744 <nand+0xa8>
200006ec:	eb0000e7 	bl	20000a90 <strcmp>
200006f0:	e3500000 	cmp	r0, #0
200006f4:	1a000003 	bne	20000708 <nand+0x6c>
200006f8:	e1a00005 	mov	r0, r5
200006fc:	e1a01006 	mov	r1, r6
20000700:	e1a02007 	mov	r2, r7
20000704:	eb000173 	bl	20000cd8 <nand_read>
20000708:	e5940004 	ldr	r0, [r4, #4]
2000070c:	e59f1034 	ldr	r1, [pc, #52]	; 20000748 <nand+0xac>
20000710:	eb0000de 	bl	20000a90 <strcmp>
20000714:	e3500000 	cmp	r0, #0
20000718:	1a000003 	bne	2000072c <nand+0x90>
2000071c:	e1a00005 	mov	r0, r5
20000720:	e1a01006 	mov	r1, r6
20000724:	e1a02007 	mov	r2, r7
20000728:	eb00017f 	bl	20000d2c <nand_write>
2000072c:	e59f0018 	ldr	r0, [pc, #24]	; 2000074c <nand+0xb0>
20000730:	e5941004 	ldr	r1, [r4, #4]
20000734:	eb0001bf 	bl	20000e38 <printf>
20000738:	e3a00000 	mov	r0, #0
2000073c:	e8bd80f8 	pop	{r3, r4, r5, r6, r7, pc}
20000740:	20001354 	.word	0x20001354
20000744:	20001378 	.word	0x20001378
20000748:	2000122c 	.word	0x2000122c
2000074c:	20001380 	.word	0x20001380

20000750 <init_taglist>:
20000750:	e59f308c 	ldr	r3, [pc, #140]	; 200007e4 <init_taglist+0x94>
20000754:	e5803004 	str	r3, [r0, #4]
20000758:	e3a03005 	mov	r3, #5
2000075c:	e5803000 	str	r3, [r0]
20000760:	e3a03001 	mov	r3, #1
20000764:	e5803008 	str	r3, [r0, #8]
20000768:	e3a03a01 	mov	r3, #4096	; 0x1000
2000076c:	e580300c 	str	r3, [r0, #12]
20000770:	e3a03000 	mov	r3, #0
20000774:	e5803010 	str	r3, [r0, #16]
20000778:	e280c014 	add	ip, r0, #20
2000077c:	e59f3064 	ldr	r3, [pc, #100]	; 200007e8 <init_taglist+0x98>
20000780:	e58c3004 	str	r3, [ip, #4]
20000784:	e3a03013 	mov	r3, #19
20000788:	e5803014 	str	r3, [r0, #20]
2000078c:	e59f1058 	ldr	r1, [pc, #88]	; 200007ec <init_taglist+0x9c>
20000790:	e2413001 	sub	r3, r1, #1
20000794:	e280201b 	add	r2, r0, #27
20000798:	e2810040 	add	r0, r1, #64	; 0x40
2000079c:	e5f31001 	ldrb	r1, [r3, #1]!
200007a0:	e5e21001 	strb	r1, [r2, #1]!
200007a4:	e1530000 	cmp	r3, r0
200007a8:	1afffffb 	bne	2000079c <init_taglist+0x4c>
200007ac:	e28c304c 	add	r3, ip, #76	; 0x4c
200007b0:	e59f2038 	ldr	r2, [pc, #56]	; 200007f0 <init_taglist+0xa0>
200007b4:	e5832004 	str	r2, [r3, #4]
200007b8:	e3a02004 	mov	r2, #4
200007bc:	e58c204c 	str	r2, [ip, #76]	; 0x4c
200007c0:	e3a02201 	mov	r2, #268435456	; 0x10000000
200007c4:	e5832008 	str	r2, [r3, #8]
200007c8:	e3a02202 	mov	r2, #536870912	; 0x20000000
200007cc:	e583200c 	str	r2, [r3, #12]
200007d0:	e28c205c 	add	r2, ip, #92	; 0x5c
200007d4:	e3a03000 	mov	r3, #0
200007d8:	e5823004 	str	r3, [r2, #4]
200007dc:	e58c305c 	str	r3, [ip, #92]	; 0x5c
200007e0:	e12fff1e 	bx	lr
200007e4:	54410001 	.word	0x54410001
200007e8:	54410009 	.word	0x54410009
200007ec:	200011bc 	.word	0x200011bc
200007f0:	54410002 	.word	0x54410002

200007f4 <bootm>:
200007f4:	e92d4038 	push	{r3, r4, r5, lr}
200007f8:	e59f4044 	ldr	r4, [pc, #68]	; 20000844 <bootm+0x50>
200007fc:	e59f0044 	ldr	r0, [pc, #68]	; 20000848 <bootm+0x54>
20000800:	e1a01004 	mov	r1, r4
20000804:	eb00018b 	bl	20000e38 <printf>
20000808:	e1a00004 	mov	r0, r4
2000080c:	e3a01501 	mov	r1, #4194304	; 0x400000
20000810:	e3a02502 	mov	r2, #8388608	; 0x800000
20000814:	eb00012f 	bl	20000cd8 <nand_read>
20000818:	e59f502c 	ldr	r5, [pc, #44]	; 2000084c <bootm+0x58>
2000081c:	e1a00005 	mov	r0, r5
20000820:	ebffffca 	bl	20000750 <init_taglist>
20000824:	e59f0024 	ldr	r0, [pc, #36]	; 20000850 <bootm+0x5c>
20000828:	eb0001f8 	bl	20001010 <puts>
2000082c:	e3a00000 	mov	r0, #0
20000830:	e59f101c 	ldr	r1, [pc, #28]	; 20000854 <bootm+0x60>
20000834:	e1a02005 	mov	r2, r5
20000838:	e12fff34 	blx	r4
2000083c:	e3a00000 	mov	r0, #0
20000840:	e8bd8038 	pop	{r3, r4, r5, pc}
20000844:	20008000 	.word	0x20008000
20000848:	20001394 	.word	0x20001394
2000084c:	20000100 	.word	0x20000100
20000850:	200013c8 	.word	0x200013c8
20000854:	00000d8a 	.word	0x00000d8a

20000858 <command_do>:
20000858:	e92d4038 	push	{r3, r4, r5, lr}
2000085c:	e1a04001 	mov	r4, r1
20000860:	e2505000 	subs	r5, r0, #0
20000864:	03e00000 	mvneq	r0, #0
20000868:	08bd8038 	popeq	{r3, r4, r5, pc}
2000086c:	e59f0114 	ldr	r0, [pc, #276]	; 20000988 <command_do+0x130>
20000870:	e5911000 	ldr	r1, [r1]
20000874:	eb00016f 	bl	20000e38 <printf>
20000878:	e5940000 	ldr	r0, [r4]
2000087c:	e59f1108 	ldr	r1, [pc, #264]	; 2000098c <command_do+0x134>
20000880:	eb000082 	bl	20000a90 <strcmp>
20000884:	e3500000 	cmp	r0, #0
20000888:	1a000002 	bne	20000898 <command_do+0x40>
2000088c:	e1a00005 	mov	r0, r5
20000890:	e1a01004 	mov	r1, r4
20000894:	ebfffefc 	bl	2000048c <help>
20000898:	e5940000 	ldr	r0, [r4]
2000089c:	e59f10ec 	ldr	r1, [pc, #236]	; 20000990 <command_do+0x138>
200008a0:	eb00007a 	bl	20000a90 <strcmp>
200008a4:	e3500000 	cmp	r0, #0
200008a8:	1a000002 	bne	200008b8 <command_do+0x60>
200008ac:	e1a00005 	mov	r0, r5
200008b0:	e1a01004 	mov	r1, r4
200008b4:	ebffff0f 	bl	200004f8 <md>
200008b8:	e5940000 	ldr	r0, [r4]
200008bc:	e59f10d0 	ldr	r1, [pc, #208]	; 20000994 <command_do+0x13c>
200008c0:	eb000072 	bl	20000a90 <strcmp>
200008c4:	e3500000 	cmp	r0, #0
200008c8:	1a000002 	bne	200008d8 <command_do+0x80>
200008cc:	e1a00005 	mov	r0, r5
200008d0:	e1a01004 	mov	r1, r4
200008d4:	ebffff27 	bl	20000578 <mw>
200008d8:	e5940000 	ldr	r0, [r4]
200008dc:	e59f10b4 	ldr	r1, [pc, #180]	; 20000998 <command_do+0x140>
200008e0:	eb00006a 	bl	20000a90 <strcmp>
200008e4:	e3500000 	cmp	r0, #0
200008e8:	1a000002 	bne	200008f8 <command_do+0xa0>
200008ec:	e1a00005 	mov	r0, r5
200008f0:	e1a01004 	mov	r1, r4
200008f4:	ebffff30 	bl	200005bc <loadb>
200008f8:	e5940000 	ldr	r0, [r4]
200008fc:	e59f1098 	ldr	r1, [pc, #152]	; 2000099c <command_do+0x144>
20000900:	eb000062 	bl	20000a90 <strcmp>
20000904:	e3500000 	cmp	r0, #0
20000908:	1a000002 	bne	20000918 <command_do+0xc0>
2000090c:	e1a00005 	mov	r0, r5
20000910:	e1a01004 	mov	r1, r4
20000914:	ebffff52 	bl	20000664 <go>
20000918:	e5940000 	ldr	r0, [r4]
2000091c:	e59f107c 	ldr	r1, [pc, #124]	; 200009a0 <command_do+0x148>
20000920:	eb00005a 	bl	20000a90 <strcmp>
20000924:	e3500000 	cmp	r0, #0
20000928:	1a000002 	bne	20000938 <command_do+0xe0>
2000092c:	e1a00005 	mov	r0, r5
20000930:	e1a01004 	mov	r1, r4
20000934:	ebffff38 	bl	2000061c <loadx>
20000938:	e5940000 	ldr	r0, [r4]
2000093c:	e59f1060 	ldr	r1, [pc, #96]	; 200009a4 <command_do+0x14c>
20000940:	eb000052 	bl	20000a90 <strcmp>
20000944:	e3500000 	cmp	r0, #0
20000948:	1a000002 	bne	20000958 <command_do+0x100>
2000094c:	e1a00005 	mov	r0, r5
20000950:	e1a01004 	mov	r1, r4
20000954:	ebffff50 	bl	2000069c <nand>
20000958:	e5940000 	ldr	r0, [r4]
2000095c:	e59f1044 	ldr	r1, [pc, #68]	; 200009a8 <command_do+0x150>
20000960:	eb00004a 	bl	20000a90 <strcmp>
20000964:	e3500000 	cmp	r0, #0
20000968:	1a000004 	bne	20000980 <command_do+0x128>
2000096c:	e1a00005 	mov	r0, r5
20000970:	e1a01004 	mov	r1, r4
20000974:	ebffff9e 	bl	200007f4 <bootm>
20000978:	e3a00000 	mov	r0, #0
2000097c:	e8bd8038 	pop	{r3, r4, r5, pc}
20000980:	e3a00000 	mov	r0, #0
20000984:	e8bd8038 	pop	{r3, r4, r5, pc}
20000988:	200013e0 	.word	0x200013e0
2000098c:	200013f4 	.word	0x200013f4
20000990:	200013fc 	.word	0x200013fc
20000994:	20001400 	.word	0x20001400
20000998:	20001404 	.word	0x20001404
2000099c:	2000140c 	.word	0x2000140c
200009a0:	20001410 	.word	0x20001410
200009a4:	20001418 	.word	0x20001418
200009a8:	20001420 	.word	0x20001420

200009ac <led_init>:
200009ac:	e59f3020 	ldr	r3, [pc, #32]	; 200009d4 <led_init+0x28>
200009b0:	e5932280 	ldr	r2, [r3, #640]	; 0x280
200009b4:	e1a02822 	lsr	r2, r2, #16
200009b8:	e1a02802 	lsl	r2, r2, #16
200009bc:	e5832280 	str	r2, [r3, #640]	; 0x280
200009c0:	e5932280 	ldr	r2, [r3, #640]	; 0x280
200009c4:	e3822c11 	orr	r2, r2, #4352	; 0x1100
200009c8:	e3822011 	orr	r2, r2, #17
200009cc:	e5832280 	str	r2, [r3, #640]	; 0x280
200009d0:	e12fff1e 	bx	lr
200009d4:	e0200000 	.word	0xe0200000

200009d8 <led_on>:
200009d8:	e59f300c 	ldr	r3, [pc, #12]	; 200009ec <led_on+0x14>
200009dc:	e5932284 	ldr	r2, [r3, #644]	; 0x284
200009e0:	e3c2200f 	bic	r2, r2, #15
200009e4:	e5832284 	str	r2, [r3, #644]	; 0x284
200009e8:	e12fff1e 	bx	lr
200009ec:	e0200000 	.word	0xe0200000

200009f0 <led_off>:
200009f0:	e59f300c 	ldr	r3, [pc, #12]	; 20000a04 <led_off+0x14>
200009f4:	e5932284 	ldr	r2, [r3, #644]	; 0x284
200009f8:	e382200f 	orr	r2, r2, #15
200009fc:	e5832284 	str	r2, [r3, #644]	; 0x284
20000a00:	e12fff1e 	bx	lr
20000a04:	e0200000 	.word	0xe0200000

20000a08 <delay>:
20000a08:	e3a03301 	mov	r3, #67108864	; 0x4000000
20000a0c:	e2533001 	subs	r3, r3, #1
20000a10:	1afffffd 	bne	20000a0c <delay+0x4>
20000a14:	e12fff1e 	bx	lr

20000a18 <atoi>:
20000a18:	e5d03000 	ldrb	r3, [r0]
20000a1c:	e3530030 	cmp	r3, #48	; 0x30
20000a20:	13a03000 	movne	r3, #0
20000a24:	13a0c00a 	movne	ip, #10
20000a28:	1a000004 	bne	20000a40 <atoi+0x28>
20000a2c:	e5d03001 	ldrb	r3, [r0, #1]
20000a30:	e3530078 	cmp	r3, #120	; 0x78
20000a34:	03a03002 	moveq	r3, #2
20000a38:	03a0c010 	moveq	ip, #16
20000a3c:	1a000010 	bne	20000a84 <atoi+0x6c>
20000a40:	e7f03003 	ldrb	r3, [r0, r3]!
20000a44:	e3530000 	cmp	r3, #0
20000a48:	0a00000b 	beq	20000a7c <atoi+0x64>
20000a4c:	e1a02000 	mov	r2, r0
20000a50:	e3a00000 	mov	r0, #0
20000a54:	e2431030 	sub	r1, r3, #48	; 0x30
20000a58:	e6ef1071 	uxtb	r1, r1
20000a5c:	e3510009 	cmp	r1, #9
20000a60:	92433030 	subls	r3, r3, #48	; 0x30
20000a64:	82433057 	subhi	r3, r3, #87	; 0x57
20000a68:	e020309c 	mla	r0, ip, r0, r3
20000a6c:	e5f23001 	ldrb	r3, [r2, #1]!
20000a70:	e3530000 	cmp	r3, #0
20000a74:	1afffff6 	bne	20000a54 <atoi+0x3c>
20000a78:	e12fff1e 	bx	lr
20000a7c:	e3a00000 	mov	r0, #0
20000a80:	e12fff1e 	bx	lr
20000a84:	e5d03000 	ldrb	r3, [r0]
20000a88:	e3a0c00a 	mov	ip, #10
20000a8c:	eaffffee 	b	20000a4c <atoi+0x34>

20000a90 <strcmp>:
20000a90:	e5d03000 	ldrb	r3, [r0]
20000a94:	e5d12000 	ldrb	r2, [r1]
20000a98:	e1530002 	cmp	r3, r2
20000a9c:	1a000009 	bne	20000ac8 <strcmp+0x38>
20000aa0:	e3530000 	cmp	r3, #0
20000aa4:	03a00000 	moveq	r0, #0
20000aa8:	1a000002 	bne	20000ab8 <strcmp+0x28>
20000aac:	e12fff1e 	bx	lr
20000ab0:	e3530000 	cmp	r3, #0
20000ab4:	0a000005 	beq	20000ad0 <strcmp+0x40>
20000ab8:	e5f03001 	ldrb	r3, [r0, #1]!
20000abc:	e5f12001 	ldrb	r2, [r1, #1]!
20000ac0:	e1530002 	cmp	r3, r2
20000ac4:	0afffff9 	beq	20000ab0 <strcmp+0x20>
20000ac8:	e0620003 	rsb	r0, r2, r3
20000acc:	e12fff1e 	bx	lr
20000ad0:	e3a00000 	mov	r0, #0
20000ad4:	e12fff1e 	bx	lr

20000ad8 <mymain>:
20000ad8:	e92d4ff0 	push	{r4, r5, r6, r7, r8, r9, sl, fp, lr}
20000adc:	e24dd06c 	sub	sp, sp, #108	; 0x6c
20000ae0:	ebffffb1 	bl	200009ac <led_init>
20000ae4:	ebffffbb 	bl	200009d8 <led_on>
20000ae8:	eb00016e 	bl	200010a8 <uart_init>
20000aec:	eb000032 	bl	20000bbc <nand_init>
20000af0:	e28d0028 	add	r0, sp, #40	; 0x28
20000af4:	eb000044 	bl	20000c0c <nand_read_id>
20000af8:	e5dd0028 	ldrb	r0, [sp, #40]	; 0x28
20000afc:	eb000096 	bl	20000d5c <putchar_hex>
20000b00:	e5dd0029 	ldrb	r0, [sp, #41]	; 0x29
20000b04:	eb000094 	bl	20000d5c <putchar_hex>
20000b08:	e5dd002a 	ldrb	r0, [sp, #42]	; 0x2a
20000b0c:	eb000092 	bl	20000d5c <putchar_hex>
20000b10:	e5dd002b 	ldrb	r0, [sp, #43]	; 0x2b
20000b14:	eb000090 	bl	20000d5c <putchar_hex>
20000b18:	e5dd002c 	ldrb	r0, [sp, #44]	; 0x2c
20000b1c:	eb00008e 	bl	20000d5c <putchar_hex>
20000b20:	e59f0080 	ldr	r0, [pc, #128]	; 20000ba8 <mymain+0xd0>
20000b24:	eb000139 	bl	20001010 <puts>
20000b28:	e59f007c 	ldr	r0, [pc, #124]	; 20000bac <mymain+0xd4>
20000b2c:	eb000137 	bl	20001010 <puts>
20000b30:	e59f9078 	ldr	r9, [pc, #120]	; 20000bb0 <mymain+0xd8>
20000b34:	e28d8028 	add	r8, sp, #40	; 0x28
20000b38:	e59fb074 	ldr	fp, [pc, #116]	; 20000bb4 <mymain+0xdc>
20000b3c:	e1a0a00d 	mov	sl, sp
20000b40:	e59f7070 	ldr	r7, [pc, #112]	; 20000bb8 <mymain+0xe0>
20000b44:	e1a00009 	mov	r0, r9
20000b48:	eb0000ba 	bl	20000e38 <printf>
20000b4c:	e1a00008 	mov	r0, r8
20000b50:	eb00013b 	bl	20001044 <gets>
20000b54:	e1a0000b 	mov	r0, fp
20000b58:	e1a01008 	mov	r1, r8
20000b5c:	eb0000b5 	bl	20000e38 <printf>
20000b60:	e1a00008 	mov	r0, r8
20000b64:	e1a0100d 	mov	r1, sp
20000b68:	eb0000f2 	bl	20000f38 <shell_parse>
20000b6c:	e2506000 	subs	r6, r0, #0
20000b70:	da000008 	ble	20000b98 <mymain+0xc0>
20000b74:	e24a5004 	sub	r5, sl, #4
20000b78:	e3a04000 	mov	r4, #0
20000b7c:	e1a00007 	mov	r0, r7
20000b80:	e1a01004 	mov	r1, r4
20000b84:	e5b52004 	ldr	r2, [r5, #4]!
20000b88:	eb0000aa 	bl	20000e38 <printf>
20000b8c:	e2844001 	add	r4, r4, #1
20000b90:	e1560004 	cmp	r6, r4
20000b94:	cafffff8 	bgt	20000b7c <mymain+0xa4>
20000b98:	e1a00006 	mov	r0, r6
20000b9c:	e1a0100d 	mov	r1, sp
20000ba0:	ebffff2c 	bl	20000858 <command_do>
20000ba4:	eaffffe6 	b	20000b44 <mymain+0x6c>
20000ba8:	20001428 	.word	0x20001428
20000bac:	20001440 	.word	0x20001440
20000bb0:	2000145c 	.word	0x2000145c
20000bb4:	20001468 	.word	0x20001468
20000bb8:	2000147c 	.word	0x2000147c

20000bbc <nand_init>:
20000bbc:	e59f3040 	ldr	r3, [pc, #64]	; 20000c04 <nand_init+0x48>
20000bc0:	e5932000 	ldr	r2, [r3]
20000bc4:	e3822c11 	orr	r2, r2, #4352	; 0x1100
20000bc8:	e3822010 	orr	r2, r2, #16
20000bcc:	e5832000 	str	r2, [r3]
20000bd0:	e5932000 	ldr	r2, [r3]
20000bd4:	e3822002 	orr	r2, r2, #2
20000bd8:	e5832000 	str	r2, [r3]
20000bdc:	e5932004 	ldr	r2, [r3, #4]
20000be0:	e3822001 	orr	r2, r2, #1
20000be4:	e5832004 	str	r2, [r3, #4]
20000be8:	e5932004 	ldr	r2, [r3, #4]
20000bec:	e3c22002 	bic	r2, r2, #2
20000bf0:	e5832004 	str	r2, [r3, #4]
20000bf4:	e59f200c 	ldr	r2, [pc, #12]	; 20000c08 <nand_init+0x4c>
20000bf8:	e28335bd 	add	r3, r3, #792723456	; 0x2f400000
20000bfc:	e5832320 	str	r2, [r3, #800]	; 0x320
20000c00:	e12fff1e 	bx	lr
20000c04:	b0e00000 	.word	0xb0e00000
20000c08:	22222222 	.word	0x22222222

20000c0c <nand_read_id>:
20000c0c:	e59f2028 	ldr	r2, [pc, #40]	; 20000c3c <nand_read_id+0x30>
20000c10:	e3e0306f 	mvn	r3, #111	; 0x6f
20000c14:	e5c23008 	strb	r3, [r2, #8]
20000c18:	e3a03000 	mov	r3, #0
20000c1c:	e5c2300c 	strb	r3, [r2, #12]
20000c20:	e1a01002 	mov	r1, r2
20000c24:	e5d12010 	ldrb	r2, [r1, #16]
20000c28:	e7c02003 	strb	r2, [r0, r3]
20000c2c:	e2833001 	add	r3, r3, #1
20000c30:	e3530005 	cmp	r3, #5
20000c34:	1afffffa 	bne	20000c24 <nand_read_id+0x18>
20000c38:	e12fff1e 	bx	lr
20000c3c:	b0e00000 	.word	0xb0e00000

20000c40 <nand_read_page>:
20000c40:	e59f308c 	ldr	r3, [pc, #140]	; 20000cd4 <nand_read_page+0x94>
20000c44:	e3a02000 	mov	r2, #0
20000c48:	e5c32008 	strb	r2, [r3, #8]
20000c4c:	e6ef2070 	uxtb	r2, r0
20000c50:	e5c3200c 	strb	r2, [r3, #12]
20000c54:	e1a02440 	asr	r2, r0, #8
20000c58:	e2022007 	and	r2, r2, #7
20000c5c:	e5c3200c 	strb	r2, [r3, #12]
20000c60:	e1a025c0 	asr	r2, r0, #11
20000c64:	e6ef2072 	uxtb	r2, r2
20000c68:	e5c3200c 	strb	r2, [r3, #12]
20000c6c:	e1a029c0 	asr	r2, r0, #19
20000c70:	e6ef2072 	uxtb	r2, r2
20000c74:	e5c3200c 	strb	r2, [r3, #12]
20000c78:	e1a02dc0 	asr	r2, r0, #27
20000c7c:	e2022001 	and	r2, r2, #1
20000c80:	e5c3200c 	strb	r2, [r3, #12]
20000c84:	e3a02030 	mov	r2, #48	; 0x30
20000c88:	e5c32008 	strb	r2, [r3, #8]
20000c8c:	e1a02003 	mov	r2, r3
20000c90:	e5923028 	ldr	r3, [r2, #40]	; 0x28
20000c94:	e3130001 	tst	r3, #1
20000c98:	0afffffc 	beq	20000c90 <nand_read_page+0x50>
20000c9c:	e3a03000 	mov	r3, #0
20000ca0:	e59f002c 	ldr	r0, [pc, #44]	; 20000cd4 <nand_read_page+0x94>
20000ca4:	e5d02010 	ldrb	r2, [r0, #16]
20000ca8:	e7c12003 	strb	r2, [r1, r3]
20000cac:	e2833001 	add	r3, r3, #1
20000cb0:	e3530b02 	cmp	r3, #2048	; 0x800
20000cb4:	1afffffa 	bne	20000ca4 <nand_read_page+0x64>
20000cb8:	e3a03000 	mov	r3, #0
20000cbc:	e59f2010 	ldr	r2, [pc, #16]	; 20000cd4 <nand_read_page+0x94>
20000cc0:	e5d21010 	ldrb	r1, [r2, #16]
20000cc4:	e2833001 	add	r3, r3, #1
20000cc8:	e3530040 	cmp	r3, #64	; 0x40
20000ccc:	1afffffb 	bne	20000cc0 <nand_read_page+0x80>
20000cd0:	e12fff1e 	bx	lr
20000cd4:	b0e00000 	.word	0xb0e00000

20000cd8 <nand_read>:
20000cd8:	e92d40f8 	push	{r3, r4, r5, r6, r7, lr}
20000cdc:	e2422001 	sub	r2, r2, #1
20000ce0:	e2827e7f 	add	r7, r2, #2032	; 0x7f0
20000ce4:	e3520000 	cmp	r2, #0
20000ce8:	b287200f 	addlt	r2, r7, #15
20000cec:	e1a075c2 	asr	r7, r2, #11
20000cf0:	e2877001 	add	r7, r7, #1
20000cf4:	e3570000 	cmp	r7, #0
20000cf8:	d8bd80f8 	pople	{r3, r4, r5, r6, r7, pc}
20000cfc:	e1a05001 	mov	r5, r1
20000d00:	e1a04000 	mov	r4, r0
20000d04:	e3a06000 	mov	r6, #0
20000d08:	e1a00005 	mov	r0, r5
20000d0c:	e1a01004 	mov	r1, r4
20000d10:	ebffffca 	bl	20000c40 <nand_read_page>
20000d14:	e2866001 	add	r6, r6, #1
20000d18:	e2855b02 	add	r5, r5, #2048	; 0x800
20000d1c:	e2844b02 	add	r4, r4, #2048	; 0x800
20000d20:	e1570006 	cmp	r7, r6
20000d24:	cafffff7 	bgt	20000d08 <nand_read+0x30>
20000d28:	e8bd80f8 	pop	{r3, r4, r5, r6, r7, pc}

20000d2c <nand_write>:
20000d2c:	e12fff1e 	bx	lr

20000d30 <_puts>:
20000d30:	e92d4010 	push	{r4, lr}
20000d34:	e1a04000 	mov	r4, r0
20000d38:	e5d00000 	ldrb	r0, [r0]
20000d3c:	e3500000 	cmp	r0, #0
20000d40:	0a000003 	beq	20000d54 <_puts+0x24>
20000d44:	eb00009b 	bl	20000fb8 <putchar>
20000d48:	e5f40001 	ldrb	r0, [r4, #1]!
20000d4c:	e3500000 	cmp	r0, #0
20000d50:	1afffffb 	bne	20000d44 <_puts+0x14>
20000d54:	e3a00000 	mov	r0, #0
20000d58:	e8bd8010 	pop	{r4, pc}

20000d5c <putchar_hex>:
20000d5c:	e92d4038 	push	{r3, r4, r5, lr}
20000d60:	e1a05000 	mov	r5, r0
20000d64:	e59f4014 	ldr	r4, [pc, #20]	; 20000d80 <putchar_hex+0x24>
20000d68:	e7d40220 	ldrb	r0, [r4, r0, lsr #4]
20000d6c:	eb000091 	bl	20000fb8 <putchar>
20000d70:	e205500f 	and	r5, r5, #15
20000d74:	e7d40005 	ldrb	r0, [r4, r5]
20000d78:	eb00008e 	bl	20000fb8 <putchar>
20000d7c:	e8bd8038 	pop	{r3, r4, r5, pc}
20000d80:	20001488 	.word	0x20001488

20000d84 <putint_hex>:
20000d84:	e92d4010 	push	{r4, lr}
20000d88:	e1a04000 	mov	r4, r0
20000d8c:	e1a00c20 	lsr	r0, r0, #24
20000d90:	ebfffff1 	bl	20000d5c <putchar_hex>
20000d94:	e1a00844 	asr	r0, r4, #16
20000d98:	e6ef0070 	uxtb	r0, r0
20000d9c:	ebffffee 	bl	20000d5c <putchar_hex>
20000da0:	e1a00444 	asr	r0, r4, #8
20000da4:	e6ef0070 	uxtb	r0, r0
20000da8:	ebffffeb 	bl	20000d5c <putchar_hex>
20000dac:	e6ef0074 	uxtb	r0, r4
20000db0:	ebffffe9 	bl	20000d5c <putchar_hex>
20000db4:	e8bd8010 	pop	{r4, pc}

20000db8 <itoa>:
20000db8:	e52d4004 	push	{r4}		; (str r4, [sp, #-4]!)
20000dbc:	e3a0c000 	mov	ip, #0
20000dc0:	e59f406c 	ldr	r4, [pc, #108]	; 20000e34 <itoa+0x7c>
20000dc4:	e0c23094 	smull	r3, r2, r4, r0
20000dc8:	e1a03fc0 	asr	r3, r0, #31
20000dcc:	e0633142 	rsb	r3, r3, r2, asr #2
20000dd0:	e0832103 	add	r2, r3, r3, lsl #2
20000dd4:	e0400082 	sub	r0, r0, r2, lsl #1
20000dd8:	e2800030 	add	r0, r0, #48	; 0x30
20000ddc:	e7c1000c 	strb	r0, [r1, ip]
20000de0:	e28cc001 	add	ip, ip, #1
20000de4:	e1a00003 	mov	r0, r3
20000de8:	e3530000 	cmp	r3, #0
20000dec:	1afffff4 	bne	20000dc4 <itoa+0xc>
20000df0:	e081200c 	add	r2, r1, ip
20000df4:	e7c1300c 	strb	r3, [r1, ip]
20000df8:	e08ccfac 	add	ip, ip, ip, lsr #31
20000dfc:	e1a040cc 	asr	r4, ip, #1
20000e00:	e1540003 	cmp	r4, r3
20000e04:	da000007 	ble	20000e28 <itoa+0x70>
20000e08:	e1a03001 	mov	r3, r1
20000e0c:	e0814004 	add	r4, r1, r4
20000e10:	e5d30000 	ldrb	r0, [r3]
20000e14:	e552c001 	ldrb	ip, [r2, #-1]
20000e18:	e4c3c001 	strb	ip, [r3], #1
20000e1c:	e5620001 	strb	r0, [r2, #-1]!
20000e20:	e1530004 	cmp	r3, r4
20000e24:	1afffff9 	bne	20000e10 <itoa+0x58>
20000e28:	e1a00001 	mov	r0, r1
20000e2c:	e8bd0010 	pop	{r4}
20000e30:	e12fff1e 	bx	lr
20000e34:	66666667 	.word	0x66666667

20000e38 <printf>:
20000e38:	e92d000f 	push	{r0, r1, r2, r3}
20000e3c:	e92d4030 	push	{r4, r5, lr}
20000e40:	e24dd06c 	sub	sp, sp, #108	; 0x6c
20000e44:	e28d407c 	add	r4, sp, #124	; 0x7c
20000e48:	e28d5004 	add	r5, sp, #4
20000e4c:	ea00002f 	b	20000f10 <printf+0xd8>
20000e50:	e3500025 	cmp	r0, #37	; 0x25
20000e54:	1a00002c 	bne	20000f0c <printf+0xd4>
20000e58:	e5d22001 	ldrb	r2, [r2, #1]
20000e5c:	e2833001 	add	r3, r3, #1
20000e60:	e58d3078 	str	r3, [sp, #120]	; 0x78
20000e64:	e2423063 	sub	r3, r2, #99	; 0x63
20000e68:	e3530015 	cmp	r3, #21
20000e6c:	979ff103 	ldrls	pc, [pc, r3, lsl #2]
20000e70:	ea000026 	b	20000f10 <printf+0xd8>
20000e74:	20000ecc 	.word	0x20000ecc
20000e78:	20000ef4 	.word	0x20000ef4
20000e7c:	20000f10 	.word	0x20000f10
20000e80:	20000f10 	.word	0x20000f10
20000e84:	20000f10 	.word	0x20000f10
20000e88:	20000f10 	.word	0x20000f10
20000e8c:	20000f10 	.word	0x20000f10
20000e90:	20000f10 	.word	0x20000f10
20000e94:	20000f10 	.word	0x20000f10
20000e98:	20000f10 	.word	0x20000f10
20000e9c:	20000f10 	.word	0x20000f10
20000ea0:	20000f10 	.word	0x20000f10
20000ea4:	20000f10 	.word	0x20000f10
20000ea8:	20000f10 	.word	0x20000f10
20000eac:	20000f10 	.word	0x20000f10
20000eb0:	20000f10 	.word	0x20000f10
20000eb4:	20000edc 	.word	0x20000edc
20000eb8:	20000f10 	.word	0x20000f10
20000ebc:	20000f10 	.word	0x20000f10
20000ec0:	20000f10 	.word	0x20000f10
20000ec4:	20000f10 	.word	0x20000f10
20000ec8:	20000ee8 	.word	0x20000ee8
20000ecc:	e4940004 	ldr	r0, [r4], #4
20000ed0:	e6ef0070 	uxtb	r0, r0
20000ed4:	eb000037 	bl	20000fb8 <putchar>
20000ed8:	ea00000c 	b	20000f10 <printf+0xd8>
20000edc:	e4940004 	ldr	r0, [r4], #4
20000ee0:	ebffff92 	bl	20000d30 <_puts>
20000ee4:	ea000009 	b	20000f10 <printf+0xd8>
20000ee8:	e4940004 	ldr	r0, [r4], #4
20000eec:	ebffffa4 	bl	20000d84 <putint_hex>
20000ef0:	ea000006 	b	20000f10 <printf+0xd8>
20000ef4:	e4940004 	ldr	r0, [r4], #4
20000ef8:	e1a01005 	mov	r1, r5
20000efc:	ebffffad 	bl	20000db8 <itoa>
20000f00:	e1a00005 	mov	r0, r5
20000f04:	ebffff89 	bl	20000d30 <_puts>
20000f08:	ea000000 	b	20000f10 <printf+0xd8>
20000f0c:	eb000029 	bl	20000fb8 <putchar>
20000f10:	e59d2078 	ldr	r2, [sp, #120]	; 0x78
20000f14:	e1a03002 	mov	r3, r2
20000f18:	e4d30001 	ldrb	r0, [r3], #1
20000f1c:	e58d3078 	str	r3, [sp, #120]	; 0x78
20000f20:	e3500000 	cmp	r0, #0
20000f24:	1affffc9 	bne	20000e50 <printf+0x18>
20000f28:	e28dd06c 	add	sp, sp, #108	; 0x6c
20000f2c:	e8bd4030 	pop	{r4, r5, lr}
20000f30:	e28dd010 	add	sp, sp, #16
20000f34:	e12fff1e 	bx	lr

20000f38 <shell_parse>:
20000f38:	e92d01f0 	push	{r4, r5, r6, r7, r8}
20000f3c:	e5d03000 	ldrb	r3, [r0]
20000f40:	e3530000 	cmp	r3, #0
20000f44:	03a00000 	moveq	r0, #0
20000f48:	0a000018 	beq	20000fb0 <shell_parse+0x78>
20000f4c:	e1a04000 	mov	r4, r0
20000f50:	e1a0c000 	mov	ip, r0
20000f54:	e3a02000 	mov	r2, #0
20000f58:	e1a00002 	mov	r0, r2
20000f5c:	e3a07001 	mov	r7, #1
20000f60:	e1a05002 	mov	r5, r2
20000f64:	e1a06002 	mov	r6, r2
20000f68:	e2228001 	eor	r8, r2, #1
20000f6c:	e3530020 	cmp	r3, #32
20000f70:	03a03000 	moveq	r3, #0
20000f74:	12083001 	andne	r3, r8, #1
20000f78:	e3530000 	cmp	r3, #0
20000f7c:	17814100 	strne	r4, [r1, r0, lsl #2]
20000f80:	12800001 	addne	r0, r0, #1
20000f84:	11a02007 	movne	r2, r7
20000f88:	e4dc3001 	ldrb	r3, [ip], #1
20000f8c:	e3530020 	cmp	r3, #32
20000f90:	13a03000 	movne	r3, #0
20000f94:	02023001 	andeq	r3, r2, #1
20000f98:	e3530000 	cmp	r3, #0
20000f9c:	154c5001 	strbne	r5, [ip, #-1]
20000fa0:	11a02006 	movne	r2, r6
20000fa4:	e5f43001 	ldrb	r3, [r4, #1]!
20000fa8:	e3530000 	cmp	r3, #0
20000fac:	1affffed 	bne	20000f68 <shell_parse+0x30>
20000fb0:	e8bd01f0 	pop	{r4, r5, r6, r7, r8}
20000fb4:	e12fff1e 	bx	lr

20000fb8 <putchar>:
20000fb8:	e92d4010 	push	{r4, lr}
20000fbc:	e1a04000 	mov	r4, r0
20000fc0:	e350000a 	cmp	r0, #10
20000fc4:	1a000002 	bne	20000fd4 <putchar+0x1c>
20000fc8:	e3a0000d 	mov	r0, #13
20000fcc:	eb000051 	bl	20001118 <uart_putchar>
20000fd0:	ea000005 	b	20000fec <putchar+0x34>
20000fd4:	e3500008 	cmp	r0, #8
20000fd8:	1a000003 	bne	20000fec <putchar+0x34>
20000fdc:	e3a00008 	mov	r0, #8
20000fe0:	eb00004c 	bl	20001118 <uart_putchar>
20000fe4:	e3a00020 	mov	r0, #32
20000fe8:	eb00004a 	bl	20001118 <uart_putchar>
20000fec:	e6ef0074 	uxtb	r0, r4
20000ff0:	eb000048 	bl	20001118 <uart_putchar>
20000ff4:	e1a00004 	mov	r0, r4
20000ff8:	e8bd8010 	pop	{r4, pc}

20000ffc <getchar>:
20000ffc:	e92d4008 	push	{r3, lr}
20001000:	eb00003c 	bl	200010f8 <uart_getchar>
20001004:	e350000d 	cmp	r0, #13
20001008:	03a0000a 	moveq	r0, #10
2000100c:	e8bd8008 	pop	{r3, pc}

20001010 <puts>:
20001010:	e92d4010 	push	{r4, lr}
20001014:	e1a04000 	mov	r4, r0
20001018:	e5d00000 	ldrb	r0, [r0]
2000101c:	e3500000 	cmp	r0, #0
20001020:	0a000003 	beq	20001034 <puts+0x24>
20001024:	ebffffe3 	bl	20000fb8 <putchar>
20001028:	e5f40001 	ldrb	r0, [r4, #1]!
2000102c:	e3500000 	cmp	r0, #0
20001030:	1afffffb 	bne	20001024 <puts+0x14>
20001034:	e3a0000a 	mov	r0, #10
20001038:	ebffffde 	bl	20000fb8 <putchar>
2000103c:	e3a00000 	mov	r0, #0
20001040:	e8bd8010 	pop	{r4, pc}

20001044 <gets>:
20001044:	e92d4070 	push	{r4, r5, r6, lr}
20001048:	e1a05000 	mov	r5, r0
2000104c:	e1a04000 	mov	r4, r0
20001050:	e3a06008 	mov	r6, #8
20001054:	ea000009 	b	20001080 <gets+0x3c>
20001058:	e3500008 	cmp	r0, #8
2000105c:	0a000002 	beq	2000106c <gets+0x28>
20001060:	e2844001 	add	r4, r4, #1
20001064:	ebffffd3 	bl	20000fb8 <putchar>
20001068:	ea000004 	b	20001080 <gets+0x3c>
2000106c:	e1540005 	cmp	r4, r5
20001070:	9a000002 	bls	20001080 <gets+0x3c>
20001074:	e2444001 	sub	r4, r4, #1
20001078:	e1a00006 	mov	r0, r6
2000107c:	ebffffcd 	bl	20000fb8 <putchar>
20001080:	ebffffdd 	bl	20000ffc <getchar>
20001084:	e6ef0070 	uxtb	r0, r0
20001088:	e5c40000 	strb	r0, [r4]
2000108c:	e350000a 	cmp	r0, #10
20001090:	1afffff0 	bne	20001058 <gets+0x14>
20001094:	e3a03000 	mov	r3, #0
20001098:	e5c43000 	strb	r3, [r4]
2000109c:	ebffffc5 	bl	20000fb8 <putchar>
200010a0:	e1a00005 	mov	r0, r5
200010a4:	e8bd8070 	pop	{r4, r5, r6, pc}

200010a8 <uart_init>:
200010a8:	e59f303c 	ldr	r3, [pc, #60]	; 200010ec <uart_init+0x44>
200010ac:	e5932000 	ldr	r2, [r3]
200010b0:	e3c220ff 	bic	r2, r2, #255	; 0xff
200010b4:	e5832000 	str	r2, [r3]
200010b8:	e5932000 	ldr	r2, [r3]
200010bc:	e3822022 	orr	r2, r2, #34	; 0x22
200010c0:	e5832000 	str	r2, [r3]
200010c4:	e2833627 	add	r3, r3, #40894464	; 0x2700000
200010c8:	e3a02003 	mov	r2, #3
200010cc:	e5832000 	str	r2, [r3]
200010d0:	e59f2018 	ldr	r2, [pc, #24]	; 200010f0 <uart_init+0x48>
200010d4:	e5832004 	str	r2, [r3, #4]
200010d8:	e3a02023 	mov	r2, #35	; 0x23
200010dc:	e5832028 	str	r2, [r3, #40]	; 0x28
200010e0:	e59f200c 	ldr	r2, [pc, #12]	; 200010f4 <uart_init+0x4c>
200010e4:	e583202c 	str	r2, [r3, #44]	; 0x2c
200010e8:	e12fff1e 	bx	lr
200010ec:	e0200000 	.word	0xe0200000
200010f0:	00000245 	.word	0x00000245
200010f4:	00000808 	.word	0x00000808

200010f8 <uart_getchar>:
200010f8:	e59f2014 	ldr	r2, [pc, #20]	; 20001114 <uart_getchar+0x1c>
200010fc:	e5923010 	ldr	r3, [r2, #16]
20001100:	e3130001 	tst	r3, #1
20001104:	0afffffc 	beq	200010fc <uart_getchar+0x4>
20001108:	e59f3004 	ldr	r3, [pc, #4]	; 20001114 <uart_getchar+0x1c>
2000110c:	e5d30024 	ldrb	r0, [r3, #36]	; 0x24
20001110:	e12fff1e 	bx	lr
20001114:	e2900000 	.word	0xe2900000

20001118 <uart_putchar>:
20001118:	e59f2014 	ldr	r2, [pc, #20]	; 20001134 <uart_putchar+0x1c>
2000111c:	e5923010 	ldr	r3, [r2, #16]
20001120:	e3130004 	tst	r3, #4
20001124:	0afffffc 	beq	2000111c <uart_putchar+0x4>
20001128:	e59f3004 	ldr	r3, [pc, #4]	; 20001134 <uart_putchar+0x1c>
2000112c:	e5c30020 	strb	r0, [r3, #32]
20001130:	e12fff1e 	bx	lr
20001134:	e2900000 	.word	0xe2900000

20001138 <xmodem_recv>:
20001138:	e92d40f8 	push	{r3, r4, r5, r6, r7, lr}
2000113c:	e1a05000 	mov	r5, r0
20001140:	e3a04039 	mov	r4, #57	; 0x39
20001144:	e1a00004 	mov	r0, r4
20001148:	ebfffff2 	bl	20001118 <uart_putchar>
2000114c:	ebfffe2d 	bl	20000a08 <delay>
20001150:	e2444001 	sub	r4, r4, #1
20001154:	e6ef4074 	uxtb	r4, r4
20001158:	e3540030 	cmp	r4, #48	; 0x30
2000115c:	1afffff8 	bne	20001144 <xmodem_recv+0xc>
20001160:	e3a00015 	mov	r0, #21
20001164:	ebffffeb 	bl	20001118 <uart_putchar>
20001168:	e3a06000 	mov	r6, #0
2000116c:	e3a07006 	mov	r7, #6
20001170:	ea00000b 	b	200011a4 <xmodem_recv+0x6c>
20001174:	ebffffdf 	bl	200010f8 <uart_getchar>
20001178:	ebffffde 	bl	200010f8 <uart_getchar>
2000117c:	e1a04006 	mov	r4, r6
20001180:	ebffffdc 	bl	200010f8 <uart_getchar>
20001184:	e7c50004 	strb	r0, [r5, r4]
20001188:	e2844001 	add	r4, r4, #1
2000118c:	e3540080 	cmp	r4, #128	; 0x80
20001190:	1afffffa 	bne	20001180 <xmodem_recv+0x48>
20001194:	e2855080 	add	r5, r5, #128	; 0x80
20001198:	ebffffd6 	bl	200010f8 <uart_getchar>
2000119c:	e1a00007 	mov	r0, r7
200011a0:	ebffffdc 	bl	20001118 <uart_putchar>
200011a4:	ebffffd3 	bl	200010f8 <uart_getchar>
200011a8:	e3500004 	cmp	r0, #4
200011ac:	1afffff0 	bne	20001174 <xmodem_recv+0x3c>
200011b0:	e3a00006 	mov	r0, #6
200011b4:	ebffffd7 	bl	20001118 <uart_putchar>
200011b8:	e8bd80f8 	pop	{r3, r4, r5, r6, r7, pc}

9-sdram-demo.elf:     file format elf32-littlearm

Contents of section .rodata:
 200011bc 726f6f74 3d2f6465 762f6d74 64626c6f  root=/dev/mtdblo
 200011cc 636b3420 636f6e73 6f6c653d 74747953  ck4 console=ttyS
 200011dc 4143302c 31313532 30302069 6e69743d  AC0,115200 init=
 200011ec 2f6c696e 75787263 206c6364 3d483433  /linuxrc lcd=H43
 200011fc 00000000 68656c70 20757361 67653a00  ....help usage:.
 2000120c 6d64202d 206d656d 6f727920 64697370  md - memory disp
 2000121c 616c7900 6d77202d 206d656d 6f727920  aly.mw - memory 
 2000122c 77726974 65000000 6c6f6164 62202d20  write...loadb - 
 2000123c 6c6f6164 202e6269 6e206669 6c652066  load .bin file f
 2000124c 726f6d20 75617274 00000000 676f202d  rom uart....go -
 2000125c 20676f20 746f2061 64647265 73730000   go to address..
 2000126c 6c6f6164 78202d20 6c6f6164 202e6269  loadx - load .bi
 2000127c 6e206669 6c652075 73696e67 20786d6f  n file using xmo
 2000128c 64656d00 6e616e64 202d206e 616e6420  dem.nand - nand 
 2000129c 72656164 2f777269 74650000 626f6f74  read/write..boot
 200012ac 6d202d20 626f6f74 206c696e 7578206b  m - boot linux k
 200012bc 65726e65 6c000000 25783a20 00000000  ernel...%x: ....
 200012cc 25782000 6c6f6164 2062696e 2066696c  %x .load bin fil
 200012dc 6520746f 20616464 72657373 20307825  e to address 0x%
 200012ec 780a0000 6c6f6164 2066696e 69736865  x...load finishe
 200012fc 64212000 6c6f6164 2062696e 2066696c  d! .load bin fil
 2000130c 65206279 20786d6f 64656d20 746f2061  e by xmodem to a
 2000131c 64647265 73732030 7825780a 00000000  ddress 0x%x.....
 2000132c 6c6f6164 78206669 6e697368 65642120  loadx finished! 
 2000133c 00000000 676f2074 6f206164 64726573  ....go to addres
 2000134c 73203078 25780a00 73647261 6d203078  s 0x%x..sdram 0x
 2000135c 25782c20 6e616e64 20307825 782c2073  %x, nand 0x%x, s
 2000136c 697a6520 30782578 0a000000 72656164  ize 0x%x....read
 2000137c 00000000 6e616e64 20257320 66696e69  ....nand %s fini
 2000138c 73686564 210a0000 6c6f6164 696e6720  shed!...loading 
 2000139c 6c696e75 78206672 6f6d204e 616e6446  linux from NandF
 200013ac 6c617368 20344d20 746f2053 4452414d  lash 4M to SDRAM
 200013bc 20307825 782e2e2e 0a000000 6c756d69   0x%x.......lumi
 200013cc 7420626f 6f74206c 696e7578 206e6f77  t boot linux now
 200013dc 2e2e2e00 636f6d6d 616e6420 646f203c  ....command do <
 200013ec 25733e20 0a000000 68656c70 00000000  %s> ....help....
 200013fc 6d640000 6d770000 6c6f6164 62000000  md..mw..loadb...
 2000140c 676f0000 6c6f6164 78000000 6e616e64  go..loadx...nand
 2000141c 00000000 626f6f74 6d000000 0a0a4d61  ....bootm.....Ma
 2000142c 79203234 20323031 32202030 323a3232  y 24 2012  02:22
 2000143c 3a323600 77656c63 6f6d6520 746f206d  :26.welcome to m
 2000144c 7920626f 6f742076 312e3020 0a000000  y boot v1.0 ....
 2000145c 4c554d49 54202420 00000000 796f7572  LUMIT $ ....your
 2000146c 20696e70 75743a20 3c25733e 0a000000   input: <%s>....
 2000147c 25643a20 3c25733e 0a000000 30313233  %d: <%s>....0123
 2000148c 34353637 38394142 43444546 00000000  456789ABCDEF....

Disassembly of section .rodata:

200011bc <cmd>:
200011bc:	72 6f 6f 74 3d 2f 64 65 76 2f 6d 74 64 62 6c 6f     root=/dev/mtdblo
200011cc:	63 6b 34 20 63 6f 6e 73 6f 6c 65 3d 74 74 79 53     ck4 console=ttyS
200011dc:	41 43 30 2c 31 31 35 32 30 30 20 69 6e 69 74 3d     AC0,115200 init=
200011ec:	2f 6c 69 6e 75 78 72 63 20 6c 63 64 3d 48 34 33     /linuxrc lcd=H43
200011fc:	00 00 00 00 68 65 6c 70 20 75 73 61 67 65 3a 00     ....help usage:.
2000120c:	6d 64 20 2d 20 6d 65 6d 6f 72 79 20 64 69 73 70     md - memory disp
2000121c:	61 6c 79 00 6d 77 20 2d 20 6d 65 6d 6f 72 79 20     aly.mw - memory 
2000122c:	77 72 69 74 65 00 00 00 6c 6f 61 64 62 20 2d 20     write...loadb - 
2000123c:	6c 6f 61 64 20 2e 62 69 6e 20 66 69 6c 65 20 66     load .bin file f
2000124c:	72 6f 6d 20 75 61 72 74 00 00 00 00 67 6f 20 2d     rom uart....go -
2000125c:	20 67 6f 20 74 6f 20 61 64 64 72 65 73 73 00 00      go to address..
2000126c:	6c 6f 61 64 78 20 2d 20 6c 6f 61 64 20 2e 62 69     loadx - load .bi
2000127c:	6e 20 66 69 6c 65 20 75 73 69 6e 67 20 78 6d 6f     n file using xmo
2000128c:	64 65 6d 00 6e 61 6e 64 20 2d 20 6e 61 6e 64 20     dem.nand - nand 
2000129c:	72 65 61 64 2f 77 72 69 74 65 00 00 62 6f 6f 74     read/write..boot
200012ac:	6d 20 2d 20 62 6f 6f 74 20 6c 69 6e 75 78 20 6b     m - boot linux k
200012bc:	65 72 6e 65 6c 00 00 00 25 78 3a 20 00 00 00 00     ernel...%x: ....
200012cc:	25 78 20 00 6c 6f 61 64 20 62 69 6e 20 66 69 6c     %x .load bin fil
200012dc:	65 20 74 6f 20 61 64 64 72 65 73 73 20 30 78 25     e to address 0x%
200012ec:	78 0a 00 00 6c 6f 61 64 20 66 69 6e 69 73 68 65     x...load finishe
200012fc:	64 21 20 00 6c 6f 61 64 20 62 69 6e 20 66 69 6c     d! .load bin fil
2000130c:	65 20 62 79 20 78 6d 6f 64 65 6d 20 74 6f 20 61     e by xmodem to a
2000131c:	64 64 72 65 73 73 20 30 78 25 78 0a 00 00 00 00     ddress 0x%x.....
2000132c:	6c 6f 61 64 78 20 66 69 6e 69 73 68 65 64 21 20     loadx finished! 
2000133c:	00 00 00 00 67 6f 20 74 6f 20 61 64 64 72 65 73     ....go to addres
2000134c:	73 20 30 78 25 78 0a 00 73 64 72 61 6d 20 30 78     s 0x%x..sdram 0x
2000135c:	25 78 2c 20 6e 61 6e 64 20 30 78 25 78 2c 20 73     %x, nand 0x%x, s
2000136c:	69 7a 65 20 30 78 25 78 0a 00 00 00 72 65 61 64     ize 0x%x....read
2000137c:	00 00 00 00 6e 61 6e 64 20 25 73 20 66 69 6e 69     ....nand %s fini
2000138c:	73 68 65 64 21 0a 00 00 6c 6f 61 64 69 6e 67 20     shed!...loading 
2000139c:	6c 69 6e 75 78 20 66 72 6f 6d 20 4e 61 6e 64 46     linux from NandF
200013ac:	6c 61 73 68 20 34 4d 20 74 6f 20 53 44 52 41 4d     lash 4M to SDRAM
200013bc:	20 30 78 25 78 2e 2e 2e 0a 00 00 00 6c 75 6d 69      0x%x.......lumi
200013cc:	74 20 62 6f 6f 74 20 6c 69 6e 75 78 20 6e 6f 77     t boot linux now
200013dc:	2e 2e 2e 00 63 6f 6d 6d 61 6e 64 20 64 6f 20 3c     ....command do <
200013ec:	25 73 3e 20 0a 00 00 00 68 65 6c 70 00 00 00 00     %s> ....help....
200013fc:	6d 64 00 00 6d 77 00 00 6c 6f 61 64 62 00 00 00     md..mw..loadb...
2000140c:	67 6f 00 00 6c 6f 61 64 78 00 00 00 6e 61 6e 64     go..loadx...nand
2000141c:	00 00 00 00 62 6f 6f 74 6d 00 00 00 0a 0a 4d 61     ....bootm.....Ma
2000142c:	79 20 32 34 20 32 30 31 32 20 20 30 32 3a 32 32     y 24 2012  02:22
2000143c:	3a 32 36 00 77 65 6c 63 6f 6d 65 20 74 6f 20 6d     :26.welcome to m
2000144c:	79 20 62 6f 6f 74 20 76 31 2e 30 20 0a 00 00 00     y boot v1.0 ....
2000145c:	4c 55 4d 49 54 20 24 20 00 00 00 00 79 6f 75 72     LUMIT $ ....your
2000146c:	20 69 6e 70 75 74 3a 20 3c 25 73 3e 0a 00 00 00      input: <%s>....
2000147c:	25 64 3a 20 3c 25 73 3e 0a 00 00 00 30 31 32 33     %d: <%s>....0123
2000148c:	34 35 36 37 38 39 41 42 43 44 45 46 00 00 00 00     456789ABCDEF....
