
led.elf:     file format elf32-littlearm


Disassembly of section .text:

00008094 <_start>:
    8094:	e59fd000 	ldr	sp, [pc, #0]	; 809c <_start+0x8>
    8098:	ea000013 	b	80ec <mymain>
    809c:	d0038000 	.word	0xd0038000

000080a0 <delay>:
    80a0:	e52db004 	push	{fp}		; (str fp, [sp, #-4]!)
    80a4:	e28db000 	add	fp, sp, #0
    80a8:	e24dd00c 	sub	sp, sp, #12
    80ac:	e3a03000 	mov	r3, #0
    80b0:	e50b3008 	str	r3, [fp, #-8]
    80b4:	e3a03000 	mov	r3, #0
    80b8:	e50b3008 	str	r3, [fp, #-8]
    80bc:	ea000002 	b	80cc <delay+0x2c>
    80c0:	e51b3008 	ldr	r3, [fp, #-8]
    80c4:	e2833001 	add	r3, r3, #1
    80c8:	e50b3008 	str	r3, [fp, #-8]
    80cc:	e51b2008 	ldr	r2, [fp, #-8]
    80d0:	e59f3010 	ldr	r3, [pc, #16]	; 80e8 <delay+0x48>
    80d4:	e1520003 	cmp	r2, r3
    80d8:	dafffff8 	ble	80c0 <delay+0x20>
    80dc:	e28bd000 	add	sp, fp, #0
    80e0:	e8bd0800 	pop	{fp}
    80e4:	e12fff1e 	bx	lr
    80e8:	0001869f 	.word	0x0001869f

000080ec <mymain>:
    80ec:	e52db004 	push	{fp}		; (str fp, [sp, #-4]!)
    80f0:	e28db000 	add	fp, sp, #0
    80f4:	e59f3050 	ldr	r3, [pc, #80]	; 814c <mymain+0x60>
    80f8:	e59f2050 	ldr	r2, [pc, #80]	; 8150 <mymain+0x64>
    80fc:	e5832000 	str	r2, [r3]
    8100:	e59f304c 	ldr	r3, [pc, #76]	; 8154 <mymain+0x68>
    8104:	e3a02000 	mov	r2, #0
    8108:	e5832000 	str	r2, [r3]
    810c:	e59f3044 	ldr	r3, [pc, #68]	; 8158 <mymain+0x6c>
    8110:	e3a02000 	mov	r2, #0
    8114:	e5832000 	str	r2, [r3]
    8118:	e59f303c 	ldr	r3, [pc, #60]	; 815c <mymain+0x70>
    811c:	e5933000 	ldr	r3, [r3]
    8120:	e2033001 	and	r3, r3, #1
    8124:	e3530000 	cmp	r3, #0
    8128:	1a000003 	bne	813c <mymain+0x50>
    812c:	e59f3020 	ldr	r3, [pc, #32]	; 8154 <mymain+0x68>
    8130:	e3a02000 	mov	r2, #0
    8134:	e5832000 	str	r2, [r3]
    8138:	eafffff6 	b	8118 <mymain+0x2c>
    813c:	e59f3010 	ldr	r3, [pc, #16]	; 8154 <mymain+0x68>
    8140:	e3a02001 	mov	r2, #1
    8144:	e5832000 	str	r2, [r3]
    8148:	eafffff2 	b	8118 <mymain+0x2c>
    814c:	e0200280 	.word	0xe0200280
    8150:	00001111 	.word	0x00001111
    8154:	e0200284 	.word	0xe0200284
    8158:	e0200c40 	.word	0xe0200c40
    815c:	e0200c44 	.word	0xe0200c44
